[2025-08-03T11:53:47.175+0000] {manager.py:487} INFO - Processing files using up to 2 processes at a time 
[2025-08-03T11:53:47.176+0000] {manager.py:488} INFO - Process each file at most once every 30 seconds
[2025-08-03T11:53:47.176+0000] {manager.py:489} INFO - Checking for new files in /opt/airflow/dags every 300 seconds
[2025-08-03T11:53:47.176+0000] {manager.py:759} INFO - Searching for files in /opt/airflow/dags
[2025-08-03T11:53:47.187+0000] {manager.py:762} INFO - There are 2 files in /opt/airflow/dags
[2025-08-03T11:53:47.243+0000] {manager.py:893} INFO - 
================================================================================
DAG File Processing Stats

File Path                                  PID  Runtime      # DAGs    # Errors  Last Runtime    Last Run
---------------------------------------  -----  ---------  --------  ----------  --------------  ----------
/opt/airflow/dags/initial_load_dag.py       30  0.02s             0           0
/opt/airflow/dags/cdc_processing_dag.py     29  0.03s             0           0
================================================================================
[2025-08-03T11:54:17.890+0000] {manager.py:893} INFO - 
================================================================================
DAG File Processing Stats

File Path                                PID    Runtime      # DAGs    # Errors  Last Runtime    Last Run
---------------------------------------  -----  ---------  --------  ----------  --------------  -------------------
/opt/airflow/dags/initial_load_dag.py                             1           0  1.42s           2025-08-03T11:53:48
/opt/airflow/dags/cdc_processing_dag.py                           1           0  1.43s           2025-08-03T11:53:48
================================================================================
[2025-08-03T11:54:48.517+0000] {manager.py:893} INFO - 
================================================================================
DAG File Processing Stats

File Path                                PID    Runtime      # DAGs    # Errors  Last Runtime    Last Run
---------------------------------------  -----  ---------  --------  ----------  --------------  -------------------
/opt/airflow/dags/initial_load_dag.py                             1           0  0.35s           2025-08-03T11:54:19
/opt/airflow/dags/cdc_processing_dag.py                           1           0  0.42s           2025-08-03T11:54:19
================================================================================
[2025-08-03T11:55:19.121+0000] {manager.py:893} INFO - 
================================================================================
DAG File Processing Stats

File Path                                PID    Runtime      # DAGs    # Errors  Last Runtime    Last Run
---------------------------------------  -----  ---------  --------  ----------  --------------  -------------------
/opt/airflow/dags/initial_load_dag.py                             1           0  0.35s           2025-08-03T11:54:49
/opt/airflow/dags/cdc_processing_dag.py                           1           0  0.41s           2025-08-03T11:54:49
================================================================================
[2025-08-03T11:55:49.745+0000] {manager.py:893} INFO - 
================================================================================
DAG File Processing Stats

File Path                                PID    Runtime      # DAGs    # Errors  Last Runtime    Last Run
---------------------------------------  -----  ---------  --------  ----------  --------------  -------------------
/opt/airflow/dags/initial_load_dag.py                             1           0  0.32s           2025-08-03T11:55:20
/opt/airflow/dags/cdc_processing_dag.py                           1           0  0.40s           2025-08-03T11:55:20
================================================================================
[2025-08-03T11:56:20.346+0000] {manager.py:893} INFO - 
================================================================================
DAG File Processing Stats

File Path                                PID    Runtime      # DAGs    # Errors  Last Runtime    Last Run
---------------------------------------  -----  ---------  --------  ----------  --------------  -------------------
/opt/airflow/dags/initial_load_dag.py                             1           0  0.24s           2025-08-03T11:55:51
/opt/airflow/dags/cdc_processing_dag.py                           1           0  0.31s           2025-08-03T11:55:51
================================================================================
[2025-08-03T11:56:50.878+0000] {manager.py:893} INFO - 
================================================================================
DAG File Processing Stats

File Path                                PID    Runtime      # DAGs    # Errors  Last Runtime    Last Run
---------------------------------------  -----  ---------  --------  ----------  --------------  -------------------
/opt/airflow/dags/initial_load_dag.py                             1           0  0.24s           2025-08-03T11:56:21
/opt/airflow/dags/cdc_processing_dag.py                           1           0  0.31s           2025-08-03T11:56:21
================================================================================
[2025-08-03T11:57:21.415+0000] {manager.py:893} INFO - 
================================================================================
DAG File Processing Stats

File Path                                PID    Runtime      # DAGs    # Errors  Last Runtime    Last Run
---------------------------------------  -----  ---------  --------  ----------  --------------  -------------------
/opt/airflow/dags/initial_load_dag.py                             1           0  0.23s           2025-08-03T11:56:52
/opt/airflow/dags/cdc_processing_dag.py                           1           0  0.39s           2025-08-03T11:56:52
================================================================================
[2025-08-03T11:57:51.968+0000] {manager.py:893} INFO - 
================================================================================
DAG File Processing Stats

File Path                                PID    Runtime      # DAGs    # Errors  Last Runtime    Last Run
---------------------------------------  -----  ---------  --------  ----------  --------------  -------------------
/opt/airflow/dags/initial_load_dag.py                             1           0  0.24s           2025-08-03T11:57:22
/opt/airflow/dags/cdc_processing_dag.py                           1           0  0.31s           2025-08-03T11:57:22
================================================================================
[2025-08-03T11:58:22.660+0000] {manager.py:893} INFO - 
================================================================================
DAG File Processing Stats

File Path                                PID    Runtime      # DAGs    # Errors  Last Runtime    Last Run
---------------------------------------  -----  ---------  --------  ----------  --------------  -------------------
/opt/airflow/dags/initial_load_dag.py                             1           0  0.36s           2025-08-03T11:57:53
/opt/airflow/dags/cdc_processing_dag.py                           1           0  0.56s           2025-08-03T11:57:53
================================================================================
[2025-08-03T11:58:47.221+0000] {manager.py:759} INFO - Searching for files in /opt/airflow/dags
[2025-08-03T11:58:47.233+0000] {manager.py:762} INFO - There are 2 files in /opt/airflow/dags
[2025-08-03T11:58:53.217+0000] {manager.py:893} INFO - 
================================================================================
DAG File Processing Stats

File Path                                PID    Runtime      # DAGs    # Errors  Last Runtime    Last Run
---------------------------------------  -----  ---------  --------  ----------  --------------  -------------------
/opt/airflow/dags/initial_load_dag.py                             1           0  0.25s           2025-08-03T11:58:23
/opt/airflow/dags/cdc_processing_dag.py                           1           0  0.33s           2025-08-03T11:58:24
================================================================================
[2025-08-03T11:59:23.798+0000] {manager.py:893} INFO - 
================================================================================
DAG File Processing Stats

File Path                                PID    Runtime      # DAGs    # Errors  Last Runtime    Last Run
---------------------------------------  -----  ---------  --------  ----------  --------------  -------------------
/opt/airflow/dags/initial_load_dag.py                             1           0  0.25s           2025-08-03T11:58:54
/opt/airflow/dags/cdc_processing_dag.py                           1           0  0.32s           2025-08-03T11:58:54
================================================================================
[2025-08-03T11:59:54.260+0000] {manager.py:893} INFO - 
================================================================================
DAG File Processing Stats

File Path                                PID    Runtime      # DAGs    # Errors  Last Runtime    Last Run
---------------------------------------  -----  ---------  --------  ----------  --------------  -------------------
/opt/airflow/dags/initial_load_dag.py                             1           0  0.25s           2025-08-03T11:59:25
/opt/airflow/dags/cdc_processing_dag.py                           1           0  0.31s           2025-08-03T11:59:25
================================================================================
[2025-08-03T12:00:24.821+0000] {manager.py:893} INFO - 
================================================================================
DAG File Processing Stats

File Path                                PID    Runtime      # DAGs    # Errors  Last Runtime    Last Run
---------------------------------------  -----  ---------  --------  ----------  --------------  -------------------
/opt/airflow/dags/initial_load_dag.py                             1           0  0.24s           2025-08-03T11:59:55
/opt/airflow/dags/cdc_processing_dag.py                           1           0  0.31s           2025-08-03T11:59:55
================================================================================
[2025-08-03T12:00:55.360+0000] {manager.py:893} INFO - 
================================================================================
DAG File Processing Stats

File Path                                PID    Runtime      # DAGs    # Errors  Last Runtime    Last Run
---------------------------------------  -----  ---------  --------  ----------  --------------  -------------------
/opt/airflow/dags/initial_load_dag.py                             1           0  0.25s           2025-08-03T12:00:26
/opt/airflow/dags/cdc_processing_dag.py                           1           0  0.31s           2025-08-03T12:00:26
================================================================================
[2025-08-03T12:01:25.923+0000] {manager.py:893} INFO - 
================================================================================
DAG File Processing Stats

File Path                                PID    Runtime      # DAGs    # Errors  Last Runtime    Last Run
---------------------------------------  -----  ---------  --------  ----------  --------------  -------------------
/opt/airflow/dags/initial_load_dag.py                             1           0  0.24s           2025-08-03T12:00:56
/opt/airflow/dags/cdc_processing_dag.py                           1           0  0.32s           2025-08-03T12:00:56
================================================================================
[2025-08-03T12:01:56.488+0000] {manager.py:893} INFO - 
================================================================================
DAG File Processing Stats

File Path                                PID    Runtime      # DAGs    # Errors  Last Runtime    Last Run
---------------------------------------  -----  ---------  --------  ----------  --------------  -------------------
/opt/airflow/dags/initial_load_dag.py                             1           0  0.24s           2025-08-03T12:01:27
/opt/airflow/dags/cdc_processing_dag.py                           1           0  0.39s           2025-08-03T12:01:27
================================================================================
[2025-08-03T12:02:27.061+0000] {manager.py:893} INFO - 
================================================================================
DAG File Processing Stats

File Path                                PID    Runtime      # DAGs    # Errors  Last Runtime    Last Run
---------------------------------------  -----  ---------  --------  ----------  --------------  -------------------
/opt/airflow/dags/initial_load_dag.py                             1           0  0.24s           2025-08-03T12:01:57
/opt/airflow/dags/cdc_processing_dag.py                           1           0  0.32s           2025-08-03T12:01:57
================================================================================
[2025-08-03T12:02:57.580+0000] {manager.py:893} INFO - 
================================================================================
DAG File Processing Stats

File Path                                PID    Runtime      # DAGs    # Errors  Last Runtime    Last Run
---------------------------------------  -----  ---------  --------  ----------  --------------  -------------------
/opt/airflow/dags/initial_load_dag.py                             1           0  0.25s           2025-08-03T12:02:28
/opt/airflow/dags/cdc_processing_dag.py                           1           0  0.41s           2025-08-03T12:02:28
================================================================================
[2025-08-03T12:03:28.084+0000] {manager.py:893} INFO - 
================================================================================
DAG File Processing Stats

File Path                                PID    Runtime      # DAGs    # Errors  Last Runtime    Last Run
---------------------------------------  -----  ---------  --------  ----------  --------------  -------------------
/opt/airflow/dags/initial_load_dag.py                             1           0  0.25s           2025-08-03T12:02:58
/opt/airflow/dags/cdc_processing_dag.py                           1           0  0.30s           2025-08-03T12:02:58
================================================================================
[2025-08-03T12:03:47.507+0000] {manager.py:759} INFO - Searching for files in /opt/airflow/dags
[2025-08-03T12:03:47.517+0000] {manager.py:762} INFO - There are 2 files in /opt/airflow/dags
[2025-08-03T12:03:58.613+0000] {manager.py:893} INFO - 
================================================================================
DAG File Processing Stats

File Path                                PID    Runtime      # DAGs    # Errors  Last Runtime    Last Run
---------------------------------------  -----  ---------  --------  ----------  --------------  -------------------
/opt/airflow/dags/initial_load_dag.py                             1           0  0.25s           2025-08-03T12:03:29
/opt/airflow/dags/cdc_processing_dag.py                           1           0  0.42s           2025-08-03T12:03:29
================================================================================
[2025-08-03T12:04:29.200+0000] {manager.py:893} INFO - 
================================================================================
DAG File Processing Stats

File Path                                PID    Runtime      # DAGs    # Errors  Last Runtime    Last Run
---------------------------------------  -----  ---------  --------  ----------  --------------  -------------------
/opt/airflow/dags/initial_load_dag.py                             1           0  0.24s           2025-08-03T12:03:59
/opt/airflow/dags/cdc_processing_dag.py                           1           0  0.31s           2025-08-03T12:03:59
================================================================================
[2025-08-03T12:04:59.778+0000] {manager.py:893} INFO - 
================================================================================
DAG File Processing Stats

File Path                                PID    Runtime      # DAGs    # Errors  Last Runtime    Last Run
---------------------------------------  -----  ---------  --------  ----------  --------------  -------------------
/opt/airflow/dags/initial_load_dag.py                             1           0  0.25s           2025-08-03T12:04:30
/opt/airflow/dags/cdc_processing_dag.py                           1           0  0.41s           2025-08-03T12:04:30
================================================================================
[2025-08-03T12:05:30.314+0000] {manager.py:893} INFO - 
================================================================================
DAG File Processing Stats

File Path                                PID    Runtime      # DAGs    # Errors  Last Runtime    Last Run
---------------------------------------  -----  ---------  --------  ----------  --------------  -------------------
/opt/airflow/dags/initial_load_dag.py                             1           0  0.25s           2025-08-03T12:05:01
/opt/airflow/dags/cdc_processing_dag.py                           1           0  0.32s           2025-08-03T12:05:01
================================================================================
[2025-08-03T12:06:00.827+0000] {manager.py:893} INFO - 
================================================================================
DAG File Processing Stats

File Path                                PID    Runtime      # DAGs    # Errors  Last Runtime    Last Run
---------------------------------------  -----  ---------  --------  ----------  --------------  -------------------
/opt/airflow/dags/initial_load_dag.py                             1           0  0.23s           2025-08-03T12:05:31
/opt/airflow/dags/cdc_processing_dag.py                           1           0  0.38s           2025-08-03T12:05:31
================================================================================
[2025-08-03T12:06:31.376+0000] {manager.py:893} INFO - 
================================================================================
DAG File Processing Stats

File Path                                PID    Runtime      # DAGs    # Errors  Last Runtime    Last Run
---------------------------------------  -----  ---------  --------  ----------  --------------  -------------------
/opt/airflow/dags/initial_load_dag.py                             1           0  0.24s           2025-08-03T12:06:02
/opt/airflow/dags/cdc_processing_dag.py                           1           0  0.32s           2025-08-03T12:06:02
================================================================================
[2025-08-03T12:07:01.883+0000] {manager.py:893} INFO - 
================================================================================
DAG File Processing Stats

File Path                                PID    Runtime      # DAGs    # Errors  Last Runtime    Last Run
---------------------------------------  -----  ---------  --------  ----------  --------------  -------------------
/opt/airflow/dags/initial_load_dag.py                             1           0  0.25s           2025-08-03T12:06:32
/opt/airflow/dags/cdc_processing_dag.py                           1           0  0.39s           2025-08-03T12:06:32
================================================================================
[2025-08-03T12:07:32.434+0000] {manager.py:893} INFO - 
================================================================================
DAG File Processing Stats

File Path                                PID    Runtime      # DAGs    # Errors  Last Runtime    Last Run
---------------------------------------  -----  ---------  --------  ----------  --------------  -------------------
/opt/airflow/dags/initial_load_dag.py                             1           0  0.24s           2025-08-03T12:07:03
/opt/airflow/dags/cdc_processing_dag.py                           1           0  0.31s           2025-08-03T12:07:03
================================================================================
[2025-08-03T12:08:02.967+0000] {manager.py:893} INFO - 
================================================================================
DAG File Processing Stats

File Path                                PID    Runtime      # DAGs    # Errors  Last Runtime    Last Run
---------------------------------------  -----  ---------  --------  ----------  --------------  -------------------
/opt/airflow/dags/initial_load_dag.py                             1           0  0.25s           2025-08-03T12:07:33
/opt/airflow/dags/cdc_processing_dag.py                           1           0  0.40s           2025-08-03T12:07:33
================================================================================
[2025-08-03T12:08:33.598+0000] {manager.py:893} INFO - 
================================================================================
DAG File Processing Stats

File Path                                PID    Runtime      # DAGs    # Errors  Last Runtime    Last Run
---------------------------------------  -----  ---------  --------  ----------  --------------  -------------------
/opt/airflow/dags/initial_load_dag.py                             1           0  0.35s           2025-08-03T12:08:04
/opt/airflow/dags/cdc_processing_dag.py                           1           0  0.42s           2025-08-03T12:08:04
================================================================================
[2025-08-03T12:08:47.984+0000] {manager.py:759} INFO - Searching for files in /opt/airflow/dags
[2025-08-03T12:08:48.002+0000] {manager.py:762} INFO - There are 2 files in /opt/airflow/dags
[2025-08-03T12:09:04.179+0000] {manager.py:893} INFO - 
================================================================================
DAG File Processing Stats

File Path                                PID    Runtime      # DAGs    # Errors  Last Runtime    Last Run
---------------------------------------  -----  ---------  --------  ----------  --------------  -------------------
/opt/airflow/dags/initial_load_dag.py                             1           0  0.25s           2025-08-03T12:08:34
/opt/airflow/dags/cdc_processing_dag.py                           1           0  0.39s           2025-08-03T12:08:34
================================================================================
[2025-08-03T12:09:34.758+0000] {manager.py:893} INFO - 
================================================================================
DAG File Processing Stats

File Path                                PID    Runtime      # DAGs    # Errors  Last Runtime    Last Run
---------------------------------------  -----  ---------  --------  ----------  --------------  -------------------
/opt/airflow/dags/initial_load_dag.py                             1           0  0.24s           2025-08-03T12:09:05
/opt/airflow/dags/cdc_processing_dag.py                           1           0  0.31s           2025-08-03T12:09:05
================================================================================
[2025-08-03T12:10:05.327+0000] {manager.py:893} INFO - 
================================================================================
DAG File Processing Stats

File Path                                PID    Runtime      # DAGs    # Errors  Last Runtime    Last Run
---------------------------------------  -----  ---------  --------  ----------  --------------  -------------------
/opt/airflow/dags/initial_load_dag.py                             1           0  0.25s           2025-08-03T12:09:36
/opt/airflow/dags/cdc_processing_dag.py                           1           0  0.40s           2025-08-03T12:09:36
================================================================================
[2025-08-03T12:10:35.833+0000] {manager.py:893} INFO - 
================================================================================
DAG File Processing Stats

File Path                                PID    Runtime      # DAGs    # Errors  Last Runtime    Last Run
---------------------------------------  -----  ---------  --------  ----------  --------------  -------------------
/opt/airflow/dags/initial_load_dag.py                             1           0  0.25s           2025-08-03T12:10:06
/opt/airflow/dags/cdc_processing_dag.py                           1           0  0.31s           2025-08-03T12:10:06
================================================================================
[2025-08-03T12:11:06.354+0000] {manager.py:893} INFO - 
================================================================================
DAG File Processing Stats

File Path                                PID    Runtime      # DAGs    # Errors  Last Runtime    Last Run
---------------------------------------  -----  ---------  --------  ----------  --------------  -------------------
/opt/airflow/dags/initial_load_dag.py                             1           0  0.24s           2025-08-03T12:10:37
/opt/airflow/dags/cdc_processing_dag.py                           1           0  0.43s           2025-08-03T12:10:37
================================================================================
[2025-08-03T12:11:36.891+0000] {manager.py:893} INFO - 
================================================================================
DAG File Processing Stats

File Path                                PID    Runtime      # DAGs    # Errors  Last Runtime    Last Run
---------------------------------------  -----  ---------  --------  ----------  --------------  -------------------
/opt/airflow/dags/initial_load_dag.py                             1           0  0.24s           2025-08-03T12:11:07
/opt/airflow/dags/cdc_processing_dag.py                           1           0  0.31s           2025-08-03T12:11:07
================================================================================
[2025-08-03T12:12:07.385+0000] {manager.py:893} INFO - 
================================================================================
DAG File Processing Stats

File Path                                PID    Runtime      # DAGs    # Errors  Last Runtime    Last Run
---------------------------------------  -----  ---------  --------  ----------  --------------  -------------------
/opt/airflow/dags/initial_load_dag.py                             1           0  0.24s           2025-08-03T12:11:38
/opt/airflow/dags/cdc_processing_dag.py                           1           0  0.39s           2025-08-03T12:11:38
================================================================================
[2025-08-03T12:12:37.863+0000] {manager.py:893} INFO - 
================================================================================
DAG File Processing Stats

File Path                                PID    Runtime      # DAGs    # Errors  Last Runtime    Last Run
---------------------------------------  -----  ---------  --------  ----------  --------------  -------------------
/opt/airflow/dags/initial_load_dag.py                             1           0  0.22s           2025-08-03T12:12:08
/opt/airflow/dags/cdc_processing_dag.py                           1           0  0.29s           2025-08-03T12:12:08
================================================================================
[2025-08-03T12:13:08.433+0000] {manager.py:893} INFO - 
================================================================================
DAG File Processing Stats

File Path                                PID    Runtime      # DAGs    # Errors  Last Runtime    Last Run
---------------------------------------  -----  ---------  --------  ----------  --------------  -------------------
/opt/airflow/dags/initial_load_dag.py                             1           0  0.24s           2025-08-03T12:12:39
/opt/airflow/dags/cdc_processing_dag.py                           1           0  0.39s           2025-08-03T12:12:39
================================================================================
[2025-08-03T12:13:39.020+0000] {manager.py:893} INFO - 
================================================================================
DAG File Processing Stats

File Path                                PID    Runtime      # DAGs    # Errors  Last Runtime    Last Run
---------------------------------------  -----  ---------  --------  ----------  --------------  -------------------
/opt/airflow/dags/initial_load_dag.py                             1           0  0.24s           2025-08-03T12:13:09
/opt/airflow/dags/cdc_processing_dag.py                           1           0  0.32s           2025-08-03T12:13:09
================================================================================
[2025-08-03T12:13:48.381+0000] {manager.py:759} INFO - Searching for files in /opt/airflow/dags
[2025-08-03T12:13:48.400+0000] {manager.py:762} INFO - There are 2 files in /opt/airflow/dags
[2025-08-03T12:14:09.582+0000] {manager.py:893} INFO - 
================================================================================
DAG File Processing Stats

File Path                                PID    Runtime      # DAGs    # Errors  Last Runtime    Last Run
---------------------------------------  -----  ---------  --------  ----------  --------------  -------------------
/opt/airflow/dags/initial_load_dag.py                             1           0  0.27s           2025-08-03T12:13:40
/opt/airflow/dags/cdc_processing_dag.py                           1           0  0.42s           2025-08-03T12:13:40
================================================================================
[2025-08-03T12:14:40.122+0000] {manager.py:893} INFO - 
================================================================================
DAG File Processing Stats

File Path                                PID    Runtime      # DAGs    # Errors  Last Runtime    Last Run
---------------------------------------  -----  ---------  --------  ----------  --------------  -------------------
/opt/airflow/dags/initial_load_dag.py                             1           0  0.24s           2025-08-03T12:14:10
/opt/airflow/dags/cdc_processing_dag.py                           1           0  0.31s           2025-08-03T12:14:10
================================================================================
[2025-08-03T12:15:10.665+0000] {manager.py:893} INFO - 
================================================================================
DAG File Processing Stats

File Path                                PID    Runtime      # DAGs    # Errors  Last Runtime    Last Run
---------------------------------------  -----  ---------  --------  ----------  --------------  -------------------
/opt/airflow/dags/initial_load_dag.py                             1           0  0.25s           2025-08-03T12:14:41
/opt/airflow/dags/cdc_processing_dag.py                           1           0  0.40s           2025-08-03T12:14:41
================================================================================
[2025-08-03T12:15:41.216+0000] {manager.py:893} INFO - 
================================================================================
DAG File Processing Stats

File Path                                PID    Runtime      # DAGs    # Errors  Last Runtime    Last Run
---------------------------------------  -----  ---------  --------  ----------  --------------  -------------------
/opt/airflow/dags/initial_load_dag.py                             1           0  0.25s           2025-08-03T12:15:11
/opt/airflow/dags/cdc_processing_dag.py                           1           0  0.32s           2025-08-03T12:15:12
================================================================================
[2025-08-03T12:16:11.800+0000] {manager.py:893} INFO - 
================================================================================
DAG File Processing Stats

File Path                                PID    Runtime      # DAGs    # Errors  Last Runtime    Last Run
---------------------------------------  -----  ---------  --------  ----------  --------------  -------------------
/opt/airflow/dags/initial_load_dag.py                             1           0  0.24s           2025-08-03T12:15:42
/opt/airflow/dags/cdc_processing_dag.py                           1           0  0.40s           2025-08-03T12:15:42
================================================================================
[2025-08-03T12:16:42.359+0000] {manager.py:893} INFO - 
================================================================================
DAG File Processing Stats

File Path                                PID    Runtime      # DAGs    # Errors  Last Runtime    Last Run
---------------------------------------  -----  ---------  --------  ----------  --------------  -------------------
/opt/airflow/dags/initial_load_dag.py                             1           0  0.25s           2025-08-03T12:16:13
/opt/airflow/dags/cdc_processing_dag.py                           1           0  0.33s           2025-08-03T12:16:13
================================================================================
[2025-08-03T12:17:12.926+0000] {manager.py:893} INFO - 
================================================================================
DAG File Processing Stats

File Path                                PID    Runtime      # DAGs    # Errors  Last Runtime    Last Run
---------------------------------------  -----  ---------  --------  ----------  --------------  -------------------
/opt/airflow/dags/initial_load_dag.py                             1           0  0.24s           2025-08-03T12:16:43
/opt/airflow/dags/cdc_processing_dag.py                           1           0  0.38s           2025-08-03T12:16:43
================================================================================
[2025-08-03T12:17:43.495+0000] {manager.py:893} INFO - 
================================================================================
DAG File Processing Stats

File Path                                PID    Runtime      # DAGs    # Errors  Last Runtime    Last Run
---------------------------------------  -----  ---------  --------  ----------  --------------  -------------------
/opt/airflow/dags/initial_load_dag.py                             1           0  0.25s           2025-08-03T12:17:14
/opt/airflow/dags/cdc_processing_dag.py                           1           0  0.31s           2025-08-03T12:17:14
================================================================================
[2025-08-03T12:18:14.041+0000] {manager.py:893} INFO - 
================================================================================
DAG File Processing Stats

File Path                                PID    Runtime      # DAGs    # Errors  Last Runtime    Last Run
---------------------------------------  -----  ---------  --------  ----------  --------------  -------------------
/opt/airflow/dags/initial_load_dag.py                             1           0  0.24s           2025-08-03T12:17:44
/opt/airflow/dags/cdc_processing_dag.py                           1           0  0.40s           2025-08-03T12:17:44
================================================================================
[2025-08-03T12:18:44.641+0000] {manager.py:893} INFO - 
================================================================================
DAG File Processing Stats

File Path                                PID    Runtime      # DAGs    # Errors  Last Runtime    Last Run
---------------------------------------  -----  ---------  --------  ----------  --------------  -------------------
/opt/airflow/dags/initial_load_dag.py                             1           0  0.29s           2025-08-03T12:18:15
/opt/airflow/dags/cdc_processing_dag.py                           1           0  0.33s           2025-08-03T12:18:15
================================================================================
[2025-08-03T12:18:48.911+0000] {manager.py:759} INFO - Searching for files in /opt/airflow/dags
[2025-08-03T12:18:48.933+0000] {manager.py:762} INFO - There are 2 files in /opt/airflow/dags
[2025-08-03T12:19:15.156+0000] {manager.py:893} INFO - 
================================================================================
DAG File Processing Stats

File Path                                PID    Runtime      # DAGs    # Errors  Last Runtime    Last Run
---------------------------------------  -----  ---------  --------  ----------  --------------  -------------------
/opt/airflow/dags/initial_load_dag.py                             1           0  0.23s           2025-08-03T12:18:45
/opt/airflow/dags/cdc_processing_dag.py                           1           0  0.38s           2025-08-03T12:18:46
================================================================================
[2025-08-03T12:19:45.757+0000] {manager.py:893} INFO - 
================================================================================
DAG File Processing Stats

File Path                                PID    Runtime      # DAGs    # Errors  Last Runtime    Last Run
---------------------------------------  -----  ---------  --------  ----------  --------------  -------------------
/opt/airflow/dags/initial_load_dag.py                             1           0  0.26s           2025-08-03T12:19:16
/opt/airflow/dags/cdc_processing_dag.py                           1           0  0.33s           2025-08-03T12:19:16
================================================================================
[2025-08-03T12:20:16.388+0000] {manager.py:893} INFO - 
================================================================================
DAG File Processing Stats

File Path                                PID    Runtime      # DAGs    # Errors  Last Runtime    Last Run
---------------------------------------  -----  ---------  --------  ----------  --------------  -------------------
/opt/airflow/dags/initial_load_dag.py                             1           0  0.26s           2025-08-03T12:19:47
/opt/airflow/dags/cdc_processing_dag.py                           1           0  0.42s           2025-08-03T12:19:47
================================================================================
[2025-08-03T12:20:46.971+0000] {manager.py:893} INFO - 
================================================================================
DAG File Processing Stats

File Path                                PID    Runtime      # DAGs    # Errors  Last Runtime    Last Run
---------------------------------------  -----  ---------  --------  ----------  --------------  -------------------
/opt/airflow/dags/initial_load_dag.py                             1           0  0.24s           2025-08-03T12:20:17
/opt/airflow/dags/cdc_processing_dag.py                           1           0  0.33s           2025-08-03T12:20:17
================================================================================
[2025-08-03T12:21:17.526+0000] {manager.py:893} INFO - 
================================================================================
DAG File Processing Stats

File Path                                PID    Runtime      # DAGs    # Errors  Last Runtime    Last Run
---------------------------------------  -----  ---------  --------  ----------  --------------  -------------------
/opt/airflow/dags/initial_load_dag.py                             1           0  0.24s           2025-08-03T12:20:48
/opt/airflow/dags/cdc_processing_dag.py                           1           0  0.40s           2025-08-03T12:20:48
================================================================================
[2025-08-03T12:21:48.111+0000] {manager.py:893} INFO - 
================================================================================
DAG File Processing Stats

File Path                                PID    Runtime      # DAGs    # Errors  Last Runtime    Last Run
---------------------------------------  -----  ---------  --------  ----------  --------------  -------------------
/opt/airflow/dags/initial_load_dag.py                             1           0  0.25s           2025-08-03T12:21:18
/opt/airflow/dags/cdc_processing_dag.py                           1           0  0.32s           2025-08-03T12:21:18
================================================================================
[2025-08-03T12:22:18.861+0000] {manager.py:893} INFO - 
================================================================================
DAG File Processing Stats

File Path                                PID    Runtime      # DAGs    # Errors  Last Runtime    Last Run
---------------------------------------  -----  ---------  --------  ----------  --------------  -------------------
/opt/airflow/dags/initial_load_dag.py                             1           0  0.37s           2025-08-03T12:21:49
/opt/airflow/dags/cdc_processing_dag.py                           1           0  0.52s           2025-08-03T12:21:49
================================================================================
[2025-08-03T12:22:49.460+0000] {manager.py:893} INFO - 
================================================================================
DAG File Processing Stats

File Path                                PID    Runtime      # DAGs    # Errors  Last Runtime    Last Run
---------------------------------------  -----  ---------  --------  ----------  --------------  -------------------
/opt/airflow/dags/initial_load_dag.py                             1           0  0.25s           2025-08-03T12:22:20
/opt/airflow/dags/cdc_processing_dag.py                           1           0  0.31s           2025-08-03T12:22:20
================================================================================
[2025-08-03T12:23:20.087+0000] {manager.py:893} INFO - 
================================================================================
DAG File Processing Stats

File Path                                PID    Runtime      # DAGs    # Errors  Last Runtime    Last Run
---------------------------------------  -----  ---------  --------  ----------  --------------  -------------------
/opt/airflow/dags/initial_load_dag.py                             1           0  0.25s           2025-08-03T12:22:50
/opt/airflow/dags/cdc_processing_dag.py                           1           0  0.40s           2025-08-03T12:22:50
================================================================================
[2025-08-03T12:23:49.689+0000] {manager.py:759} INFO - Searching for files in /opt/airflow/dags
[2025-08-03T12:23:49.716+0000] {manager.py:762} INFO - There are 2 files in /opt/airflow/dags
[2025-08-03T12:23:50.751+0000] {manager.py:893} INFO - 
================================================================================
DAG File Processing Stats

File Path                                PID    Runtime      # DAGs    # Errors  Last Runtime    Last Run
---------------------------------------  -----  ---------  --------  ----------  --------------  -------------------
/opt/airflow/dags/initial_load_dag.py                             1           0  0.24s           2025-08-03T12:23:21
/opt/airflow/dags/cdc_processing_dag.py                           1           0  0.31s           2025-08-03T12:23:21
================================================================================
[2025-08-03T12:24:21.344+0000] {manager.py:893} INFO - 
================================================================================
DAG File Processing Stats

File Path                                PID    Runtime      # DAGs    # Errors  Last Runtime    Last Run
---------------------------------------  -----  ---------  --------  ----------  --------------  -------------------
/opt/airflow/dags/initial_load_dag.py                             1           0  0.25s           2025-08-03T12:23:52
/opt/airflow/dags/cdc_processing_dag.py                           1           0  0.41s           2025-08-03T12:23:52
================================================================================
[2025-08-03T12:24:51.948+0000] {manager.py:893} INFO - 
================================================================================
DAG File Processing Stats

File Path                                PID    Runtime      # DAGs    # Errors  Last Runtime    Last Run
---------------------------------------  -----  ---------  --------  ----------  --------------  -------------------
/opt/airflow/dags/initial_load_dag.py                             1           0  0.24s           2025-08-03T12:24:22
/opt/airflow/dags/cdc_processing_dag.py                           1           0  0.30s           2025-08-03T12:24:22
================================================================================
[2025-08-03T12:25:22.540+0000] {manager.py:893} INFO - 
================================================================================
DAG File Processing Stats

File Path                                PID    Runtime      # DAGs    # Errors  Last Runtime    Last Run
---------------------------------------  -----  ---------  --------  ----------  --------------  -------------------
/opt/airflow/dags/initial_load_dag.py                             1           0  0.24s           2025-08-03T12:24:53
/opt/airflow/dags/cdc_processing_dag.py                           1           0  0.39s           2025-08-03T12:24:53
================================================================================
[2025-08-03T12:25:53.178+0000] {manager.py:893} INFO - 
================================================================================
DAG File Processing Stats

File Path                                PID    Runtime      # DAGs    # Errors  Last Runtime    Last Run
---------------------------------------  -----  ---------  --------  ----------  --------------  -------------------
/opt/airflow/dags/initial_load_dag.py                             1           0  0.26s           2025-08-03T12:25:23
/opt/airflow/dags/cdc_processing_dag.py                           1           0  0.41s           2025-08-03T12:25:23
================================================================================
[2025-08-03T12:26:23.780+0000] {manager.py:893} INFO - 
================================================================================
DAG File Processing Stats

File Path                                PID    Runtime      # DAGs    # Errors  Last Runtime    Last Run
---------------------------------------  -----  ---------  --------  ----------  --------------  -------------------
/opt/airflow/dags/initial_load_dag.py                             1           0  0.24s           2025-08-03T12:25:54
/opt/airflow/dags/cdc_processing_dag.py                           1           0  0.39s           2025-08-03T12:25:54
================================================================================
[2025-08-03T12:26:53.902+0000] {manager.py:893} INFO - 
================================================================================
DAG File Processing Stats

File Path                                PID    Runtime      # DAGs    # Errors  Last Runtime    Last Run
---------------------------------------  -----  ---------  --------  ----------  --------------  -------------------
/opt/airflow/dags/initial_load_dag.py                             1           0  0.61s           2025-08-03T12:26:25
/opt/airflow/dags/cdc_processing_dag.py                           1           0  0.85s           2025-08-03T12:26:25
================================================================================
[2025-08-03T12:27:24.274+0000] {manager.py:893} INFO - 
================================================================================
DAG File Processing Stats

File Path                                PID    Runtime      # DAGs    # Errors  Last Runtime    Last Run
---------------------------------------  -----  ---------  --------  ----------  --------------  -------------------
/opt/airflow/dags/initial_load_dag.py                             1           0  0.24s           2025-08-03T12:26:55
/opt/airflow/dags/cdc_processing_dag.py                           1           0  0.39s           2025-08-03T12:26:56
================================================================================
[2025-08-03T12:27:54.892+0000] {manager.py:893} INFO - 
================================================================================
DAG File Processing Stats

File Path                                PID    Runtime      # DAGs    # Errors  Last Runtime    Last Run
---------------------------------------  -----  ---------  --------  ----------  --------------  -------------------
/opt/airflow/dags/initial_load_dag.py                             1           0  0.24s           2025-08-03T12:27:26
/opt/airflow/dags/cdc_processing_dag.py                           1           0  0.39s           2025-08-03T12:27:26
================================================================================
[2025-08-03T12:28:25.499+0000] {manager.py:893} INFO - 
================================================================================
DAG File Processing Stats

File Path                                PID    Runtime      # DAGs    # Errors  Last Runtime    Last Run
---------------------------------------  -----  ---------  --------  ----------  --------------  -------------------
/opt/airflow/dags/initial_load_dag.py                             1           0  0.24s           2025-08-03T12:27:57
/opt/airflow/dags/cdc_processing_dag.py                           1           0  0.40s           2025-08-03T12:27:57
================================================================================
[2025-08-03T12:28:50.020+0000] {manager.py:759} INFO - Searching for files in /opt/airflow/dags
[2025-08-03T12:28:50.029+0000] {manager.py:762} INFO - There are 2 files in /opt/airflow/dags
[2025-08-03T12:28:56.084+0000] {manager.py:893} INFO - 
================================================================================
DAG File Processing Stats

File Path                                PID    Runtime      # DAGs    # Errors  Last Runtime    Last Run
---------------------------------------  -----  ---------  --------  ----------  --------------  -------------------
/opt/airflow/dags/initial_load_dag.py                             1           0  0.24s           2025-08-03T12:28:27
/opt/airflow/dags/cdc_processing_dag.py                           1           0  0.40s           2025-08-03T12:28:27
================================================================================
[2025-08-03T12:29:26.713+0000] {manager.py:893} INFO - 
================================================================================
DAG File Processing Stats

File Path                                PID    Runtime      # DAGs    # Errors  Last Runtime    Last Run
---------------------------------------  -----  ---------  --------  ----------  --------------  -------------------
/opt/airflow/dags/initial_load_dag.py                             1           0  0.26s           2025-08-03T12:28:58
/opt/airflow/dags/cdc_processing_dag.py                           1           0  0.40s           2025-08-03T12:28:58
================================================================================
[2025-08-03T12:29:57.241+0000] {manager.py:893} INFO - 
================================================================================
DAG File Processing Stats

File Path                                PID    Runtime      # DAGs    # Errors  Last Runtime    Last Run
---------------------------------------  -----  ---------  --------  ----------  --------------  -------------------
/opt/airflow/dags/initial_load_dag.py                             1           0  0.24s           2025-08-03T12:29:28
/opt/airflow/dags/cdc_processing_dag.py                           1           0  0.38s           2025-08-03T12:29:29
================================================================================
[2025-08-03T12:30:27.851+0000] {manager.py:893} INFO - 
================================================================================
DAG File Processing Stats

File Path                                PID    Runtime      # DAGs    # Errors  Last Runtime    Last Run
---------------------------------------  -----  ---------  --------  ----------  --------------  -------------------
/opt/airflow/dags/initial_load_dag.py                             1           0  0.25s           2025-08-03T12:29:59
/opt/airflow/dags/cdc_processing_dag.py                           1           0  0.40s           2025-08-03T12:29:59
================================================================================
[2025-08-03T12:30:58.400+0000] {manager.py:893} INFO - 
================================================================================
DAG File Processing Stats

File Path                                PID    Runtime      # DAGs    # Errors  Last Runtime    Last Run
---------------------------------------  -----  ---------  --------  ----------  --------------  -------------------
/opt/airflow/dags/initial_load_dag.py                             1           0  0.25s           2025-08-03T12:30:30
/opt/airflow/dags/cdc_processing_dag.py                           1           0  0.40s           2025-08-03T12:30:30
================================================================================
[2025-08-03T12:31:28.917+0000] {manager.py:893} INFO - 
================================================================================
DAG File Processing Stats

File Path                                PID    Runtime      # DAGs    # Errors  Last Runtime    Last Run
---------------------------------------  -----  ---------  --------  ----------  --------------  -------------------
/opt/airflow/dags/initial_load_dag.py                             1           0  0.24s           2025-08-03T12:31:00
/opt/airflow/dags/cdc_processing_dag.py                           1           0  0.40s           2025-08-03T12:31:00
================================================================================
[2025-08-03T12:31:59.482+0000] {manager.py:893} INFO - 
================================================================================
DAG File Processing Stats

File Path                                PID    Runtime      # DAGs    # Errors  Last Runtime    Last Run
---------------------------------------  -----  ---------  --------  ----------  --------------  -------------------
/opt/airflow/dags/initial_load_dag.py                             1           0  0.27s           2025-08-03T12:31:31
/opt/airflow/dags/cdc_processing_dag.py                           1           0  0.42s           2025-08-03T12:31:31
================================================================================
[2025-08-03T12:33:35.402+0000] {manager.py:487} INFO - Processing files using up to 2 processes at a time 
[2025-08-03T12:33:35.402+0000] {manager.py:488} INFO - Process each file at most once every 30 seconds
[2025-08-03T12:33:35.403+0000] {manager.py:489} INFO - Checking for new files in /opt/airflow/dags every 300 seconds
[2025-08-03T12:33:35.403+0000] {manager.py:759} INFO - Searching for files in /opt/airflow/dags
[2025-08-03T12:33:35.421+0000] {manager.py:762} INFO - There are 2 files in /opt/airflow/dags
[2025-08-03T12:33:35.484+0000] {manager.py:893} INFO - 
================================================================================
DAG File Processing Stats

File Path                                  PID  Runtime      # DAGs    # Errors  Last Runtime    Last Run
---------------------------------------  -----  ---------  --------  ----------  --------------  ----------
/opt/airflow/dags/initial_load_dag.py       30  0.02s             0           0
/opt/airflow/dags/cdc_processing_dag.py     29  0.04s             0           0
================================================================================
[2025-08-03T12:34:05.695+0000] {manager.py:893} INFO - 
================================================================================
DAG File Processing Stats

File Path                                PID    Runtime      # DAGs    # Errors  Last Runtime    Last Run
---------------------------------------  -----  ---------  --------  ----------  --------------  -------------------
/opt/airflow/dags/initial_load_dag.py                             1           0  1.04s           2025-08-03T12:33:36
/opt/airflow/dags/cdc_processing_dag.py                           1           0  1.05s           2025-08-03T12:33:36
================================================================================
[2025-08-03T12:34:36.474+0000] {manager.py:893} INFO - 
================================================================================
DAG File Processing Stats

File Path                                PID    Runtime      # DAGs    # Errors  Last Runtime    Last Run
---------------------------------------  -----  ---------  --------  ----------  --------------  -------------------
/opt/airflow/dags/initial_load_dag.py                             1           0  0.44s           2025-08-03T12:34:07
/opt/airflow/dags/cdc_processing_dag.py                           1           0  0.58s           2025-08-03T12:34:07
================================================================================
[2025-08-03T12:35:07.068+0000] {manager.py:893} INFO - 
================================================================================
DAG File Processing Stats

File Path                                PID    Runtime      # DAGs    # Errors  Last Runtime    Last Run
---------------------------------------  -----  ---------  --------  ----------  --------------  -------------------
/opt/airflow/dags/initial_load_dag.py                             1           0  0.34s           2025-08-03T12:34:37
/opt/airflow/dags/cdc_processing_dag.py                           1           0  0.40s           2025-08-03T12:34:37
================================================================================
[2025-08-03T12:35:37.670+0000] {manager.py:893} INFO - 
================================================================================
DAG File Processing Stats

File Path                                PID    Runtime      # DAGs    # Errors  Last Runtime    Last Run
---------------------------------------  -----  ---------  --------  ----------  --------------  -------------------
/opt/airflow/dags/initial_load_dag.py                             1           0  0.33s           2025-08-03T12:35:08
/opt/airflow/dags/cdc_processing_dag.py                           1           0  0.40s           2025-08-03T12:35:08
================================================================================
[2025-08-03T12:36:08.206+0000] {manager.py:893} INFO - 
================================================================================
DAG File Processing Stats

File Path                                PID    Runtime      # DAGs    # Errors  Last Runtime    Last Run
---------------------------------------  -----  ---------  --------  ----------  --------------  -------------------
/opt/airflow/dags/initial_load_dag.py                             1           0  0.25s           2025-08-03T12:35:39
/opt/airflow/dags/cdc_processing_dag.py                           1           0  0.31s           2025-08-03T12:35:39
================================================================================
[2025-08-03T12:36:38.716+0000] {manager.py:893} INFO - 
================================================================================
DAG File Processing Stats

File Path                                PID    Runtime      # DAGs    # Errors  Last Runtime    Last Run
---------------------------------------  -----  ---------  --------  ----------  --------------  -------------------
/opt/airflow/dags/initial_load_dag.py                             1           0  0.25s           2025-08-03T12:36:09
/opt/airflow/dags/cdc_processing_dag.py                           1           0  0.33s           2025-08-03T12:36:09
================================================================================
[2025-08-03T12:37:09.227+0000] {manager.py:893} INFO - 
================================================================================
DAG File Processing Stats

File Path                                PID    Runtime      # DAGs    # Errors  Last Runtime    Last Run
---------------------------------------  -----  ---------  --------  ----------  --------------  -------------------
/opt/airflow/dags/initial_load_dag.py                             1           0  0.29s           2025-08-03T12:36:40
/opt/airflow/dags/cdc_processing_dag.py                           1           0  0.45s           2025-08-03T12:36:40
================================================================================
[2025-08-03T12:37:10.942+0000] {manager.py:469} INFO - Exiting gracefully upon receiving signal 15
