[2025-08-03T12:35:56.556+0000] {taskinstance.py:1157} INFO - Dependencies all met for dep_context=non-requeueable deps ti=<TaskInstance: initial_load_pipeline.detect_new_deals manual__2025-08-03T12:35:54.820468+00:00 [queued]>
[2025-08-03T12:35:56.559+0000] {taskinstance.py:1157} INFO - Dependencies all met for dep_context=requeueable deps ti=<TaskInstance: initial_load_pipeline.detect_new_deals manual__2025-08-03T12:35:54.820468+00:00 [queued]>
[2025-08-03T12:35:56.559+0000] {taskinstance.py:1359} INFO - Starting attempt 1 of 3
[2025-08-03T12:35:56.664+0000] {taskinstance.py:1380} INFO - Executing <Task(BranchPythonOperator): detect_new_deals> on 2025-08-03 12:35:54.820468+00:00
[2025-08-03T12:35:56.667+0000] {standard_task_runner.py:57} INFO - Started process 73 to run task
[2025-08-03T12:35:56.670+0000] {standard_task_runner.py:84} INFO - Running: ['airflow', 'tasks', 'run', 'initial_load_pipeline', 'detect_new_deals', 'manual__2025-08-03T12:35:54.820468+00:00', '--job-id', '2', '--raw', '--subdir', 'DAGS_FOLDER/initial_load_dag.py', '--cfg-path', '/tmp/tmp5t1fjcdq']
[2025-08-03T12:35:56.673+0000] {standard_task_runner.py:85} INFO - Job 2: Subtask detect_new_deals
[2025-08-03T12:35:56.703+0000] {task_command.py:415} INFO - Running <TaskInstance: initial_load_pipeline.detect_new_deals manual__2025-08-03T12:35:54.820468+00:00 [running]> on host c7fd243484f0
[2025-08-03T12:35:56.741+0000] {taskinstance.py:1660} INFO - Exporting env vars: AIRFLOW_CTX_DAG_OWNER='data-engineering' AIRFLOW_CTX_DAG_ID='initial_load_pipeline' AIRFLOW_CTX_TASK_ID='detect_new_deals' AIRFLOW_CTX_EXECUTION_DATE='2025-08-03T12:35:54.820468+00:00' AIRFLOW_CTX_TRY_NUMBER='1' AIRFLOW_CTX_DAG_RUN_ID='manual__2025-08-03T12:35:54.820468+00:00'
[2025-08-03T12:35:56.742+0000] {initial_load_dag.py:43} INFO - Starting new deal detection process
[2025-08-03T12:35:56.786+0000] {clickhouse_utils.py:50} INFO - Initialized connection pools with 4 connections each
[2025-08-03T12:35:56.866+0000] {excel_filter_processor.py:31} INFO - Loaded filters for deal: Hapas
[2025-08-03T12:35:56.870+0000] {excel_filter_processor.py:31} INFO - Loaded filters for deal: Obagi
[2025-08-03T12:35:56.873+0000] {excel_filter_processor.py:31} INFO - Loaded filters for deal: Loreal
[2025-08-03T12:35:56.873+0000] {excel_filter_processor.py:36} INFO - Loaded filters for 3 deals
[2025-08-03T12:35:56.875+0000] {initial_load_dag.py:49} INFO - Found 0 existing deals: set()
[2025-08-03T12:35:56.875+0000] {initial_load_dag.py:51} INFO - Found 3 deal sheets in Excel: {'Obagi', 'Hapas', 'Loreal'}
[2025-08-03T12:35:56.876+0000] {initial_load_dag.py:55} INFO - Detected 3 new deals: ['Obagi', 'Hapas', 'Loreal']
[2025-08-03T12:35:56.884+0000] {python.py:194} INFO - Done. Returned value was: process_new_deals
[2025-08-03T12:35:56.885+0000] {python.py:227} INFO - Branch callable return process_new_deals
[2025-08-03T12:35:56.885+0000] {skipmixin.py:173} INFO - Following branch process_new_deals
[2025-08-03T12:35:56.896+0000] {skipmixin.py:239} INFO - Skipping tasks [('no_new_deals', -1)]
[2025-08-03T12:35:56.919+0000] {taskinstance.py:1398} INFO - Marking task as SUCCESS. dag_id=initial_load_pipeline, task_id=detect_new_deals, execution_date=20250803T123554, start_date=20250803T123556, end_date=20250803T123556
[2025-08-03T12:35:56.935+0000] {local_task_job_runner.py:228} INFO - Task exited with return code 0
[2025-08-03T12:35:56.951+0000] {taskinstance.py:2776} INFO - 1 downstream tasks scheduled from follow-on schedule check
