[2025-08-03T11:53:47.221+0000] {processor.py:157} INFO - Started process (PID=29) to work on /opt/airflow/dags/cdc_processing_dag.py
[2025-08-03T11:53:47.222+0000] {processor.py:829} INFO - Processing file /opt/airflow/dags/cdc_processing_dag.py for tasks to queue
[2025-08-03T11:53:47.224+0000] {logging_mixin.py:151} INFO - [2025-08-03T11:53:47.224+0000] {dagbag.py:539} INFO - Filling up the DagBag from /opt/airflow/dags/cdc_processing_dag.py
[2025-08-03T11:53:48.465+0000] {processor.py:839} INFO - DAG(s) dict_keys(['cdc_processing_pipeline']) retrieved from /opt/airflow/dags/cdc_processing_dag.py
[2025-08-03T11:53:48.598+0000] {logging_mixin.py:151} INFO - [2025-08-03T11:53:48.598+0000] {manager.py:499} INFO - Created Permission View: %s
[2025-08-03T11:53:48.605+0000] {logging_mixin.py:151} INFO - [2025-08-03T11:53:48.605+0000] {manager.py:499} INFO - Created Permission View: %s
[2025-08-03T11:53:48.609+0000] {logging_mixin.py:151} INFO - [2025-08-03T11:53:48.608+0000] {manager.py:499} INFO - Created Permission View: %s
[2025-08-03T11:53:48.609+0000] {logging_mixin.py:151} INFO - [2025-08-03T11:53:48.609+0000] {security.py:708} INFO - Not syncing DAG-level permissions for DAG 'DAG:cdc_processing_pipeline' as access control is unset.
[2025-08-03T11:53:48.610+0000] {logging_mixin.py:151} INFO - [2025-08-03T11:53:48.609+0000] {dag.py:2915} INFO - Sync 1 DAGs
[2025-08-03T11:53:48.616+0000] {logging_mixin.py:151} INFO - [2025-08-03T11:53:48.616+0000] {dag.py:2937} INFO - Creating ORM DAG for cdc_processing_pipeline
[2025-08-03T11:53:48.620+0000] {logging_mixin.py:151} INFO - [2025-08-03T11:53:48.620+0000] {dag.py:3696} INFO - Setting next_dagrun for cdc_processing_pipeline to 2025-08-03T11:48:48.620357+00:00, run_after=2025-08-03T11:53:48.620357+00:00
[2025-08-03T11:53:48.635+0000] {processor.py:179} INFO - Processing /opt/airflow/dags/cdc_processing_dag.py took 1.416 seconds
[2025-08-03T11:54:18.923+0000] {processor.py:157} INFO - Started process (PID=39) to work on /opt/airflow/dags/cdc_processing_dag.py
[2025-08-03T11:54:18.924+0000] {processor.py:829} INFO - Processing file /opt/airflow/dags/cdc_processing_dag.py for tasks to queue
[2025-08-03T11:54:18.927+0000] {logging_mixin.py:151} INFO - [2025-08-03T11:54:18.926+0000] {dagbag.py:539} INFO - Filling up the DagBag from /opt/airflow/dags/cdc_processing_dag.py
[2025-08-03T11:54:19.300+0000] {processor.py:839} INFO - DAG(s) dict_keys(['cdc_processing_pipeline']) retrieved from /opt/airflow/dags/cdc_processing_dag.py
[2025-08-03T11:54:19.312+0000] {logging_mixin.py:151} INFO - [2025-08-03T11:54:19.312+0000] {dag.py:2915} INFO - Sync 1 DAGs
[2025-08-03T11:54:19.320+0000] {logging_mixin.py:151} INFO - [2025-08-03T11:54:19.320+0000] {dag.py:3696} INFO - Setting next_dagrun for cdc_processing_pipeline to 2025-08-03T11:49:19.320089+00:00, run_after=2025-08-03T11:54:19.320089+00:00
[2025-08-03T11:54:19.326+0000] {processor.py:179} INFO - Processing /opt/airflow/dags/cdc_processing_dag.py took 0.407 seconds
[2025-08-03T11:54:49.552+0000] {processor.py:157} INFO - Started process (PID=49) to work on /opt/airflow/dags/cdc_processing_dag.py
[2025-08-03T11:54:49.553+0000] {processor.py:829} INFO - Processing file /opt/airflow/dags/cdc_processing_dag.py for tasks to queue
[2025-08-03T11:54:49.557+0000] {logging_mixin.py:151} INFO - [2025-08-03T11:54:49.556+0000] {dagbag.py:539} INFO - Filling up the DagBag from /opt/airflow/dags/cdc_processing_dag.py
[2025-08-03T11:54:49.913+0000] {processor.py:839} INFO - DAG(s) dict_keys(['cdc_processing_pipeline']) retrieved from /opt/airflow/dags/cdc_processing_dag.py
[2025-08-03T11:54:49.924+0000] {logging_mixin.py:151} INFO - [2025-08-03T11:54:49.924+0000] {dag.py:2915} INFO - Sync 1 DAGs
[2025-08-03T11:54:49.932+0000] {logging_mixin.py:151} INFO - [2025-08-03T11:54:49.932+0000] {dag.py:3696} INFO - Setting next_dagrun for cdc_processing_pipeline to 2025-08-03T11:49:49.931960+00:00, run_after=2025-08-03T11:54:49.931960+00:00
[2025-08-03T11:54:49.939+0000] {processor.py:179} INFO - Processing /opt/airflow/dags/cdc_processing_dag.py took 0.392 seconds
[2025-08-03T11:55:20.148+0000] {processor.py:157} INFO - Started process (PID=59) to work on /opt/airflow/dags/cdc_processing_dag.py
[2025-08-03T11:55:20.149+0000] {processor.py:829} INFO - Processing file /opt/airflow/dags/cdc_processing_dag.py for tasks to queue
[2025-08-03T11:55:20.150+0000] {logging_mixin.py:151} INFO - [2025-08-03T11:55:20.150+0000] {dagbag.py:539} INFO - Filling up the DagBag from /opt/airflow/dags/cdc_processing_dag.py
[2025-08-03T11:55:20.504+0000] {processor.py:839} INFO - DAG(s) dict_keys(['cdc_processing_pipeline']) retrieved from /opt/airflow/dags/cdc_processing_dag.py
[2025-08-03T11:55:20.518+0000] {logging_mixin.py:151} INFO - [2025-08-03T11:55:20.518+0000] {dag.py:2915} INFO - Sync 1 DAGs
[2025-08-03T11:55:20.526+0000] {logging_mixin.py:151} INFO - [2025-08-03T11:55:20.526+0000] {dag.py:3696} INFO - Setting next_dagrun for cdc_processing_pipeline to 2025-08-03T11:50:20.526385+00:00, run_after=2025-08-03T11:55:20.526385+00:00
[2025-08-03T11:55:20.533+0000] {processor.py:179} INFO - Processing /opt/airflow/dags/cdc_processing_dag.py took 0.388 seconds
[2025-08-03T11:55:50.886+0000] {processor.py:157} INFO - Started process (PID=69) to work on /opt/airflow/dags/cdc_processing_dag.py
[2025-08-03T11:55:50.888+0000] {processor.py:829} INFO - Processing file /opt/airflow/dags/cdc_processing_dag.py for tasks to queue
[2025-08-03T11:55:50.889+0000] {logging_mixin.py:151} INFO - [2025-08-03T11:55:50.889+0000] {dagbag.py:539} INFO - Filling up the DagBag from /opt/airflow/dags/cdc_processing_dag.py
[2025-08-03T11:55:51.143+0000] {processor.py:839} INFO - DAG(s) dict_keys(['cdc_processing_pipeline']) retrieved from /opt/airflow/dags/cdc_processing_dag.py
[2025-08-03T11:55:51.159+0000] {logging_mixin.py:151} INFO - [2025-08-03T11:55:51.159+0000] {dag.py:2915} INFO - Sync 1 DAGs
[2025-08-03T11:55:51.169+0000] {logging_mixin.py:151} INFO - [2025-08-03T11:55:51.169+0000] {dag.py:3696} INFO - Setting next_dagrun for cdc_processing_pipeline to 2025-08-03T11:50:51.169344+00:00, run_after=2025-08-03T11:55:51.169344+00:00
[2025-08-03T11:55:51.178+0000] {processor.py:179} INFO - Processing /opt/airflow/dags/cdc_processing_dag.py took 0.293 seconds
[2025-08-03T11:56:21.384+0000] {processor.py:157} INFO - Started process (PID=79) to work on /opt/airflow/dags/cdc_processing_dag.py
[2025-08-03T11:56:21.385+0000] {processor.py:829} INFO - Processing file /opt/airflow/dags/cdc_processing_dag.py for tasks to queue
[2025-08-03T11:56:21.389+0000] {logging_mixin.py:151} INFO - [2025-08-03T11:56:21.388+0000] {dagbag.py:539} INFO - Filling up the DagBag from /opt/airflow/dags/cdc_processing_dag.py
[2025-08-03T11:56:21.643+0000] {processor.py:839} INFO - DAG(s) dict_keys(['cdc_processing_pipeline']) retrieved from /opt/airflow/dags/cdc_processing_dag.py
[2025-08-03T11:56:21.657+0000] {logging_mixin.py:151} INFO - [2025-08-03T11:56:21.656+0000] {dag.py:2915} INFO - Sync 1 DAGs
[2025-08-03T11:56:21.666+0000] {logging_mixin.py:151} INFO - [2025-08-03T11:56:21.666+0000] {dag.py:3696} INFO - Setting next_dagrun for cdc_processing_pipeline to 2025-08-03T11:51:21.665936+00:00, run_after=2025-08-03T11:56:21.665936+00:00
[2025-08-03T11:56:21.675+0000] {processor.py:179} INFO - Processing /opt/airflow/dags/cdc_processing_dag.py took 0.296 seconds
[2025-08-03T11:56:51.905+0000] {processor.py:157} INFO - Started process (PID=89) to work on /opt/airflow/dags/cdc_processing_dag.py
[2025-08-03T11:56:51.906+0000] {processor.py:829} INFO - Processing file /opt/airflow/dags/cdc_processing_dag.py for tasks to queue
[2025-08-03T11:56:51.908+0000] {logging_mixin.py:151} INFO - [2025-08-03T11:56:51.907+0000] {dagbag.py:539} INFO - Filling up the DagBag from /opt/airflow/dags/cdc_processing_dag.py
[2025-08-03T11:56:52.172+0000] {processor.py:839} INFO - DAG(s) dict_keys(['cdc_processing_pipeline']) retrieved from /opt/airflow/dags/cdc_processing_dag.py
[2025-08-03T11:56:52.186+0000] {logging_mixin.py:151} INFO - [2025-08-03T11:56:52.185+0000] {dag.py:2915} INFO - Sync 1 DAGs
[2025-08-03T11:56:52.194+0000] {logging_mixin.py:151} INFO - [2025-08-03T11:56:52.194+0000] {dag.py:3696} INFO - Setting next_dagrun for cdc_processing_pipeline to 2025-08-03T11:51:52.194695+00:00, run_after=2025-08-03T11:56:52.194695+00:00
[2025-08-03T11:56:52.281+0000] {processor.py:179} INFO - Processing /opt/airflow/dags/cdc_processing_dag.py took 0.380 seconds
[2025-08-03T11:57:22.450+0000] {processor.py:157} INFO - Started process (PID=99) to work on /opt/airflow/dags/cdc_processing_dag.py
[2025-08-03T11:57:22.452+0000] {processor.py:829} INFO - Processing file /opt/airflow/dags/cdc_processing_dag.py for tasks to queue
[2025-08-03T11:57:22.455+0000] {logging_mixin.py:151} INFO - [2025-08-03T11:57:22.455+0000] {dagbag.py:539} INFO - Filling up the DagBag from /opt/airflow/dags/cdc_processing_dag.py
[2025-08-03T11:57:22.714+0000] {processor.py:839} INFO - DAG(s) dict_keys(['cdc_processing_pipeline']) retrieved from /opt/airflow/dags/cdc_processing_dag.py
[2025-08-03T11:57:22.728+0000] {logging_mixin.py:151} INFO - [2025-08-03T11:57:22.728+0000] {dag.py:2915} INFO - Sync 1 DAGs
[2025-08-03T11:57:22.737+0000] {logging_mixin.py:151} INFO - [2025-08-03T11:57:22.737+0000] {dag.py:3696} INFO - Setting next_dagrun for cdc_processing_pipeline to 2025-08-03T11:52:22.737002+00:00, run_after=2025-08-03T11:57:22.737002+00:00
[2025-08-03T11:57:22.744+0000] {processor.py:179} INFO - Processing /opt/airflow/dags/cdc_processing_dag.py took 0.298 seconds
[2025-08-03T11:57:53.005+0000] {processor.py:157} INFO - Started process (PID=109) to work on /opt/airflow/dags/cdc_processing_dag.py
[2025-08-03T11:57:53.007+0000] {processor.py:829} INFO - Processing file /opt/airflow/dags/cdc_processing_dag.py for tasks to queue
[2025-08-03T11:57:53.011+0000] {logging_mixin.py:151} INFO - [2025-08-03T11:57:53.009+0000] {dagbag.py:539} INFO - Filling up the DagBag from /opt/airflow/dags/cdc_processing_dag.py
[2025-08-03T11:57:53.425+0000] {processor.py:839} INFO - DAG(s) dict_keys(['cdc_processing_pipeline']) retrieved from /opt/airflow/dags/cdc_processing_dag.py
[2025-08-03T11:57:53.471+0000] {logging_mixin.py:151} INFO - [2025-08-03T11:57:53.470+0000] {dag.py:2915} INFO - Sync 1 DAGs
[2025-08-03T11:57:53.499+0000] {logging_mixin.py:151} INFO - [2025-08-03T11:57:53.498+0000] {dag.py:3696} INFO - Setting next_dagrun for cdc_processing_pipeline to 2025-08-03T11:52:53.498304+00:00, run_after=2025-08-03T11:57:53.498304+00:00
[2025-08-03T11:57:53.532+0000] {processor.py:179} INFO - Processing /opt/airflow/dags/cdc_processing_dag.py took 0.532 seconds
[2025-08-03T11:58:23.691+0000] {processor.py:157} INFO - Started process (PID=119) to work on /opt/airflow/dags/cdc_processing_dag.py
[2025-08-03T11:58:23.696+0000] {processor.py:829} INFO - Processing file /opt/airflow/dags/cdc_processing_dag.py for tasks to queue
[2025-08-03T11:58:23.699+0000] {logging_mixin.py:151} INFO - [2025-08-03T11:58:23.698+0000] {dagbag.py:539} INFO - Filling up the DagBag from /opt/airflow/dags/cdc_processing_dag.py
[2025-08-03T11:58:23.967+0000] {processor.py:839} INFO - DAG(s) dict_keys(['cdc_processing_pipeline']) retrieved from /opt/airflow/dags/cdc_processing_dag.py
[2025-08-03T11:58:23.983+0000] {logging_mixin.py:151} INFO - [2025-08-03T11:58:23.982+0000] {dag.py:2915} INFO - Sync 1 DAGs
[2025-08-03T11:58:23.991+0000] {logging_mixin.py:151} INFO - [2025-08-03T11:58:23.991+0000] {dag.py:3696} INFO - Setting next_dagrun for cdc_processing_pipeline to 2025-08-03T11:53:23.991688+00:00, run_after=2025-08-03T11:58:23.991688+00:00
[2025-08-03T11:58:23.999+0000] {processor.py:179} INFO - Processing /opt/airflow/dags/cdc_processing_dag.py took 0.313 seconds
[2025-08-03T11:58:54.254+0000] {processor.py:157} INFO - Started process (PID=129) to work on /opt/airflow/dags/cdc_processing_dag.py
[2025-08-03T11:58:54.256+0000] {processor.py:829} INFO - Processing file /opt/airflow/dags/cdc_processing_dag.py for tasks to queue
[2025-08-03T11:58:54.259+0000] {logging_mixin.py:151} INFO - [2025-08-03T11:58:54.259+0000] {dagbag.py:539} INFO - Filling up the DagBag from /opt/airflow/dags/cdc_processing_dag.py
[2025-08-03T11:58:54.521+0000] {processor.py:839} INFO - DAG(s) dict_keys(['cdc_processing_pipeline']) retrieved from /opt/airflow/dags/cdc_processing_dag.py
[2025-08-03T11:58:54.535+0000] {logging_mixin.py:151} INFO - [2025-08-03T11:58:54.535+0000] {dag.py:2915} INFO - Sync 1 DAGs
[2025-08-03T11:58:54.545+0000] {logging_mixin.py:151} INFO - [2025-08-03T11:58:54.544+0000] {dag.py:3696} INFO - Setting next_dagrun for cdc_processing_pipeline to 2025-08-03T11:53:54.544823+00:00, run_after=2025-08-03T11:58:54.544823+00:00
[2025-08-03T11:58:54.553+0000] {processor.py:179} INFO - Processing /opt/airflow/dags/cdc_processing_dag.py took 0.304 seconds
[2025-08-03T11:59:24.821+0000] {processor.py:157} INFO - Started process (PID=140) to work on /opt/airflow/dags/cdc_processing_dag.py
[2025-08-03T11:59:24.822+0000] {processor.py:829} INFO - Processing file /opt/airflow/dags/cdc_processing_dag.py for tasks to queue
[2025-08-03T11:59:24.824+0000] {logging_mixin.py:151} INFO - [2025-08-03T11:59:24.824+0000] {dagbag.py:539} INFO - Filling up the DagBag from /opt/airflow/dags/cdc_processing_dag.py
[2025-08-03T11:59:25.089+0000] {processor.py:839} INFO - DAG(s) dict_keys(['cdc_processing_pipeline']) retrieved from /opt/airflow/dags/cdc_processing_dag.py
[2025-08-03T11:59:25.104+0000] {logging_mixin.py:151} INFO - [2025-08-03T11:59:25.103+0000] {dag.py:2915} INFO - Sync 1 DAGs
[2025-08-03T11:59:25.113+0000] {logging_mixin.py:151} INFO - [2025-08-03T11:59:25.113+0000] {dag.py:3696} INFO - Setting next_dagrun for cdc_processing_pipeline to 2025-08-03T11:54:25.113357+00:00, run_after=2025-08-03T11:59:25.113357+00:00
[2025-08-03T11:59:25.122+0000] {processor.py:179} INFO - Processing /opt/airflow/dags/cdc_processing_dag.py took 0.302 seconds
[2025-08-03T11:59:55.298+0000] {processor.py:157} INFO - Started process (PID=150) to work on /opt/airflow/dags/cdc_processing_dag.py
[2025-08-03T11:59:55.300+0000] {processor.py:829} INFO - Processing file /opt/airflow/dags/cdc_processing_dag.py for tasks to queue
[2025-08-03T11:59:55.304+0000] {logging_mixin.py:151} INFO - [2025-08-03T11:59:55.303+0000] {dagbag.py:539} INFO - Filling up the DagBag from /opt/airflow/dags/cdc_processing_dag.py
[2025-08-03T11:59:55.556+0000] {processor.py:839} INFO - DAG(s) dict_keys(['cdc_processing_pipeline']) retrieved from /opt/airflow/dags/cdc_processing_dag.py
[2025-08-03T11:59:55.570+0000] {logging_mixin.py:151} INFO - [2025-08-03T11:59:55.569+0000] {dag.py:2915} INFO - Sync 1 DAGs
[2025-08-03T11:59:55.578+0000] {logging_mixin.py:151} INFO - [2025-08-03T11:59:55.578+0000] {dag.py:3696} INFO - Setting next_dagrun for cdc_processing_pipeline to 2025-08-03T11:54:55.578578+00:00, run_after=2025-08-03T11:59:55.578578+00:00
[2025-08-03T11:59:55.587+0000] {processor.py:179} INFO - Processing /opt/airflow/dags/cdc_processing_dag.py took 0.293 seconds
[2025-08-03T12:00:25.861+0000] {processor.py:157} INFO - Started process (PID=160) to work on /opt/airflow/dags/cdc_processing_dag.py
[2025-08-03T12:00:25.862+0000] {processor.py:829} INFO - Processing file /opt/airflow/dags/cdc_processing_dag.py for tasks to queue
[2025-08-03T12:00:25.867+0000] {logging_mixin.py:151} INFO - [2025-08-03T12:00:25.866+0000] {dagbag.py:539} INFO - Filling up the DagBag from /opt/airflow/dags/cdc_processing_dag.py
[2025-08-03T12:00:26.125+0000] {processor.py:839} INFO - DAG(s) dict_keys(['cdc_processing_pipeline']) retrieved from /opt/airflow/dags/cdc_processing_dag.py
[2025-08-03T12:00:26.138+0000] {logging_mixin.py:151} INFO - [2025-08-03T12:00:26.138+0000] {dag.py:2915} INFO - Sync 1 DAGs
[2025-08-03T12:00:26.147+0000] {logging_mixin.py:151} INFO - [2025-08-03T12:00:26.147+0000] {dag.py:3696} INFO - Setting next_dagrun for cdc_processing_pipeline to 2025-08-03T11:55:26.147702+00:00, run_after=2025-08-03T12:00:26.147702+00:00
[2025-08-03T12:00:26.155+0000] {processor.py:179} INFO - Processing /opt/airflow/dags/cdc_processing_dag.py took 0.298 seconds
[2025-08-03T12:00:56.397+0000] {processor.py:157} INFO - Started process (PID=170) to work on /opt/airflow/dags/cdc_processing_dag.py
[2025-08-03T12:00:56.399+0000] {processor.py:829} INFO - Processing file /opt/airflow/dags/cdc_processing_dag.py for tasks to queue
[2025-08-03T12:00:56.403+0000] {logging_mixin.py:151} INFO - [2025-08-03T12:00:56.403+0000] {dagbag.py:539} INFO - Filling up the DagBag from /opt/airflow/dags/cdc_processing_dag.py
[2025-08-03T12:00:56.665+0000] {processor.py:839} INFO - DAG(s) dict_keys(['cdc_processing_pipeline']) retrieved from /opt/airflow/dags/cdc_processing_dag.py
[2025-08-03T12:00:56.679+0000] {logging_mixin.py:151} INFO - [2025-08-03T12:00:56.679+0000] {dag.py:2915} INFO - Sync 1 DAGs
[2025-08-03T12:00:56.687+0000] {logging_mixin.py:151} INFO - [2025-08-03T12:00:56.687+0000] {dag.py:3696} INFO - Setting next_dagrun for cdc_processing_pipeline to 2025-08-03T11:55:56.687698+00:00, run_after=2025-08-03T12:00:56.687698+00:00
[2025-08-03T12:00:56.696+0000] {processor.py:179} INFO - Processing /opt/airflow/dags/cdc_processing_dag.py took 0.303 seconds
[2025-08-03T12:01:26.960+0000] {processor.py:157} INFO - Started process (PID=180) to work on /opt/airflow/dags/cdc_processing_dag.py
[2025-08-03T12:01:26.962+0000] {processor.py:829} INFO - Processing file /opt/airflow/dags/cdc_processing_dag.py for tasks to queue
[2025-08-03T12:01:26.965+0000] {logging_mixin.py:151} INFO - [2025-08-03T12:01:26.965+0000] {dagbag.py:539} INFO - Filling up the DagBag from /opt/airflow/dags/cdc_processing_dag.py
[2025-08-03T12:01:27.218+0000] {processor.py:839} INFO - DAG(s) dict_keys(['cdc_processing_pipeline']) retrieved from /opt/airflow/dags/cdc_processing_dag.py
[2025-08-03T12:01:27.232+0000] {logging_mixin.py:151} INFO - [2025-08-03T12:01:27.232+0000] {dag.py:2915} INFO - Sync 1 DAGs
[2025-08-03T12:01:27.322+0000] {logging_mixin.py:151} INFO - [2025-08-03T12:01:27.322+0000] {dag.py:3696} INFO - Setting next_dagrun for cdc_processing_pipeline to 2025-08-03T11:56:27.321964+00:00, run_after=2025-08-03T12:01:27.321964+00:00
[2025-08-03T12:01:27.329+0000] {processor.py:179} INFO - Processing /opt/airflow/dags/cdc_processing_dag.py took 0.374 seconds
[2025-08-03T12:01:57.524+0000] {processor.py:157} INFO - Started process (PID=190) to work on /opt/airflow/dags/cdc_processing_dag.py
[2025-08-03T12:01:57.525+0000] {processor.py:829} INFO - Processing file /opt/airflow/dags/cdc_processing_dag.py for tasks to queue
[2025-08-03T12:01:57.528+0000] {logging_mixin.py:151} INFO - [2025-08-03T12:01:57.528+0000] {dagbag.py:539} INFO - Filling up the DagBag from /opt/airflow/dags/cdc_processing_dag.py
[2025-08-03T12:01:57.790+0000] {processor.py:839} INFO - DAG(s) dict_keys(['cdc_processing_pipeline']) retrieved from /opt/airflow/dags/cdc_processing_dag.py
[2025-08-03T12:01:57.804+0000] {logging_mixin.py:151} INFO - [2025-08-03T12:01:57.804+0000] {dag.py:2915} INFO - Sync 1 DAGs
[2025-08-03T12:01:57.812+0000] {logging_mixin.py:151} INFO - [2025-08-03T12:01:57.812+0000] {dag.py:3696} INFO - Setting next_dagrun for cdc_processing_pipeline to 2025-08-03T11:56:57.812563+00:00, run_after=2025-08-03T12:01:57.812563+00:00
[2025-08-03T12:01:57.820+0000] {processor.py:179} INFO - Processing /opt/airflow/dags/cdc_processing_dag.py took 0.301 seconds
[2025-08-03T12:02:28.082+0000] {processor.py:157} INFO - Started process (PID=200) to work on /opt/airflow/dags/cdc_processing_dag.py
[2025-08-03T12:02:28.083+0000] {processor.py:829} INFO - Processing file /opt/airflow/dags/cdc_processing_dag.py for tasks to queue
[2025-08-03T12:02:28.086+0000] {logging_mixin.py:151} INFO - [2025-08-03T12:02:28.085+0000] {dagbag.py:539} INFO - Filling up the DagBag from /opt/airflow/dags/cdc_processing_dag.py
[2025-08-03T12:02:28.357+0000] {processor.py:839} INFO - DAG(s) dict_keys(['cdc_processing_pipeline']) retrieved from /opt/airflow/dags/cdc_processing_dag.py
[2025-08-03T12:02:28.372+0000] {logging_mixin.py:151} INFO - [2025-08-03T12:02:28.372+0000] {dag.py:2915} INFO - Sync 1 DAGs
[2025-08-03T12:02:28.467+0000] {logging_mixin.py:151} INFO - [2025-08-03T12:02:28.467+0000] {dag.py:3696} INFO - Setting next_dagrun for cdc_processing_pipeline to 2025-08-03T11:57:28.467281+00:00, run_after=2025-08-03T12:02:28.467281+00:00
[2025-08-03T12:02:28.475+0000] {processor.py:179} INFO - Processing /opt/airflow/dags/cdc_processing_dag.py took 0.395 seconds
[2025-08-03T12:02:58.595+0000] {processor.py:157} INFO - Started process (PID=210) to work on /opt/airflow/dags/cdc_processing_dag.py
[2025-08-03T12:02:58.596+0000] {processor.py:829} INFO - Processing file /opt/airflow/dags/cdc_processing_dag.py for tasks to queue
[2025-08-03T12:02:58.597+0000] {logging_mixin.py:151} INFO - [2025-08-03T12:02:58.597+0000] {dagbag.py:539} INFO - Filling up the DagBag from /opt/airflow/dags/cdc_processing_dag.py
[2025-08-03T12:02:58.852+0000] {processor.py:839} INFO - DAG(s) dict_keys(['cdc_processing_pipeline']) retrieved from /opt/airflow/dags/cdc_processing_dag.py
[2025-08-03T12:02:58.866+0000] {logging_mixin.py:151} INFO - [2025-08-03T12:02:58.866+0000] {dag.py:2915} INFO - Sync 1 DAGs
[2025-08-03T12:02:58.876+0000] {logging_mixin.py:151} INFO - [2025-08-03T12:02:58.876+0000] {dag.py:3696} INFO - Setting next_dagrun for cdc_processing_pipeline to 2025-08-03T11:57:58.876607+00:00, run_after=2025-08-03T12:02:58.876607+00:00
[2025-08-03T12:02:58.885+0000] {processor.py:179} INFO - Processing /opt/airflow/dags/cdc_processing_dag.py took 0.292 seconds
[2025-08-03T12:03:29.119+0000] {processor.py:157} INFO - Started process (PID=214) to work on /opt/airflow/dags/cdc_processing_dag.py
[2025-08-03T12:03:29.120+0000] {processor.py:829} INFO - Processing file /opt/airflow/dags/cdc_processing_dag.py for tasks to queue
[2025-08-03T12:03:29.123+0000] {logging_mixin.py:151} INFO - [2025-08-03T12:03:29.123+0000] {dagbag.py:539} INFO - Filling up the DagBag from /opt/airflow/dags/cdc_processing_dag.py
[2025-08-03T12:03:29.402+0000] {processor.py:839} INFO - DAG(s) dict_keys(['cdc_processing_pipeline']) retrieved from /opt/airflow/dags/cdc_processing_dag.py
[2025-08-03T12:03:29.415+0000] {logging_mixin.py:151} INFO - [2025-08-03T12:03:29.415+0000] {dag.py:2915} INFO - Sync 1 DAGs
[2025-08-03T12:03:29.505+0000] {logging_mixin.py:151} INFO - [2025-08-03T12:03:29.505+0000] {dag.py:3696} INFO - Setting next_dagrun for cdc_processing_pipeline to 2025-08-03T11:58:29.505111+00:00, run_after=2025-08-03T12:03:29.505111+00:00
[2025-08-03T12:03:29.513+0000] {processor.py:179} INFO - Processing /opt/airflow/dags/cdc_processing_dag.py took 0.400 seconds
[2025-08-03T12:03:59.644+0000] {processor.py:157} INFO - Started process (PID=224) to work on /opt/airflow/dags/cdc_processing_dag.py
[2025-08-03T12:03:59.646+0000] {processor.py:829} INFO - Processing file /opt/airflow/dags/cdc_processing_dag.py for tasks to queue
[2025-08-03T12:03:59.649+0000] {logging_mixin.py:151} INFO - [2025-08-03T12:03:59.648+0000] {dagbag.py:539} INFO - Filling up the DagBag from /opt/airflow/dags/cdc_processing_dag.py
[2025-08-03T12:03:59.903+0000] {processor.py:839} INFO - DAG(s) dict_keys(['cdc_processing_pipeline']) retrieved from /opt/airflow/dags/cdc_processing_dag.py
[2025-08-03T12:03:59.915+0000] {logging_mixin.py:151} INFO - [2025-08-03T12:03:59.915+0000] {dag.py:2915} INFO - Sync 1 DAGs
[2025-08-03T12:03:59.924+0000] {logging_mixin.py:151} INFO - [2025-08-03T12:03:59.924+0000] {dag.py:3696} INFO - Setting next_dagrun for cdc_processing_pipeline to 2025-08-03T11:58:59.924167+00:00, run_after=2025-08-03T12:03:59.924167+00:00
[2025-08-03T12:03:59.931+0000] {processor.py:179} INFO - Processing /opt/airflow/dags/cdc_processing_dag.py took 0.291 seconds
[2025-08-03T12:04:30.238+0000] {processor.py:157} INFO - Started process (PID=234) to work on /opt/airflow/dags/cdc_processing_dag.py
[2025-08-03T12:04:30.239+0000] {processor.py:829} INFO - Processing file /opt/airflow/dags/cdc_processing_dag.py for tasks to queue
[2025-08-03T12:04:30.243+0000] {logging_mixin.py:151} INFO - [2025-08-03T12:04:30.242+0000] {dagbag.py:539} INFO - Filling up the DagBag from /opt/airflow/dags/cdc_processing_dag.py
[2025-08-03T12:04:30.509+0000] {processor.py:839} INFO - DAG(s) dict_keys(['cdc_processing_pipeline']) retrieved from /opt/airflow/dags/cdc_processing_dag.py
[2025-08-03T12:04:30.523+0000] {logging_mixin.py:151} INFO - [2025-08-03T12:04:30.522+0000] {dag.py:2915} INFO - Sync 1 DAGs
[2025-08-03T12:04:30.614+0000] {logging_mixin.py:151} INFO - [2025-08-03T12:04:30.614+0000] {dag.py:3696} INFO - Setting next_dagrun for cdc_processing_pipeline to 2025-08-03T11:59:30.614556+00:00, run_after=2025-08-03T12:04:30.614556+00:00
[2025-08-03T12:04:30.621+0000] {processor.py:179} INFO - Processing /opt/airflow/dags/cdc_processing_dag.py took 0.389 seconds
[2025-08-03T12:05:00.809+0000] {processor.py:157} INFO - Started process (PID=244) to work on /opt/airflow/dags/cdc_processing_dag.py
[2025-08-03T12:05:00.809+0000] {processor.py:829} INFO - Processing file /opt/airflow/dags/cdc_processing_dag.py for tasks to queue
[2025-08-03T12:05:00.811+0000] {logging_mixin.py:151} INFO - [2025-08-03T12:05:00.811+0000] {dagbag.py:539} INFO - Filling up the DagBag from /opt/airflow/dags/cdc_processing_dag.py
[2025-08-03T12:05:01.080+0000] {processor.py:839} INFO - DAG(s) dict_keys(['cdc_processing_pipeline']) retrieved from /opt/airflow/dags/cdc_processing_dag.py
[2025-08-03T12:05:01.094+0000] {logging_mixin.py:151} INFO - [2025-08-03T12:05:01.093+0000] {dag.py:2915} INFO - Sync 1 DAGs
[2025-08-03T12:05:01.103+0000] {logging_mixin.py:151} INFO - [2025-08-03T12:05:01.102+0000] {dag.py:3696} INFO - Setting next_dagrun for cdc_processing_pipeline to 2025-08-03T12:00:01.102847+00:00, run_after=2025-08-03T12:05:01.102847+00:00
[2025-08-03T12:05:01.110+0000] {processor.py:179} INFO - Processing /opt/airflow/dags/cdc_processing_dag.py took 0.305 seconds
[2025-08-03T12:05:31.331+0000] {processor.py:157} INFO - Started process (PID=254) to work on /opt/airflow/dags/cdc_processing_dag.py
[2025-08-03T12:05:31.331+0000] {processor.py:829} INFO - Processing file /opt/airflow/dags/cdc_processing_dag.py for tasks to queue
[2025-08-03T12:05:31.333+0000] {logging_mixin.py:151} INFO - [2025-08-03T12:05:31.332+0000] {dagbag.py:539} INFO - Filling up the DagBag from /opt/airflow/dags/cdc_processing_dag.py
[2025-08-03T12:05:31.588+0000] {processor.py:839} INFO - DAG(s) dict_keys(['cdc_processing_pipeline']) retrieved from /opt/airflow/dags/cdc_processing_dag.py
[2025-08-03T12:05:31.601+0000] {logging_mixin.py:151} INFO - [2025-08-03T12:05:31.601+0000] {dag.py:2915} INFO - Sync 1 DAGs
[2025-08-03T12:05:31.688+0000] {logging_mixin.py:151} INFO - [2025-08-03T12:05:31.688+0000] {dag.py:3696} INFO - Setting next_dagrun for cdc_processing_pipeline to 2025-08-03T12:00:31.688200+00:00, run_after=2025-08-03T12:05:31.688200+00:00
[2025-08-03T12:05:31.695+0000] {processor.py:179} INFO - Processing /opt/airflow/dags/cdc_processing_dag.py took 0.367 seconds
[2025-08-03T12:06:01.860+0000] {processor.py:157} INFO - Started process (PID=264) to work on /opt/airflow/dags/cdc_processing_dag.py
[2025-08-03T12:06:01.861+0000] {processor.py:829} INFO - Processing file /opt/airflow/dags/cdc_processing_dag.py for tasks to queue
[2025-08-03T12:06:01.864+0000] {logging_mixin.py:151} INFO - [2025-08-03T12:06:01.864+0000] {dagbag.py:539} INFO - Filling up the DagBag from /opt/airflow/dags/cdc_processing_dag.py
[2025-08-03T12:06:02.127+0000] {processor.py:839} INFO - DAG(s) dict_keys(['cdc_processing_pipeline']) retrieved from /opt/airflow/dags/cdc_processing_dag.py
[2025-08-03T12:06:02.141+0000] {logging_mixin.py:151} INFO - [2025-08-03T12:06:02.141+0000] {dag.py:2915} INFO - Sync 1 DAGs
[2025-08-03T12:06:02.150+0000] {logging_mixin.py:151} INFO - [2025-08-03T12:06:02.150+0000] {dag.py:3696} INFO - Setting next_dagrun for cdc_processing_pipeline to 2025-08-03T12:01:02.150508+00:00, run_after=2025-08-03T12:06:02.150508+00:00
[2025-08-03T12:06:02.158+0000] {processor.py:179} INFO - Processing /opt/airflow/dags/cdc_processing_dag.py took 0.302 seconds
[2025-08-03T12:06:32.411+0000] {processor.py:157} INFO - Started process (PID=274) to work on /opt/airflow/dags/cdc_processing_dag.py
[2025-08-03T12:06:32.412+0000] {processor.py:829} INFO - Processing file /opt/airflow/dags/cdc_processing_dag.py for tasks to queue
[2025-08-03T12:06:32.417+0000] {logging_mixin.py:151} INFO - [2025-08-03T12:06:32.416+0000] {dagbag.py:539} INFO - Filling up the DagBag from /opt/airflow/dags/cdc_processing_dag.py
[2025-08-03T12:06:32.672+0000] {processor.py:839} INFO - DAG(s) dict_keys(['cdc_processing_pipeline']) retrieved from /opt/airflow/dags/cdc_processing_dag.py
[2025-08-03T12:06:32.685+0000] {logging_mixin.py:151} INFO - [2025-08-03T12:06:32.685+0000] {dag.py:2915} INFO - Sync 1 DAGs
[2025-08-03T12:06:32.775+0000] {logging_mixin.py:151} INFO - [2025-08-03T12:06:32.775+0000] {dag.py:3696} INFO - Setting next_dagrun for cdc_processing_pipeline to 2025-08-03T12:01:32.775471+00:00, run_after=2025-08-03T12:06:32.775471+00:00
[2025-08-03T12:06:32.782+0000] {processor.py:179} INFO - Processing /opt/airflow/dags/cdc_processing_dag.py took 0.376 seconds
[2025-08-03T12:07:02.918+0000] {processor.py:157} INFO - Started process (PID=284) to work on /opt/airflow/dags/cdc_processing_dag.py
[2025-08-03T12:07:02.920+0000] {processor.py:829} INFO - Processing file /opt/airflow/dags/cdc_processing_dag.py for tasks to queue
[2025-08-03T12:07:02.923+0000] {logging_mixin.py:151} INFO - [2025-08-03T12:07:02.922+0000] {dagbag.py:539} INFO - Filling up the DagBag from /opt/airflow/dags/cdc_processing_dag.py
[2025-08-03T12:07:03.175+0000] {processor.py:839} INFO - DAG(s) dict_keys(['cdc_processing_pipeline']) retrieved from /opt/airflow/dags/cdc_processing_dag.py
[2025-08-03T12:07:03.189+0000] {logging_mixin.py:151} INFO - [2025-08-03T12:07:03.189+0000] {dag.py:2915} INFO - Sync 1 DAGs
[2025-08-03T12:07:03.199+0000] {logging_mixin.py:151} INFO - [2025-08-03T12:07:03.199+0000] {dag.py:3696} INFO - Setting next_dagrun for cdc_processing_pipeline to 2025-08-03T12:02:03.199352+00:00, run_after=2025-08-03T12:07:03.199352+00:00
[2025-08-03T12:07:03.207+0000] {processor.py:179} INFO - Processing /opt/airflow/dags/cdc_processing_dag.py took 0.293 seconds
[2025-08-03T12:07:33.461+0000] {processor.py:157} INFO - Started process (PID=294) to work on /opt/airflow/dags/cdc_processing_dag.py
[2025-08-03T12:07:33.463+0000] {processor.py:829} INFO - Processing file /opt/airflow/dags/cdc_processing_dag.py for tasks to queue
[2025-08-03T12:07:33.466+0000] {logging_mixin.py:151} INFO - [2025-08-03T12:07:33.465+0000] {dagbag.py:539} INFO - Filling up the DagBag from /opt/airflow/dags/cdc_processing_dag.py
[2025-08-03T12:07:33.727+0000] {processor.py:839} INFO - DAG(s) dict_keys(['cdc_processing_pipeline']) retrieved from /opt/airflow/dags/cdc_processing_dag.py
[2025-08-03T12:07:33.741+0000] {logging_mixin.py:151} INFO - [2025-08-03T12:07:33.740+0000] {dag.py:2915} INFO - Sync 1 DAGs
[2025-08-03T12:07:33.830+0000] {logging_mixin.py:151} INFO - [2025-08-03T12:07:33.829+0000] {dag.py:3696} INFO - Setting next_dagrun for cdc_processing_pipeline to 2025-08-03T12:02:33.829887+00:00, run_after=2025-08-03T12:07:33.829887+00:00
[2025-08-03T12:07:33.837+0000] {processor.py:179} INFO - Processing /opt/airflow/dags/cdc_processing_dag.py took 0.380 seconds
[2025-08-03T12:08:04.012+0000] {processor.py:157} INFO - Started process (PID=304) to work on /opt/airflow/dags/cdc_processing_dag.py
[2025-08-03T12:08:04.015+0000] {processor.py:829} INFO - Processing file /opt/airflow/dags/cdc_processing_dag.py for tasks to queue
[2025-08-03T12:08:04.018+0000] {logging_mixin.py:151} INFO - [2025-08-03T12:08:04.018+0000] {dagbag.py:539} INFO - Filling up the DagBag from /opt/airflow/dags/cdc_processing_dag.py
[2025-08-03T12:08:04.365+0000] {processor.py:839} INFO - DAG(s) dict_keys(['cdc_processing_pipeline']) retrieved from /opt/airflow/dags/cdc_processing_dag.py
[2025-08-03T12:08:04.379+0000] {logging_mixin.py:151} INFO - [2025-08-03T12:08:04.379+0000] {dag.py:2915} INFO - Sync 1 DAGs
[2025-08-03T12:08:04.389+0000] {logging_mixin.py:151} INFO - [2025-08-03T12:08:04.388+0000] {dag.py:3696} INFO - Setting next_dagrun for cdc_processing_pipeline to 2025-08-03T12:03:04.388849+00:00, run_after=2025-08-03T12:08:04.388849+00:00
[2025-08-03T12:08:04.397+0000] {processor.py:179} INFO - Processing /opt/airflow/dags/cdc_processing_dag.py took 0.387 seconds
[2025-08-03T12:08:34.627+0000] {processor.py:157} INFO - Started process (PID=314) to work on /opt/airflow/dags/cdc_processing_dag.py
[2025-08-03T12:08:34.628+0000] {processor.py:829} INFO - Processing file /opt/airflow/dags/cdc_processing_dag.py for tasks to queue
[2025-08-03T12:08:34.630+0000] {logging_mixin.py:151} INFO - [2025-08-03T12:08:34.630+0000] {dagbag.py:539} INFO - Filling up the DagBag from /opt/airflow/dags/cdc_processing_dag.py
[2025-08-03T12:08:34.880+0000] {processor.py:839} INFO - DAG(s) dict_keys(['cdc_processing_pipeline']) retrieved from /opt/airflow/dags/cdc_processing_dag.py
[2025-08-03T12:08:34.894+0000] {logging_mixin.py:151} INFO - [2025-08-03T12:08:34.893+0000] {dag.py:2915} INFO - Sync 1 DAGs
[2025-08-03T12:08:34.983+0000] {logging_mixin.py:151} INFO - [2025-08-03T12:08:34.983+0000] {dag.py:3696} INFO - Setting next_dagrun for cdc_processing_pipeline to 2025-08-03T12:03:34.983659+00:00, run_after=2025-08-03T12:08:34.983659+00:00
[2025-08-03T12:08:34.991+0000] {processor.py:179} INFO - Processing /opt/airflow/dags/cdc_processing_dag.py took 0.368 seconds
[2025-08-03T12:09:05.213+0000] {processor.py:157} INFO - Started process (PID=324) to work on /opt/airflow/dags/cdc_processing_dag.py
[2025-08-03T12:09:05.214+0000] {processor.py:829} INFO - Processing file /opt/airflow/dags/cdc_processing_dag.py for tasks to queue
[2025-08-03T12:09:05.217+0000] {logging_mixin.py:151} INFO - [2025-08-03T12:09:05.217+0000] {dagbag.py:539} INFO - Filling up the DagBag from /opt/airflow/dags/cdc_processing_dag.py
[2025-08-03T12:09:05.473+0000] {processor.py:839} INFO - DAG(s) dict_keys(['cdc_processing_pipeline']) retrieved from /opt/airflow/dags/cdc_processing_dag.py
[2025-08-03T12:09:05.487+0000] {logging_mixin.py:151} INFO - [2025-08-03T12:09:05.486+0000] {dag.py:2915} INFO - Sync 1 DAGs
[2025-08-03T12:09:05.496+0000] {logging_mixin.py:151} INFO - [2025-08-03T12:09:05.496+0000] {dag.py:3696} INFO - Setting next_dagrun for cdc_processing_pipeline to 2025-08-03T12:04:05.496276+00:00, run_after=2025-08-03T12:09:05.496276+00:00
[2025-08-03T12:09:05.504+0000] {processor.py:179} INFO - Processing /opt/airflow/dags/cdc_processing_dag.py took 0.295 seconds
[2025-08-03T12:09:35.798+0000] {processor.py:157} INFO - Started process (PID=334) to work on /opt/airflow/dags/cdc_processing_dag.py
[2025-08-03T12:09:35.800+0000] {processor.py:829} INFO - Processing file /opt/airflow/dags/cdc_processing_dag.py for tasks to queue
[2025-08-03T12:09:35.804+0000] {logging_mixin.py:151} INFO - [2025-08-03T12:09:35.803+0000] {dagbag.py:539} INFO - Filling up the DagBag from /opt/airflow/dags/cdc_processing_dag.py
[2025-08-03T12:09:36.066+0000] {processor.py:839} INFO - DAG(s) dict_keys(['cdc_processing_pipeline']) retrieved from /opt/airflow/dags/cdc_processing_dag.py
[2025-08-03T12:09:36.080+0000] {logging_mixin.py:151} INFO - [2025-08-03T12:09:36.079+0000] {dag.py:2915} INFO - Sync 1 DAGs
[2025-08-03T12:09:36.168+0000] {logging_mixin.py:151} INFO - [2025-08-03T12:09:36.168+0000] {dag.py:3696} INFO - Setting next_dagrun for cdc_processing_pipeline to 2025-08-03T12:04:36.168780+00:00, run_after=2025-08-03T12:09:36.168780+00:00
[2025-08-03T12:09:36.176+0000] {processor.py:179} INFO - Processing /opt/airflow/dags/cdc_processing_dag.py took 0.382 seconds
[2025-08-03T12:10:06.356+0000] {processor.py:157} INFO - Started process (PID=344) to work on /opt/airflow/dags/cdc_processing_dag.py
[2025-08-03T12:10:06.357+0000] {processor.py:829} INFO - Processing file /opt/airflow/dags/cdc_processing_dag.py for tasks to queue
[2025-08-03T12:10:06.359+0000] {logging_mixin.py:151} INFO - [2025-08-03T12:10:06.359+0000] {dagbag.py:539} INFO - Filling up the DagBag from /opt/airflow/dags/cdc_processing_dag.py
[2025-08-03T12:10:06.620+0000] {processor.py:839} INFO - DAG(s) dict_keys(['cdc_processing_pipeline']) retrieved from /opt/airflow/dags/cdc_processing_dag.py
[2025-08-03T12:10:06.634+0000] {logging_mixin.py:151} INFO - [2025-08-03T12:10:06.633+0000] {dag.py:2915} INFO - Sync 1 DAGs
[2025-08-03T12:10:06.643+0000] {logging_mixin.py:151} INFO - [2025-08-03T12:10:06.643+0000] {dag.py:3696} INFO - Setting next_dagrun for cdc_processing_pipeline to 2025-08-03T12:05:06.642971+00:00, run_after=2025-08-03T12:10:06.642971+00:00
[2025-08-03T12:10:06.650+0000] {processor.py:179} INFO - Processing /opt/airflow/dags/cdc_processing_dag.py took 0.298 seconds
[2025-08-03T12:10:36.863+0000] {processor.py:157} INFO - Started process (PID=354) to work on /opt/airflow/dags/cdc_processing_dag.py
[2025-08-03T12:10:36.864+0000] {processor.py:829} INFO - Processing file /opt/airflow/dags/cdc_processing_dag.py for tasks to queue
[2025-08-03T12:10:36.866+0000] {logging_mixin.py:151} INFO - [2025-08-03T12:10:36.866+0000] {dagbag.py:539} INFO - Filling up the DagBag from /opt/airflow/dags/cdc_processing_dag.py
[2025-08-03T12:10:37.121+0000] {processor.py:839} INFO - DAG(s) dict_keys(['cdc_processing_pipeline']) retrieved from /opt/airflow/dags/cdc_processing_dag.py
[2025-08-03T12:10:37.134+0000] {logging_mixin.py:151} INFO - [2025-08-03T12:10:37.134+0000] {dag.py:2915} INFO - Sync 1 DAGs
[2025-08-03T12:10:37.258+0000] {logging_mixin.py:151} INFO - [2025-08-03T12:10:37.258+0000] {dag.py:3696} INFO - Setting next_dagrun for cdc_processing_pipeline to 2025-08-03T12:05:37.257966+00:00, run_after=2025-08-03T12:10:37.257966+00:00
[2025-08-03T12:10:37.277+0000] {processor.py:179} INFO - Processing /opt/airflow/dags/cdc_processing_dag.py took 0.417 seconds
[2025-08-03T12:11:07.388+0000] {processor.py:157} INFO - Started process (PID=364) to work on /opt/airflow/dags/cdc_processing_dag.py
[2025-08-03T12:11:07.390+0000] {processor.py:829} INFO - Processing file /opt/airflow/dags/cdc_processing_dag.py for tasks to queue
[2025-08-03T12:11:07.392+0000] {logging_mixin.py:151} INFO - [2025-08-03T12:11:07.392+0000] {dagbag.py:539} INFO - Filling up the DagBag from /opt/airflow/dags/cdc_processing_dag.py
[2025-08-03T12:11:07.651+0000] {processor.py:839} INFO - DAG(s) dict_keys(['cdc_processing_pipeline']) retrieved from /opt/airflow/dags/cdc_processing_dag.py
[2025-08-03T12:11:07.664+0000] {logging_mixin.py:151} INFO - [2025-08-03T12:11:07.664+0000] {dag.py:2915} INFO - Sync 1 DAGs
[2025-08-03T12:11:07.674+0000] {logging_mixin.py:151} INFO - [2025-08-03T12:11:07.673+0000] {dag.py:3696} INFO - Setting next_dagrun for cdc_processing_pipeline to 2025-08-03T12:06:07.673776+00:00, run_after=2025-08-03T12:11:07.673776+00:00
[2025-08-03T12:11:07.682+0000] {processor.py:179} INFO - Processing /opt/airflow/dags/cdc_processing_dag.py took 0.297 seconds
[2025-08-03T12:11:37.925+0000] {processor.py:157} INFO - Started process (PID=374) to work on /opt/airflow/dags/cdc_processing_dag.py
[2025-08-03T12:11:37.926+0000] {processor.py:829} INFO - Processing file /opt/airflow/dags/cdc_processing_dag.py for tasks to queue
[2025-08-03T12:11:37.928+0000] {logging_mixin.py:151} INFO - [2025-08-03T12:11:37.928+0000] {dagbag.py:539} INFO - Filling up the DagBag from /opt/airflow/dags/cdc_processing_dag.py
[2025-08-03T12:11:38.179+0000] {processor.py:839} INFO - DAG(s) dict_keys(['cdc_processing_pipeline']) retrieved from /opt/airflow/dags/cdc_processing_dag.py
[2025-08-03T12:11:38.193+0000] {logging_mixin.py:151} INFO - [2025-08-03T12:11:38.192+0000] {dag.py:2915} INFO - Sync 1 DAGs
[2025-08-03T12:11:38.288+0000] {logging_mixin.py:151} INFO - [2025-08-03T12:11:38.288+0000] {dag.py:3696} INFO - Setting next_dagrun for cdc_processing_pipeline to 2025-08-03T12:06:38.288392+00:00, run_after=2025-08-03T12:11:38.288392+00:00
[2025-08-03T12:11:38.297+0000] {processor.py:179} INFO - Processing /opt/airflow/dags/cdc_processing_dag.py took 0.377 seconds
[2025-08-03T12:12:08.405+0000] {processor.py:157} INFO - Started process (PID=384) to work on /opt/airflow/dags/cdc_processing_dag.py
[2025-08-03T12:12:08.405+0000] {processor.py:829} INFO - Processing file /opt/airflow/dags/cdc_processing_dag.py for tasks to queue
[2025-08-03T12:12:08.407+0000] {logging_mixin.py:151} INFO - [2025-08-03T12:12:08.407+0000] {dagbag.py:539} INFO - Filling up the DagBag from /opt/airflow/dags/cdc_processing_dag.py
[2025-08-03T12:12:08.653+0000] {processor.py:839} INFO - DAG(s) dict_keys(['cdc_processing_pipeline']) retrieved from /opt/airflow/dags/cdc_processing_dag.py
[2025-08-03T12:12:08.666+0000] {logging_mixin.py:151} INFO - [2025-08-03T12:12:08.666+0000] {dag.py:2915} INFO - Sync 1 DAGs
[2025-08-03T12:12:08.674+0000] {logging_mixin.py:151} INFO - [2025-08-03T12:12:08.674+0000] {dag.py:3696} INFO - Setting next_dagrun for cdc_processing_pipeline to 2025-08-03T12:07:08.674412+00:00, run_after=2025-08-03T12:12:08.674412+00:00
[2025-08-03T12:12:08.681+0000] {processor.py:179} INFO - Processing /opt/airflow/dags/cdc_processing_dag.py took 0.279 seconds
[2025-08-03T12:12:38.893+0000] {processor.py:157} INFO - Started process (PID=394) to work on /opt/airflow/dags/cdc_processing_dag.py
[2025-08-03T12:12:38.894+0000] {processor.py:829} INFO - Processing file /opt/airflow/dags/cdc_processing_dag.py for tasks to queue
[2025-08-03T12:12:38.896+0000] {logging_mixin.py:151} INFO - [2025-08-03T12:12:38.896+0000] {dagbag.py:539} INFO - Filling up the DagBag from /opt/airflow/dags/cdc_processing_dag.py
[2025-08-03T12:12:39.148+0000] {processor.py:839} INFO - DAG(s) dict_keys(['cdc_processing_pipeline']) retrieved from /opt/airflow/dags/cdc_processing_dag.py
[2025-08-03T12:12:39.163+0000] {logging_mixin.py:151} INFO - [2025-08-03T12:12:39.163+0000] {dag.py:2915} INFO - Sync 1 DAGs
[2025-08-03T12:12:39.255+0000] {logging_mixin.py:151} INFO - [2025-08-03T12:12:39.255+0000] {dag.py:3696} INFO - Setting next_dagrun for cdc_processing_pipeline to 2025-08-03T12:07:39.255686+00:00, run_after=2025-08-03T12:12:39.255686+00:00
[2025-08-03T12:12:39.263+0000] {processor.py:179} INFO - Processing /opt/airflow/dags/cdc_processing_dag.py took 0.373 seconds
[2025-08-03T12:13:09.466+0000] {processor.py:157} INFO - Started process (PID=404) to work on /opt/airflow/dags/cdc_processing_dag.py
[2025-08-03T12:13:09.467+0000] {processor.py:829} INFO - Processing file /opt/airflow/dags/cdc_processing_dag.py for tasks to queue
[2025-08-03T12:13:09.470+0000] {logging_mixin.py:151} INFO - [2025-08-03T12:13:09.470+0000] {dagbag.py:539} INFO - Filling up the DagBag from /opt/airflow/dags/cdc_processing_dag.py
[2025-08-03T12:13:09.733+0000] {processor.py:839} INFO - DAG(s) dict_keys(['cdc_processing_pipeline']) retrieved from /opt/airflow/dags/cdc_processing_dag.py
[2025-08-03T12:13:09.747+0000] {logging_mixin.py:151} INFO - [2025-08-03T12:13:09.747+0000] {dag.py:2915} INFO - Sync 1 DAGs
[2025-08-03T12:13:09.756+0000] {logging_mixin.py:151} INFO - [2025-08-03T12:13:09.756+0000] {dag.py:3696} INFO - Setting next_dagrun for cdc_processing_pipeline to 2025-08-03T12:08:09.756614+00:00, run_after=2025-08-03T12:13:09.756614+00:00
[2025-08-03T12:13:09.765+0000] {processor.py:179} INFO - Processing /opt/airflow/dags/cdc_processing_dag.py took 0.304 seconds
[2025-08-03T12:13:40.047+0000] {processor.py:157} INFO - Started process (PID=414) to work on /opt/airflow/dags/cdc_processing_dag.py
[2025-08-03T12:13:40.049+0000] {processor.py:829} INFO - Processing file /opt/airflow/dags/cdc_processing_dag.py for tasks to queue
[2025-08-03T12:13:40.053+0000] {logging_mixin.py:151} INFO - [2025-08-03T12:13:40.053+0000] {dagbag.py:539} INFO - Filling up the DagBag from /opt/airflow/dags/cdc_processing_dag.py
[2025-08-03T12:13:40.329+0000] {processor.py:839} INFO - DAG(s) dict_keys(['cdc_processing_pipeline']) retrieved from /opt/airflow/dags/cdc_processing_dag.py
[2025-08-03T12:13:40.343+0000] {logging_mixin.py:151} INFO - [2025-08-03T12:13:40.342+0000] {dag.py:2915} INFO - Sync 1 DAGs
[2025-08-03T12:13:40.434+0000] {logging_mixin.py:151} INFO - [2025-08-03T12:13:40.434+0000] {dag.py:3696} INFO - Setting next_dagrun for cdc_processing_pipeline to 2025-08-03T12:08:40.434618+00:00, run_after=2025-08-03T12:13:40.434618+00:00
[2025-08-03T12:13:40.442+0000] {processor.py:179} INFO - Processing /opt/airflow/dags/cdc_processing_dag.py took 0.399 seconds
[2025-08-03T12:14:10.618+0000] {processor.py:157} INFO - Started process (PID=424) to work on /opt/airflow/dags/cdc_processing_dag.py
[2025-08-03T12:14:10.618+0000] {processor.py:829} INFO - Processing file /opt/airflow/dags/cdc_processing_dag.py for tasks to queue
[2025-08-03T12:14:10.623+0000] {logging_mixin.py:151} INFO - [2025-08-03T12:14:10.622+0000] {dagbag.py:539} INFO - Filling up the DagBag from /opt/airflow/dags/cdc_processing_dag.py
[2025-08-03T12:14:10.881+0000] {processor.py:839} INFO - DAG(s) dict_keys(['cdc_processing_pipeline']) retrieved from /opt/airflow/dags/cdc_processing_dag.py
[2025-08-03T12:14:10.894+0000] {logging_mixin.py:151} INFO - [2025-08-03T12:14:10.893+0000] {dag.py:2915} INFO - Sync 1 DAGs
[2025-08-03T12:14:10.902+0000] {logging_mixin.py:151} INFO - [2025-08-03T12:14:10.902+0000] {dag.py:3696} INFO - Setting next_dagrun for cdc_processing_pipeline to 2025-08-03T12:09:10.902199+00:00, run_after=2025-08-03T12:14:10.902199+00:00
[2025-08-03T12:14:10.909+0000] {processor.py:179} INFO - Processing /opt/airflow/dags/cdc_processing_dag.py took 0.296 seconds
[2025-08-03T12:14:41.143+0000] {processor.py:157} INFO - Started process (PID=434) to work on /opt/airflow/dags/cdc_processing_dag.py
[2025-08-03T12:14:41.143+0000] {processor.py:829} INFO - Processing file /opt/airflow/dags/cdc_processing_dag.py for tasks to queue
[2025-08-03T12:14:41.145+0000] {logging_mixin.py:151} INFO - [2025-08-03T12:14:41.144+0000] {dagbag.py:539} INFO - Filling up the DagBag from /opt/airflow/dags/cdc_processing_dag.py
[2025-08-03T12:14:41.411+0000] {processor.py:839} INFO - DAG(s) dict_keys(['cdc_processing_pipeline']) retrieved from /opt/airflow/dags/cdc_processing_dag.py
[2025-08-03T12:14:41.425+0000] {logging_mixin.py:151} INFO - [2025-08-03T12:14:41.425+0000] {dag.py:2915} INFO - Sync 1 DAGs
[2025-08-03T12:14:41.518+0000] {logging_mixin.py:151} INFO - [2025-08-03T12:14:41.518+0000] {dag.py:3696} INFO - Setting next_dagrun for cdc_processing_pipeline to 2025-08-03T12:09:41.518746+00:00, run_after=2025-08-03T12:14:41.518746+00:00
[2025-08-03T12:14:41.529+0000] {processor.py:179} INFO - Processing /opt/airflow/dags/cdc_processing_dag.py took 0.388 seconds
[2025-08-03T12:15:11.694+0000] {processor.py:157} INFO - Started process (PID=444) to work on /opt/airflow/dags/cdc_processing_dag.py
[2025-08-03T12:15:11.695+0000] {processor.py:829} INFO - Processing file /opt/airflow/dags/cdc_processing_dag.py for tasks to queue
[2025-08-03T12:15:11.697+0000] {logging_mixin.py:151} INFO - [2025-08-03T12:15:11.697+0000] {dagbag.py:539} INFO - Filling up the DagBag from /opt/airflow/dags/cdc_processing_dag.py
[2025-08-03T12:15:11.964+0000] {processor.py:839} INFO - DAG(s) dict_keys(['cdc_processing_pipeline']) retrieved from /opt/airflow/dags/cdc_processing_dag.py
[2025-08-03T12:15:11.979+0000] {logging_mixin.py:151} INFO - [2025-08-03T12:15:11.979+0000] {dag.py:2915} INFO - Sync 1 DAGs
[2025-08-03T12:15:11.988+0000] {logging_mixin.py:151} INFO - [2025-08-03T12:15:11.988+0000] {dag.py:3696} INFO - Setting next_dagrun for cdc_processing_pipeline to 2025-08-03T12:10:11.988081+00:00, run_after=2025-08-03T12:15:11.988081+00:00
[2025-08-03T12:15:11.997+0000] {processor.py:179} INFO - Processing /opt/airflow/dags/cdc_processing_dag.py took 0.305 seconds
[2025-08-03T12:15:42.241+0000] {processor.py:157} INFO - Started process (PID=454) to work on /opt/airflow/dags/cdc_processing_dag.py
[2025-08-03T12:15:42.241+0000] {processor.py:829} INFO - Processing file /opt/airflow/dags/cdc_processing_dag.py for tasks to queue
[2025-08-03T12:15:42.244+0000] {logging_mixin.py:151} INFO - [2025-08-03T12:15:42.244+0000] {dagbag.py:539} INFO - Filling up the DagBag from /opt/airflow/dags/cdc_processing_dag.py
[2025-08-03T12:15:42.507+0000] {processor.py:839} INFO - DAG(s) dict_keys(['cdc_processing_pipeline']) retrieved from /opt/airflow/dags/cdc_processing_dag.py
[2025-08-03T12:15:42.520+0000] {logging_mixin.py:151} INFO - [2025-08-03T12:15:42.520+0000] {dag.py:2915} INFO - Sync 1 DAGs
[2025-08-03T12:15:42.612+0000] {logging_mixin.py:151} INFO - [2025-08-03T12:15:42.612+0000] {dag.py:3696} INFO - Setting next_dagrun for cdc_processing_pipeline to 2025-08-03T12:10:42.612471+00:00, run_after=2025-08-03T12:15:42.612471+00:00
[2025-08-03T12:15:42.619+0000] {processor.py:179} INFO - Processing /opt/airflow/dags/cdc_processing_dag.py took 0.382 seconds
[2025-08-03T12:16:12.846+0000] {processor.py:157} INFO - Started process (PID=464) to work on /opt/airflow/dags/cdc_processing_dag.py
[2025-08-03T12:16:12.847+0000] {processor.py:829} INFO - Processing file /opt/airflow/dags/cdc_processing_dag.py for tasks to queue
[2025-08-03T12:16:12.851+0000] {logging_mixin.py:151} INFO - [2025-08-03T12:16:12.850+0000] {dagbag.py:539} INFO - Filling up the DagBag from /opt/airflow/dags/cdc_processing_dag.py
[2025-08-03T12:16:13.121+0000] {processor.py:839} INFO - DAG(s) dict_keys(['cdc_processing_pipeline']) retrieved from /opt/airflow/dags/cdc_processing_dag.py
[2025-08-03T12:16:13.135+0000] {logging_mixin.py:151} INFO - [2025-08-03T12:16:13.135+0000] {dag.py:2915} INFO - Sync 1 DAGs
[2025-08-03T12:16:13.146+0000] {logging_mixin.py:151} INFO - [2025-08-03T12:16:13.146+0000] {dag.py:3696} INFO - Setting next_dagrun for cdc_processing_pipeline to 2025-08-03T12:11:13.146115+00:00, run_after=2025-08-03T12:16:13.146115+00:00
[2025-08-03T12:16:13.155+0000] {processor.py:179} INFO - Processing /opt/airflow/dags/cdc_processing_dag.py took 0.314 seconds
[2025-08-03T12:16:43.381+0000] {processor.py:157} INFO - Started process (PID=474) to work on /opt/airflow/dags/cdc_processing_dag.py
[2025-08-03T12:16:43.382+0000] {processor.py:829} INFO - Processing file /opt/airflow/dags/cdc_processing_dag.py for tasks to queue
[2025-08-03T12:16:43.383+0000] {logging_mixin.py:151} INFO - [2025-08-03T12:16:43.383+0000] {dagbag.py:539} INFO - Filling up the DagBag from /opt/airflow/dags/cdc_processing_dag.py
[2025-08-03T12:16:43.636+0000] {processor.py:839} INFO - DAG(s) dict_keys(['cdc_processing_pipeline']) retrieved from /opt/airflow/dags/cdc_processing_dag.py
[2025-08-03T12:16:43.649+0000] {logging_mixin.py:151} INFO - [2025-08-03T12:16:43.649+0000] {dag.py:2915} INFO - Sync 1 DAGs
[2025-08-03T12:16:43.740+0000] {logging_mixin.py:151} INFO - [2025-08-03T12:16:43.740+0000] {dag.py:3696} INFO - Setting next_dagrun for cdc_processing_pipeline to 2025-08-03T12:11:43.740463+00:00, run_after=2025-08-03T12:16:43.740463+00:00
[2025-08-03T12:16:43.748+0000] {processor.py:179} INFO - Processing /opt/airflow/dags/cdc_processing_dag.py took 0.369 seconds
[2025-08-03T12:17:13.946+0000] {processor.py:157} INFO - Started process (PID=484) to work on /opt/airflow/dags/cdc_processing_dag.py
[2025-08-03T12:17:13.947+0000] {processor.py:829} INFO - Processing file /opt/airflow/dags/cdc_processing_dag.py for tasks to queue
[2025-08-03T12:17:13.949+0000] {logging_mixin.py:151} INFO - [2025-08-03T12:17:13.949+0000] {dagbag.py:539} INFO - Filling up the DagBag from /opt/airflow/dags/cdc_processing_dag.py
[2025-08-03T12:17:14.213+0000] {processor.py:839} INFO - DAG(s) dict_keys(['cdc_processing_pipeline']) retrieved from /opt/airflow/dags/cdc_processing_dag.py
[2025-08-03T12:17:14.227+0000] {logging_mixin.py:151} INFO - [2025-08-03T12:17:14.227+0000] {dag.py:2915} INFO - Sync 1 DAGs
[2025-08-03T12:17:14.236+0000] {logging_mixin.py:151} INFO - [2025-08-03T12:17:14.236+0000] {dag.py:3696} INFO - Setting next_dagrun for cdc_processing_pipeline to 2025-08-03T12:12:14.236284+00:00, run_after=2025-08-03T12:17:14.236284+00:00
[2025-08-03T12:17:14.243+0000] {processor.py:179} INFO - Processing /opt/airflow/dags/cdc_processing_dag.py took 0.299 seconds
[2025-08-03T12:17:44.535+0000] {processor.py:157} INFO - Started process (PID=494) to work on /opt/airflow/dags/cdc_processing_dag.py
[2025-08-03T12:17:44.536+0000] {processor.py:829} INFO - Processing file /opt/airflow/dags/cdc_processing_dag.py for tasks to queue
[2025-08-03T12:17:44.540+0000] {logging_mixin.py:151} INFO - [2025-08-03T12:17:44.540+0000] {dagbag.py:539} INFO - Filling up the DagBag from /opt/airflow/dags/cdc_processing_dag.py
[2025-08-03T12:17:44.797+0000] {processor.py:839} INFO - DAG(s) dict_keys(['cdc_processing_pipeline']) retrieved from /opt/airflow/dags/cdc_processing_dag.py
[2025-08-03T12:17:44.810+0000] {logging_mixin.py:151} INFO - [2025-08-03T12:17:44.810+0000] {dag.py:2915} INFO - Sync 1 DAGs
[2025-08-03T12:17:44.899+0000] {logging_mixin.py:151} INFO - [2025-08-03T12:17:44.899+0000] {dag.py:3696} INFO - Setting next_dagrun for cdc_processing_pipeline to 2025-08-03T12:12:44.899365+00:00, run_after=2025-08-03T12:17:44.899365+00:00
[2025-08-03T12:17:44.907+0000] {processor.py:179} INFO - Processing /opt/airflow/dags/cdc_processing_dag.py took 0.377 seconds
[2025-08-03T12:18:15.072+0000] {processor.py:157} INFO - Started process (PID=504) to work on /opt/airflow/dags/cdc_processing_dag.py
[2025-08-03T12:18:15.073+0000] {processor.py:829} INFO - Processing file /opt/airflow/dags/cdc_processing_dag.py for tasks to queue
[2025-08-03T12:18:15.077+0000] {logging_mixin.py:151} INFO - [2025-08-03T12:18:15.077+0000] {dagbag.py:539} INFO - Filling up the DagBag from /opt/airflow/dags/cdc_processing_dag.py
[2025-08-03T12:18:15.346+0000] {processor.py:839} INFO - DAG(s) dict_keys(['cdc_processing_pipeline']) retrieved from /opt/airflow/dags/cdc_processing_dag.py
[2025-08-03T12:18:15.360+0000] {logging_mixin.py:151} INFO - [2025-08-03T12:18:15.360+0000] {dag.py:2915} INFO - Sync 1 DAGs
[2025-08-03T12:18:15.369+0000] {logging_mixin.py:151} INFO - [2025-08-03T12:18:15.369+0000] {dag.py:3696} INFO - Setting next_dagrun for cdc_processing_pipeline to 2025-08-03T12:13:15.369264+00:00, run_after=2025-08-03T12:18:15.369264+00:00
[2025-08-03T12:18:15.376+0000] {processor.py:179} INFO - Processing /opt/airflow/dags/cdc_processing_dag.py took 0.310 seconds
[2025-08-03T12:18:45.659+0000] {processor.py:157} INFO - Started process (PID=514) to work on /opt/airflow/dags/cdc_processing_dag.py
[2025-08-03T12:18:45.660+0000] {processor.py:829} INFO - Processing file /opt/airflow/dags/cdc_processing_dag.py for tasks to queue
[2025-08-03T12:18:45.662+0000] {logging_mixin.py:151} INFO - [2025-08-03T12:18:45.661+0000] {dagbag.py:539} INFO - Filling up the DagBag from /opt/airflow/dags/cdc_processing_dag.py
[2025-08-03T12:18:45.912+0000] {processor.py:839} INFO - DAG(s) dict_keys(['cdc_processing_pipeline']) retrieved from /opt/airflow/dags/cdc_processing_dag.py
[2025-08-03T12:18:45.926+0000] {logging_mixin.py:151} INFO - [2025-08-03T12:18:45.926+0000] {dag.py:2915} INFO - Sync 1 DAGs
[2025-08-03T12:18:46.016+0000] {logging_mixin.py:151} INFO - [2025-08-03T12:18:46.016+0000] {dag.py:3696} INFO - Setting next_dagrun for cdc_processing_pipeline to 2025-08-03T12:13:46.016163+00:00, run_after=2025-08-03T12:18:46.016163+00:00
[2025-08-03T12:18:46.023+0000] {processor.py:179} INFO - Processing /opt/airflow/dags/cdc_processing_dag.py took 0.366 seconds
[2025-08-03T12:19:16.193+0000] {processor.py:157} INFO - Started process (PID=524) to work on /opt/airflow/dags/cdc_processing_dag.py
[2025-08-03T12:19:16.194+0000] {processor.py:829} INFO - Processing file /opt/airflow/dags/cdc_processing_dag.py for tasks to queue
[2025-08-03T12:19:16.198+0000] {logging_mixin.py:151} INFO - [2025-08-03T12:19:16.197+0000] {dagbag.py:539} INFO - Filling up the DagBag from /opt/airflow/dags/cdc_processing_dag.py
[2025-08-03T12:19:16.470+0000] {processor.py:839} INFO - DAG(s) dict_keys(['cdc_processing_pipeline']) retrieved from /opt/airflow/dags/cdc_processing_dag.py
[2025-08-03T12:19:16.484+0000] {logging_mixin.py:151} INFO - [2025-08-03T12:19:16.484+0000] {dag.py:2915} INFO - Sync 1 DAGs
[2025-08-03T12:19:16.494+0000] {logging_mixin.py:151} INFO - [2025-08-03T12:19:16.494+0000] {dag.py:3696} INFO - Setting next_dagrun for cdc_processing_pipeline to 2025-08-03T12:14:16.494720+00:00, run_after=2025-08-03T12:19:16.494720+00:00
[2025-08-03T12:19:16.502+0000] {processor.py:179} INFO - Processing /opt/airflow/dags/cdc_processing_dag.py took 0.315 seconds
[2025-08-03T12:19:46.793+0000] {processor.py:157} INFO - Started process (PID=534) to work on /opt/airflow/dags/cdc_processing_dag.py
[2025-08-03T12:19:46.794+0000] {processor.py:829} INFO - Processing file /opt/airflow/dags/cdc_processing_dag.py for tasks to queue
[2025-08-03T12:19:46.797+0000] {logging_mixin.py:151} INFO - [2025-08-03T12:19:46.796+0000] {dagbag.py:539} INFO - Filling up the DagBag from /opt/airflow/dags/cdc_processing_dag.py
[2025-08-03T12:19:47.071+0000] {processor.py:839} INFO - DAG(s) dict_keys(['cdc_processing_pipeline']) retrieved from /opt/airflow/dags/cdc_processing_dag.py
[2025-08-03T12:19:47.085+0000] {logging_mixin.py:151} INFO - [2025-08-03T12:19:47.085+0000] {dag.py:2915} INFO - Sync 1 DAGs
[2025-08-03T12:19:47.178+0000] {logging_mixin.py:151} INFO - [2025-08-03T12:19:47.178+0000] {dag.py:3696} INFO - Setting next_dagrun for cdc_processing_pipeline to 2025-08-03T12:14:47.178507+00:00, run_after=2025-08-03T12:19:47.178507+00:00
[2025-08-03T12:19:47.186+0000] {processor.py:179} INFO - Processing /opt/airflow/dags/cdc_processing_dag.py took 0.398 seconds
[2025-08-03T12:20:17.423+0000] {processor.py:157} INFO - Started process (PID=544) to work on /opt/airflow/dags/cdc_processing_dag.py
[2025-08-03T12:20:17.424+0000] {processor.py:829} INFO - Processing file /opt/airflow/dags/cdc_processing_dag.py for tasks to queue
[2025-08-03T12:20:17.426+0000] {logging_mixin.py:151} INFO - [2025-08-03T12:20:17.426+0000] {dagbag.py:539} INFO - Filling up the DagBag from /opt/airflow/dags/cdc_processing_dag.py
[2025-08-03T12:20:17.697+0000] {processor.py:839} INFO - DAG(s) dict_keys(['cdc_processing_pipeline']) retrieved from /opt/airflow/dags/cdc_processing_dag.py
[2025-08-03T12:20:17.711+0000] {logging_mixin.py:151} INFO - [2025-08-03T12:20:17.711+0000] {dag.py:2915} INFO - Sync 1 DAGs
[2025-08-03T12:20:17.720+0000] {logging_mixin.py:151} INFO - [2025-08-03T12:20:17.720+0000] {dag.py:3696} INFO - Setting next_dagrun for cdc_processing_pipeline to 2025-08-03T12:15:17.720059+00:00, run_after=2025-08-03T12:20:17.720059+00:00
[2025-08-03T12:20:17.727+0000] {processor.py:179} INFO - Processing /opt/airflow/dags/cdc_processing_dag.py took 0.309 seconds
[2025-08-03T12:20:48.002+0000] {processor.py:157} INFO - Started process (PID=554) to work on /opt/airflow/dags/cdc_processing_dag.py
[2025-08-03T12:20:48.002+0000] {processor.py:829} INFO - Processing file /opt/airflow/dags/cdc_processing_dag.py for tasks to queue
[2025-08-03T12:20:48.005+0000] {logging_mixin.py:151} INFO - [2025-08-03T12:20:48.004+0000] {dagbag.py:539} INFO - Filling up the DagBag from /opt/airflow/dags/cdc_processing_dag.py
[2025-08-03T12:20:48.261+0000] {processor.py:839} INFO - DAG(s) dict_keys(['cdc_processing_pipeline']) retrieved from /opt/airflow/dags/cdc_processing_dag.py
[2025-08-03T12:20:48.275+0000] {logging_mixin.py:151} INFO - [2025-08-03T12:20:48.275+0000] {dag.py:2915} INFO - Sync 1 DAGs
[2025-08-03T12:20:48.369+0000] {logging_mixin.py:151} INFO - [2025-08-03T12:20:48.369+0000] {dag.py:3696} INFO - Setting next_dagrun for cdc_processing_pipeline to 2025-08-03T12:15:48.369272+00:00, run_after=2025-08-03T12:20:48.369272+00:00
[2025-08-03T12:20:48.376+0000] {processor.py:179} INFO - Processing /opt/airflow/dags/cdc_processing_dag.py took 0.380 seconds
[2025-08-03T12:21:18.560+0000] {processor.py:157} INFO - Started process (PID=564) to work on /opt/airflow/dags/cdc_processing_dag.py
[2025-08-03T12:21:18.561+0000] {processor.py:829} INFO - Processing file /opt/airflow/dags/cdc_processing_dag.py for tasks to queue
[2025-08-03T12:21:18.563+0000] {logging_mixin.py:151} INFO - [2025-08-03T12:21:18.562+0000] {dagbag.py:539} INFO - Filling up the DagBag from /opt/airflow/dags/cdc_processing_dag.py
[2025-08-03T12:21:18.828+0000] {processor.py:839} INFO - DAG(s) dict_keys(['cdc_processing_pipeline']) retrieved from /opt/airflow/dags/cdc_processing_dag.py
[2025-08-03T12:21:18.842+0000] {logging_mixin.py:151} INFO - [2025-08-03T12:21:18.841+0000] {dag.py:2915} INFO - Sync 1 DAGs
[2025-08-03T12:21:18.851+0000] {logging_mixin.py:151} INFO - [2025-08-03T12:21:18.851+0000] {dag.py:3696} INFO - Setting next_dagrun for cdc_processing_pipeline to 2025-08-03T12:16:18.850998+00:00, run_after=2025-08-03T12:21:18.850998+00:00
[2025-08-03T12:21:18.858+0000] {processor.py:179} INFO - Processing /opt/airflow/dags/cdc_processing_dag.py took 0.301 seconds
[2025-08-03T12:21:49.147+0000] {processor.py:157} INFO - Started process (PID=574) to work on /opt/airflow/dags/cdc_processing_dag.py
[2025-08-03T12:21:49.151+0000] {processor.py:829} INFO - Processing file /opt/airflow/dags/cdc_processing_dag.py for tasks to queue
[2025-08-03T12:21:49.154+0000] {logging_mixin.py:151} INFO - [2025-08-03T12:21:49.153+0000] {dagbag.py:539} INFO - Filling up the DagBag from /opt/airflow/dags/cdc_processing_dag.py
[2025-08-03T12:21:49.523+0000] {processor.py:839} INFO - DAG(s) dict_keys(['cdc_processing_pipeline']) retrieved from /opt/airflow/dags/cdc_processing_dag.py
[2025-08-03T12:21:49.537+0000] {logging_mixin.py:151} INFO - [2025-08-03T12:21:49.537+0000] {dag.py:2915} INFO - Sync 1 DAGs
[2025-08-03T12:21:49.633+0000] {logging_mixin.py:151} INFO - [2025-08-03T12:21:49.633+0000] {dag.py:3696} INFO - Setting next_dagrun for cdc_processing_pipeline to 2025-08-03T12:16:49.633126+00:00, run_after=2025-08-03T12:21:49.633126+00:00
[2025-08-03T12:21:49.640+0000] {processor.py:179} INFO - Processing /opt/airflow/dags/cdc_processing_dag.py took 0.500 seconds
[2025-08-03T12:22:19.901+0000] {processor.py:157} INFO - Started process (PID=584) to work on /opt/airflow/dags/cdc_processing_dag.py
[2025-08-03T12:22:19.902+0000] {processor.py:829} INFO - Processing file /opt/airflow/dags/cdc_processing_dag.py for tasks to queue
[2025-08-03T12:22:19.904+0000] {logging_mixin.py:151} INFO - [2025-08-03T12:22:19.904+0000] {dagbag.py:539} INFO - Filling up the DagBag from /opt/airflow/dags/cdc_processing_dag.py
[2025-08-03T12:22:20.159+0000] {processor.py:839} INFO - DAG(s) dict_keys(['cdc_processing_pipeline']) retrieved from /opt/airflow/dags/cdc_processing_dag.py
[2025-08-03T12:22:20.172+0000] {logging_mixin.py:151} INFO - [2025-08-03T12:22:20.172+0000] {dag.py:2915} INFO - Sync 1 DAGs
[2025-08-03T12:22:20.181+0000] {logging_mixin.py:151} INFO - [2025-08-03T12:22:20.181+0000] {dag.py:3696} INFO - Setting next_dagrun for cdc_processing_pipeline to 2025-08-03T12:17:20.181746+00:00, run_after=2025-08-03T12:22:20.181746+00:00
[2025-08-03T12:22:20.188+0000] {processor.py:179} INFO - Processing /opt/airflow/dags/cdc_processing_dag.py took 0.292 seconds
[2025-08-03T12:22:50.489+0000] {processor.py:157} INFO - Started process (PID=594) to work on /opt/airflow/dags/cdc_processing_dag.py
[2025-08-03T12:22:50.491+0000] {processor.py:829} INFO - Processing file /opt/airflow/dags/cdc_processing_dag.py for tasks to queue
[2025-08-03T12:22:50.495+0000] {logging_mixin.py:151} INFO - [2025-08-03T12:22:50.494+0000] {dagbag.py:539} INFO - Filling up the DagBag from /opt/airflow/dags/cdc_processing_dag.py
[2025-08-03T12:22:50.757+0000] {processor.py:839} INFO - DAG(s) dict_keys(['cdc_processing_pipeline']) retrieved from /opt/airflow/dags/cdc_processing_dag.py
[2025-08-03T12:22:50.771+0000] {logging_mixin.py:151} INFO - [2025-08-03T12:22:50.771+0000] {dag.py:2915} INFO - Sync 1 DAGs
[2025-08-03T12:22:50.863+0000] {logging_mixin.py:151} INFO - [2025-08-03T12:22:50.863+0000] {dag.py:3696} INFO - Setting next_dagrun for cdc_processing_pipeline to 2025-08-03T12:17:50.863291+00:00, run_after=2025-08-03T12:22:50.863291+00:00
[2025-08-03T12:22:50.871+0000] {processor.py:179} INFO - Processing /opt/airflow/dags/cdc_processing_dag.py took 0.386 seconds
[2025-08-03T12:23:21.131+0000] {processor.py:157} INFO - Started process (PID=604) to work on /opt/airflow/dags/cdc_processing_dag.py
[2025-08-03T12:23:21.132+0000] {processor.py:829} INFO - Processing file /opt/airflow/dags/cdc_processing_dag.py for tasks to queue
[2025-08-03T12:23:21.134+0000] {logging_mixin.py:151} INFO - [2025-08-03T12:23:21.134+0000] {dagbag.py:539} INFO - Filling up the DagBag from /opt/airflow/dags/cdc_processing_dag.py
[2025-08-03T12:23:21.389+0000] {processor.py:839} INFO - DAG(s) dict_keys(['cdc_processing_pipeline']) retrieved from /opt/airflow/dags/cdc_processing_dag.py
[2025-08-03T12:23:21.402+0000] {logging_mixin.py:151} INFO - [2025-08-03T12:23:21.402+0000] {dag.py:2915} INFO - Sync 1 DAGs
[2025-08-03T12:23:21.411+0000] {logging_mixin.py:151} INFO - [2025-08-03T12:23:21.411+0000] {dag.py:3696} INFO - Setting next_dagrun for cdc_processing_pipeline to 2025-08-03T12:18:21.411760+00:00, run_after=2025-08-03T12:23:21.411760+00:00
[2025-08-03T12:23:21.419+0000] {processor.py:179} INFO - Processing /opt/airflow/dags/cdc_processing_dag.py took 0.293 seconds
[2025-08-03T12:23:51.790+0000] {processor.py:157} INFO - Started process (PID=614) to work on /opt/airflow/dags/cdc_processing_dag.py
[2025-08-03T12:23:51.791+0000] {processor.py:829} INFO - Processing file /opt/airflow/dags/cdc_processing_dag.py for tasks to queue
[2025-08-03T12:23:51.795+0000] {logging_mixin.py:151} INFO - [2025-08-03T12:23:51.794+0000] {dagbag.py:539} INFO - Filling up the DagBag from /opt/airflow/dags/cdc_processing_dag.py
[2025-08-03T12:23:52.064+0000] {processor.py:839} INFO - DAG(s) dict_keys(['cdc_processing_pipeline']) retrieved from /opt/airflow/dags/cdc_processing_dag.py
[2025-08-03T12:23:52.077+0000] {logging_mixin.py:151} INFO - [2025-08-03T12:23:52.077+0000] {dag.py:2915} INFO - Sync 1 DAGs
[2025-08-03T12:23:52.166+0000] {logging_mixin.py:151} INFO - [2025-08-03T12:23:52.166+0000] {dag.py:3696} INFO - Setting next_dagrun for cdc_processing_pipeline to 2025-08-03T12:18:52.166770+00:00, run_after=2025-08-03T12:23:52.166770+00:00
[2025-08-03T12:23:52.174+0000] {processor.py:179} INFO - Processing /opt/airflow/dags/cdc_processing_dag.py took 0.389 seconds
[2025-08-03T12:24:22.367+0000] {processor.py:157} INFO - Started process (PID=624) to work on /opt/airflow/dags/cdc_processing_dag.py
[2025-08-03T12:24:22.367+0000] {processor.py:829} INFO - Processing file /opt/airflow/dags/cdc_processing_dag.py for tasks to queue
[2025-08-03T12:24:22.369+0000] {logging_mixin.py:151} INFO - [2025-08-03T12:24:22.369+0000] {dagbag.py:539} INFO - Filling up the DagBag from /opt/airflow/dags/cdc_processing_dag.py
[2025-08-03T12:24:22.623+0000] {processor.py:839} INFO - DAG(s) dict_keys(['cdc_processing_pipeline']) retrieved from /opt/airflow/dags/cdc_processing_dag.py
[2025-08-03T12:24:22.636+0000] {logging_mixin.py:151} INFO - [2025-08-03T12:24:22.636+0000] {dag.py:2915} INFO - Sync 1 DAGs
[2025-08-03T12:24:22.645+0000] {logging_mixin.py:151} INFO - [2025-08-03T12:24:22.645+0000] {dag.py:3696} INFO - Setting next_dagrun for cdc_processing_pipeline to 2025-08-03T12:19:22.645741+00:00, run_after=2025-08-03T12:24:22.645741+00:00
[2025-08-03T12:24:22.653+0000] {processor.py:179} INFO - Processing /opt/airflow/dags/cdc_processing_dag.py took 0.289 seconds
[2025-08-03T12:24:52.987+0000] {processor.py:157} INFO - Started process (PID=634) to work on /opt/airflow/dags/cdc_processing_dag.py
[2025-08-03T12:24:52.988+0000] {processor.py:829} INFO - Processing file /opt/airflow/dags/cdc_processing_dag.py for tasks to queue
[2025-08-03T12:24:52.991+0000] {logging_mixin.py:151} INFO - [2025-08-03T12:24:52.991+0000] {dagbag.py:539} INFO - Filling up the DagBag from /opt/airflow/dags/cdc_processing_dag.py
[2025-08-03T12:24:53.244+0000] {processor.py:839} INFO - DAG(s) dict_keys(['cdc_processing_pipeline']) retrieved from /opt/airflow/dags/cdc_processing_dag.py
[2025-08-03T12:24:53.257+0000] {logging_mixin.py:151} INFO - [2025-08-03T12:24:53.257+0000] {dag.py:2915} INFO - Sync 1 DAGs
[2025-08-03T12:24:53.348+0000] {logging_mixin.py:151} INFO - [2025-08-03T12:24:53.348+0000] {dag.py:3696} INFO - Setting next_dagrun for cdc_processing_pipeline to 2025-08-03T12:19:53.347945+00:00, run_after=2025-08-03T12:24:53.347945+00:00
[2025-08-03T12:24:53.355+0000] {processor.py:179} INFO - Processing /opt/airflow/dags/cdc_processing_dag.py took 0.373 seconds
[2025-08-03T12:25:23.578+0000] {processor.py:157} INFO - Started process (PID=644) to work on /opt/airflow/dags/cdc_processing_dag.py
[2025-08-03T12:25:23.579+0000] {processor.py:829} INFO - Processing file /opt/airflow/dags/cdc_processing_dag.py for tasks to queue
[2025-08-03T12:25:23.582+0000] {logging_mixin.py:151} INFO - [2025-08-03T12:25:23.581+0000] {dagbag.py:539} INFO - Filling up the DagBag from /opt/airflow/dags/cdc_processing_dag.py
[2025-08-03T12:25:23.934+0000] {processor.py:839} INFO - DAG(s) dict_keys(['cdc_processing_pipeline']) retrieved from /opt/airflow/dags/cdc_processing_dag.py
[2025-08-03T12:25:23.946+0000] {logging_mixin.py:151} INFO - [2025-08-03T12:25:23.945+0000] {dag.py:2915} INFO - Sync 1 DAGs
[2025-08-03T12:25:23.953+0000] {logging_mixin.py:151} INFO - [2025-08-03T12:25:23.953+0000] {dag.py:3696} INFO - Setting next_dagrun for cdc_processing_pipeline to 2025-08-03T12:20:23.953760+00:00, run_after=2025-08-03T12:25:23.953760+00:00
[2025-08-03T12:25:23.961+0000] {processor.py:179} INFO - Processing /opt/airflow/dags/cdc_processing_dag.py took 0.387 seconds
[2025-08-03T12:25:54.206+0000] {processor.py:157} INFO - Started process (PID=654) to work on /opt/airflow/dags/cdc_processing_dag.py
[2025-08-03T12:25:54.207+0000] {processor.py:829} INFO - Processing file /opt/airflow/dags/cdc_processing_dag.py for tasks to queue
[2025-08-03T12:25:54.209+0000] {logging_mixin.py:151} INFO - [2025-08-03T12:25:54.209+0000] {dagbag.py:539} INFO - Filling up the DagBag from /opt/airflow/dags/cdc_processing_dag.py
[2025-08-03T12:25:54.468+0000] {processor.py:839} INFO - DAG(s) dict_keys(['cdc_processing_pipeline']) retrieved from /opt/airflow/dags/cdc_processing_dag.py
[2025-08-03T12:25:54.481+0000] {logging_mixin.py:151} INFO - [2025-08-03T12:25:54.481+0000] {dag.py:2915} INFO - Sync 1 DAGs
[2025-08-03T12:25:54.571+0000] {logging_mixin.py:151} INFO - [2025-08-03T12:25:54.570+0000] {dag.py:3696} INFO - Setting next_dagrun for cdc_processing_pipeline to 2025-08-03T12:20:54.570868+00:00, run_after=2025-08-03T12:25:54.570868+00:00
[2025-08-03T12:25:54.578+0000] {processor.py:179} INFO - Processing /opt/airflow/dags/cdc_processing_dag.py took 0.374 seconds
[2025-08-03T12:26:24.813+0000] {processor.py:157} INFO - Started process (PID=664) to work on /opt/airflow/dags/cdc_processing_dag.py
[2025-08-03T12:26:24.814+0000] {processor.py:829} INFO - Processing file /opt/airflow/dags/cdc_processing_dag.py for tasks to queue
[2025-08-03T12:26:24.818+0000] {logging_mixin.py:151} INFO - [2025-08-03T12:26:24.817+0000] {dagbag.py:539} INFO - Filling up the DagBag from /opt/airflow/dags/cdc_processing_dag.py
[2025-08-03T12:26:25.585+0000] {processor.py:839} INFO - DAG(s) dict_keys(['cdc_processing_pipeline']) retrieved from /opt/airflow/dags/cdc_processing_dag.py
[2025-08-03T12:26:25.623+0000] {logging_mixin.py:151} INFO - [2025-08-03T12:26:25.622+0000] {dag.py:2915} INFO - Sync 1 DAGs
[2025-08-03T12:26:25.633+0000] {logging_mixin.py:151} INFO - [2025-08-03T12:26:25.632+0000] {dag.py:3696} INFO - Setting next_dagrun for cdc_processing_pipeline to 2025-08-03T12:21:25.632802+00:00, run_after=2025-08-03T12:26:25.632802+00:00
[2025-08-03T12:26:25.641+0000] {processor.py:179} INFO - Processing /opt/airflow/dags/cdc_processing_dag.py took 0.834 seconds
[2025-08-03T12:26:55.748+0000] {processor.py:157} INFO - Started process (PID=674) to work on /opt/airflow/dags/cdc_processing_dag.py
[2025-08-03T12:26:55.749+0000] {processor.py:829} INFO - Processing file /opt/airflow/dags/cdc_processing_dag.py for tasks to queue
[2025-08-03T12:26:55.751+0000] {logging_mixin.py:151} INFO - [2025-08-03T12:26:55.751+0000] {dagbag.py:539} INFO - Filling up the DagBag from /opt/airflow/dags/cdc_processing_dag.py
[2025-08-03T12:26:56.008+0000] {processor.py:839} INFO - DAG(s) dict_keys(['cdc_processing_pipeline']) retrieved from /opt/airflow/dags/cdc_processing_dag.py
[2025-08-03T12:26:56.021+0000] {logging_mixin.py:151} INFO - [2025-08-03T12:26:56.021+0000] {dag.py:2915} INFO - Sync 1 DAGs
[2025-08-03T12:26:56.113+0000] {logging_mixin.py:151} INFO - [2025-08-03T12:26:56.113+0000] {dag.py:3696} INFO - Setting next_dagrun for cdc_processing_pipeline to 2025-08-03T12:21:56.113171+00:00, run_after=2025-08-03T12:26:56.113171+00:00
[2025-08-03T12:26:56.121+0000] {processor.py:179} INFO - Processing /opt/airflow/dags/cdc_processing_dag.py took 0.377 seconds
[2025-08-03T12:27:26.321+0000] {processor.py:157} INFO - Started process (PID=683) to work on /opt/airflow/dags/cdc_processing_dag.py
[2025-08-03T12:27:26.322+0000] {processor.py:829} INFO - Processing file /opt/airflow/dags/cdc_processing_dag.py for tasks to queue
[2025-08-03T12:27:26.324+0000] {logging_mixin.py:151} INFO - [2025-08-03T12:27:26.323+0000] {dagbag.py:539} INFO - Filling up the DagBag from /opt/airflow/dags/cdc_processing_dag.py
[2025-08-03T12:27:26.660+0000] {processor.py:839} INFO - DAG(s) dict_keys(['cdc_processing_pipeline']) retrieved from /opt/airflow/dags/cdc_processing_dag.py
[2025-08-03T12:27:26.671+0000] {logging_mixin.py:151} INFO - [2025-08-03T12:27:26.671+0000] {dag.py:2915} INFO - Sync 1 DAGs
[2025-08-03T12:27:26.679+0000] {logging_mixin.py:151} INFO - [2025-08-03T12:27:26.679+0000] {dag.py:3696} INFO - Setting next_dagrun for cdc_processing_pipeline to 2025-08-03T12:22:26.679310+00:00, run_after=2025-08-03T12:27:26.679310+00:00
[2025-08-03T12:27:26.686+0000] {processor.py:179} INFO - Processing /opt/airflow/dags/cdc_processing_dag.py took 0.369 seconds
[2025-08-03T12:27:56.939+0000] {processor.py:157} INFO - Started process (PID=693) to work on /opt/airflow/dags/cdc_processing_dag.py
[2025-08-03T12:27:56.940+0000] {processor.py:829} INFO - Processing file /opt/airflow/dags/cdc_processing_dag.py for tasks to queue
[2025-08-03T12:27:56.944+0000] {logging_mixin.py:151} INFO - [2025-08-03T12:27:56.943+0000] {dagbag.py:539} INFO - Filling up the DagBag from /opt/airflow/dags/cdc_processing_dag.py
[2025-08-03T12:27:57.208+0000] {processor.py:839} INFO - DAG(s) dict_keys(['cdc_processing_pipeline']) retrieved from /opt/airflow/dags/cdc_processing_dag.py
[2025-08-03T12:27:57.221+0000] {logging_mixin.py:151} INFO - [2025-08-03T12:27:57.221+0000] {dag.py:2915} INFO - Sync 1 DAGs
[2025-08-03T12:27:57.311+0000] {logging_mixin.py:151} INFO - [2025-08-03T12:27:57.311+0000] {dag.py:3696} INFO - Setting next_dagrun for cdc_processing_pipeline to 2025-08-03T12:22:57.311249+00:00, run_after=2025-08-03T12:27:57.311249+00:00
[2025-08-03T12:27:57.318+0000] {processor.py:179} INFO - Processing /opt/airflow/dags/cdc_processing_dag.py took 0.385 seconds
[2025-08-03T12:28:27.550+0000] {processor.py:157} INFO - Started process (PID=703) to work on /opt/airflow/dags/cdc_processing_dag.py
[2025-08-03T12:28:27.551+0000] {processor.py:829} INFO - Processing file /opt/airflow/dags/cdc_processing_dag.py for tasks to queue
[2025-08-03T12:28:27.554+0000] {logging_mixin.py:151} INFO - [2025-08-03T12:28:27.554+0000] {dagbag.py:539} INFO - Filling up the DagBag from /opt/airflow/dags/cdc_processing_dag.py
[2025-08-03T12:28:27.899+0000] {processor.py:839} INFO - DAG(s) dict_keys(['cdc_processing_pipeline']) retrieved from /opt/airflow/dags/cdc_processing_dag.py
[2025-08-03T12:28:27.910+0000] {logging_mixin.py:151} INFO - [2025-08-03T12:28:27.910+0000] {dag.py:2915} INFO - Sync 1 DAGs
[2025-08-03T12:28:27.917+0000] {logging_mixin.py:151} INFO - [2025-08-03T12:28:27.917+0000] {dag.py:3696} INFO - Setting next_dagrun for cdc_processing_pipeline to 2025-08-03T12:23:27.917721+00:00, run_after=2025-08-03T12:28:27.917721+00:00
[2025-08-03T12:28:27.924+0000] {processor.py:179} INFO - Processing /opt/airflow/dags/cdc_processing_dag.py took 0.380 seconds
[2025-08-03T12:28:58.140+0000] {processor.py:157} INFO - Started process (PID=713) to work on /opt/airflow/dags/cdc_processing_dag.py
[2025-08-03T12:28:58.141+0000] {processor.py:829} INFO - Processing file /opt/airflow/dags/cdc_processing_dag.py for tasks to queue
[2025-08-03T12:28:58.144+0000] {logging_mixin.py:151} INFO - [2025-08-03T12:28:58.144+0000] {dagbag.py:539} INFO - Filling up the DagBag from /opt/airflow/dags/cdc_processing_dag.py
[2025-08-03T12:28:58.405+0000] {processor.py:839} INFO - DAG(s) dict_keys(['cdc_processing_pipeline']) retrieved from /opt/airflow/dags/cdc_processing_dag.py
[2025-08-03T12:28:58.418+0000] {logging_mixin.py:151} INFO - [2025-08-03T12:28:58.418+0000] {dag.py:2915} INFO - Sync 1 DAGs
[2025-08-03T12:28:58.508+0000] {logging_mixin.py:151} INFO - [2025-08-03T12:28:58.508+0000] {dag.py:3696} INFO - Setting next_dagrun for cdc_processing_pipeline to 2025-08-03T12:23:58.508258+00:00, run_after=2025-08-03T12:28:58.508258+00:00
[2025-08-03T12:28:58.515+0000] {processor.py:179} INFO - Processing /opt/airflow/dags/cdc_processing_dag.py took 0.381 seconds
[2025-08-03T12:29:28.753+0000] {processor.py:157} INFO - Started process (PID=723) to work on /opt/airflow/dags/cdc_processing_dag.py
[2025-08-03T12:29:28.754+0000] {processor.py:829} INFO - Processing file /opt/airflow/dags/cdc_processing_dag.py for tasks to queue
[2025-08-03T12:29:28.756+0000] {logging_mixin.py:151} INFO - [2025-08-03T12:29:28.755+0000] {dagbag.py:539} INFO - Filling up the DagBag from /opt/airflow/dags/cdc_processing_dag.py
[2025-08-03T12:29:29.091+0000] {processor.py:839} INFO - DAG(s) dict_keys(['cdc_processing_pipeline']) retrieved from /opt/airflow/dags/cdc_processing_dag.py
[2025-08-03T12:29:29.103+0000] {logging_mixin.py:151} INFO - [2025-08-03T12:29:29.103+0000] {dag.py:2915} INFO - Sync 1 DAGs
[2025-08-03T12:29:29.111+0000] {logging_mixin.py:151} INFO - [2025-08-03T12:29:29.111+0000] {dag.py:3696} INFO - Setting next_dagrun for cdc_processing_pipeline to 2025-08-03T12:24:29.111531+00:00, run_after=2025-08-03T12:29:29.111531+00:00
[2025-08-03T12:29:29.118+0000] {processor.py:179} INFO - Processing /opt/airflow/dags/cdc_processing_dag.py took 0.369 seconds
[2025-08-03T12:29:59.281+0000] {processor.py:157} INFO - Started process (PID=733) to work on /opt/airflow/dags/cdc_processing_dag.py
[2025-08-03T12:29:59.281+0000] {processor.py:829} INFO - Processing file /opt/airflow/dags/cdc_processing_dag.py for tasks to queue
[2025-08-03T12:29:59.284+0000] {logging_mixin.py:151} INFO - [2025-08-03T12:29:59.283+0000] {dagbag.py:539} INFO - Filling up the DagBag from /opt/airflow/dags/cdc_processing_dag.py
[2025-08-03T12:29:59.546+0000] {processor.py:839} INFO - DAG(s) dict_keys(['cdc_processing_pipeline']) retrieved from /opt/airflow/dags/cdc_processing_dag.py
[2025-08-03T12:29:59.559+0000] {logging_mixin.py:151} INFO - [2025-08-03T12:29:59.559+0000] {dag.py:2915} INFO - Sync 1 DAGs
[2025-08-03T12:29:59.649+0000] {logging_mixin.py:151} INFO - [2025-08-03T12:29:59.649+0000] {dag.py:3696} INFO - Setting next_dagrun for cdc_processing_pipeline to 2025-08-03T12:24:59.649714+00:00, run_after=2025-08-03T12:29:59.649714+00:00
[2025-08-03T12:29:59.657+0000] {processor.py:179} INFO - Processing /opt/airflow/dags/cdc_processing_dag.py took 0.380 seconds
[2025-08-03T12:30:29.890+0000] {processor.py:157} INFO - Started process (PID=743) to work on /opt/airflow/dags/cdc_processing_dag.py
[2025-08-03T12:30:29.892+0000] {processor.py:829} INFO - Processing file /opt/airflow/dags/cdc_processing_dag.py for tasks to queue
[2025-08-03T12:30:29.894+0000] {logging_mixin.py:151} INFO - [2025-08-03T12:30:29.894+0000] {dagbag.py:539} INFO - Filling up the DagBag from /opt/airflow/dags/cdc_processing_dag.py
[2025-08-03T12:30:30.237+0000] {processor.py:839} INFO - DAG(s) dict_keys(['cdc_processing_pipeline']) retrieved from /opt/airflow/dags/cdc_processing_dag.py
[2025-08-03T12:30:30.249+0000] {logging_mixin.py:151} INFO - [2025-08-03T12:30:30.248+0000] {dag.py:2915} INFO - Sync 1 DAGs
[2025-08-03T12:30:30.256+0000] {logging_mixin.py:151} INFO - [2025-08-03T12:30:30.256+0000] {dag.py:3696} INFO - Setting next_dagrun for cdc_processing_pipeline to 2025-08-03T12:25:30.256593+00:00, run_after=2025-08-03T12:30:30.256593+00:00
[2025-08-03T12:30:30.263+0000] {processor.py:179} INFO - Processing /opt/airflow/dags/cdc_processing_dag.py took 0.378 seconds
[2025-08-03T12:31:00.431+0000] {processor.py:157} INFO - Started process (PID=753) to work on /opt/airflow/dags/cdc_processing_dag.py
[2025-08-03T12:31:00.432+0000] {processor.py:829} INFO - Processing file /opt/airflow/dags/cdc_processing_dag.py for tasks to queue
[2025-08-03T12:31:00.434+0000] {logging_mixin.py:151} INFO - [2025-08-03T12:31:00.433+0000] {dagbag.py:539} INFO - Filling up the DagBag from /opt/airflow/dags/cdc_processing_dag.py
[2025-08-03T12:31:00.694+0000] {processor.py:839} INFO - DAG(s) dict_keys(['cdc_processing_pipeline']) retrieved from /opt/airflow/dags/cdc_processing_dag.py
[2025-08-03T12:31:00.709+0000] {logging_mixin.py:151} INFO - [2025-08-03T12:31:00.709+0000] {dag.py:2915} INFO - Sync 1 DAGs
[2025-08-03T12:31:00.809+0000] {logging_mixin.py:151} INFO - [2025-08-03T12:31:00.809+0000] {dag.py:3696} INFO - Setting next_dagrun for cdc_processing_pipeline to 2025-08-03T12:26:00.808916+00:00, run_after=2025-08-03T12:31:00.808916+00:00
[2025-08-03T12:31:00.817+0000] {processor.py:179} INFO - Processing /opt/airflow/dags/cdc_processing_dag.py took 0.388 seconds
[2025-08-03T12:31:30.946+0000] {processor.py:157} INFO - Started process (PID=763) to work on /opt/airflow/dags/cdc_processing_dag.py
[2025-08-03T12:31:30.948+0000] {processor.py:829} INFO - Processing file /opt/airflow/dags/cdc_processing_dag.py for tasks to queue
[2025-08-03T12:31:30.950+0000] {logging_mixin.py:151} INFO - [2025-08-03T12:31:30.950+0000] {dagbag.py:539} INFO - Filling up the DagBag from /opt/airflow/dags/cdc_processing_dag.py
[2025-08-03T12:31:31.321+0000] {processor.py:839} INFO - DAG(s) dict_keys(['cdc_processing_pipeline']) retrieved from /opt/airflow/dags/cdc_processing_dag.py
[2025-08-03T12:31:31.334+0000] {logging_mixin.py:151} INFO - [2025-08-03T12:31:31.334+0000] {dag.py:2915} INFO - Sync 1 DAGs
[2025-08-03T12:31:31.343+0000] {logging_mixin.py:151} INFO - [2025-08-03T12:31:31.343+0000] {dag.py:3696} INFO - Setting next_dagrun for cdc_processing_pipeline to 2025-08-03T12:26:31.343061+00:00, run_after=2025-08-03T12:31:31.343061+00:00
[2025-08-03T12:31:31.351+0000] {processor.py:179} INFO - Processing /opt/airflow/dags/cdc_processing_dag.py took 0.408 seconds
[2025-08-03T12:32:01.507+0000] {processor.py:157} INFO - Started process (PID=773) to work on /opt/airflow/dags/cdc_processing_dag.py
[2025-08-03T12:32:01.508+0000] {processor.py:829} INFO - Processing file /opt/airflow/dags/cdc_processing_dag.py for tasks to queue
[2025-08-03T12:32:01.510+0000] {logging_mixin.py:151} INFO - [2025-08-03T12:32:01.510+0000] {dagbag.py:539} INFO - Filling up the DagBag from /opt/airflow/dags/cdc_processing_dag.py
[2025-08-03T12:32:01.773+0000] {processor.py:839} INFO - DAG(s) dict_keys(['cdc_processing_pipeline']) retrieved from /opt/airflow/dags/cdc_processing_dag.py
[2025-08-03T12:32:01.787+0000] {logging_mixin.py:151} INFO - [2025-08-03T12:32:01.787+0000] {dag.py:2915} INFO - Sync 1 DAGs
[2025-08-03T12:32:01.882+0000] {logging_mixin.py:151} INFO - [2025-08-03T12:32:01.882+0000] {dag.py:3696} INFO - Setting next_dagrun for cdc_processing_pipeline to 2025-08-03T12:27:01.882671+00:00, run_after=2025-08-03T12:32:01.882671+00:00
[2025-08-03T12:32:01.890+0000] {processor.py:179} INFO - Processing /opt/airflow/dags/cdc_processing_dag.py took 0.385 seconds
[2025-08-03T12:33:35.460+0000] {processor.py:157} INFO - Started process (PID=29) to work on /opt/airflow/dags/cdc_processing_dag.py
[2025-08-03T12:33:35.461+0000] {processor.py:829} INFO - Processing file /opt/airflow/dags/cdc_processing_dag.py for tasks to queue
[2025-08-03T12:33:35.464+0000] {logging_mixin.py:151} INFO - [2025-08-03T12:33:35.463+0000] {dagbag.py:539} INFO - Filling up the DagBag from /opt/airflow/dags/cdc_processing_dag.py
[2025-08-03T12:33:36.338+0000] {processor.py:839} INFO - DAG(s) dict_keys(['cdc_processing_pipeline']) retrieved from /opt/airflow/dags/cdc_processing_dag.py
[2025-08-03T12:33:36.463+0000] {logging_mixin.py:151} INFO - [2025-08-03T12:33:36.463+0000] {manager.py:499} INFO - Created Permission View: %s
[2025-08-03T12:33:36.468+0000] {logging_mixin.py:151} INFO - [2025-08-03T12:33:36.468+0000] {manager.py:499} INFO - Created Permission View: %s
[2025-08-03T12:33:36.471+0000] {logging_mixin.py:151} INFO - [2025-08-03T12:33:36.471+0000] {manager.py:499} INFO - Created Permission View: %s
[2025-08-03T12:33:36.471+0000] {logging_mixin.py:151} INFO - [2025-08-03T12:33:36.471+0000] {security.py:708} INFO - Not syncing DAG-level permissions for DAG 'DAG:cdc_processing_pipeline' as access control is unset.
[2025-08-03T12:33:36.472+0000] {logging_mixin.py:151} INFO - [2025-08-03T12:33:36.471+0000] {dag.py:2915} INFO - Sync 1 DAGs
[2025-08-03T12:33:36.477+0000] {logging_mixin.py:151} INFO - [2025-08-03T12:33:36.477+0000] {dag.py:2937} INFO - Creating ORM DAG for cdc_processing_pipeline
[2025-08-03T12:33:36.482+0000] {logging_mixin.py:151} INFO - [2025-08-03T12:33:36.482+0000] {dag.py:3696} INFO - Setting next_dagrun for cdc_processing_pipeline to 2025-08-03T12:28:36.482084+00:00, run_after=2025-08-03T12:33:36.482084+00:00
[2025-08-03T12:33:36.494+0000] {processor.py:179} INFO - Processing /opt/airflow/dags/cdc_processing_dag.py took 1.039 seconds
[2025-08-03T12:34:06.724+0000] {processor.py:157} INFO - Started process (PID=39) to work on /opt/airflow/dags/cdc_processing_dag.py
[2025-08-03T12:34:06.725+0000] {processor.py:829} INFO - Processing file /opt/airflow/dags/cdc_processing_dag.py for tasks to queue
[2025-08-03T12:34:06.728+0000] {logging_mixin.py:151} INFO - [2025-08-03T12:34:06.727+0000] {dagbag.py:539} INFO - Filling up the DagBag from /opt/airflow/dags/cdc_processing_dag.py
[2025-08-03T12:34:07.197+0000] {processor.py:839} INFO - DAG(s) dict_keys(['cdc_processing_pipeline']) retrieved from /opt/airflow/dags/cdc_processing_dag.py
[2025-08-03T12:34:07.235+0000] {logging_mixin.py:151} INFO - [2025-08-03T12:34:07.234+0000] {dag.py:2915} INFO - Sync 1 DAGs
[2025-08-03T12:34:07.253+0000] {logging_mixin.py:151} INFO - [2025-08-03T12:34:07.253+0000] {dag.py:3696} INFO - Setting next_dagrun for cdc_processing_pipeline to 2025-08-03T12:29:07.253158+00:00, run_after=2025-08-03T12:34:07.253158+00:00
[2025-08-03T12:34:07.276+0000] {processor.py:179} INFO - Processing /opt/airflow/dags/cdc_processing_dag.py took 0.557 seconds
[2025-08-03T12:34:37.495+0000] {processor.py:157} INFO - Started process (PID=49) to work on /opt/airflow/dags/cdc_processing_dag.py
[2025-08-03T12:34:37.496+0000] {processor.py:829} INFO - Processing file /opt/airflow/dags/cdc_processing_dag.py for tasks to queue
[2025-08-03T12:34:37.498+0000] {logging_mixin.py:151} INFO - [2025-08-03T12:34:37.498+0000] {dagbag.py:539} INFO - Filling up the DagBag from /opt/airflow/dags/cdc_processing_dag.py
[2025-08-03T12:34:37.851+0000] {processor.py:839} INFO - DAG(s) dict_keys(['cdc_processing_pipeline']) retrieved from /opt/airflow/dags/cdc_processing_dag.py
[2025-08-03T12:34:37.864+0000] {logging_mixin.py:151} INFO - [2025-08-03T12:34:37.863+0000] {dag.py:2915} INFO - Sync 1 DAGs
[2025-08-03T12:34:37.873+0000] {logging_mixin.py:151} INFO - [2025-08-03T12:34:37.872+0000] {dag.py:3696} INFO - Setting next_dagrun for cdc_processing_pipeline to 2025-08-03T12:29:37.872868+00:00, run_after=2025-08-03T12:34:37.872868+00:00
[2025-08-03T12:34:37.881+0000] {processor.py:179} INFO - Processing /opt/airflow/dags/cdc_processing_dag.py took 0.389 seconds
[2025-08-03T12:35:08.097+0000] {processor.py:157} INFO - Started process (PID=59) to work on /opt/airflow/dags/cdc_processing_dag.py
[2025-08-03T12:35:08.098+0000] {processor.py:829} INFO - Processing file /opt/airflow/dags/cdc_processing_dag.py for tasks to queue
[2025-08-03T12:35:08.101+0000] {logging_mixin.py:151} INFO - [2025-08-03T12:35:08.100+0000] {dagbag.py:539} INFO - Filling up the DagBag from /opt/airflow/dags/cdc_processing_dag.py
[2025-08-03T12:35:08.445+0000] {processor.py:839} INFO - DAG(s) dict_keys(['cdc_processing_pipeline']) retrieved from /opt/airflow/dags/cdc_processing_dag.py
[2025-08-03T12:35:08.457+0000] {logging_mixin.py:151} INFO - [2025-08-03T12:35:08.457+0000] {dag.py:2915} INFO - Sync 1 DAGs
[2025-08-03T12:35:08.465+0000] {logging_mixin.py:151} INFO - [2025-08-03T12:35:08.465+0000] {dag.py:3696} INFO - Setting next_dagrun for cdc_processing_pipeline to 2025-08-03T12:30:08.465176+00:00, run_after=2025-08-03T12:35:08.465176+00:00
[2025-08-03T12:35:08.472+0000] {processor.py:179} INFO - Processing /opt/airflow/dags/cdc_processing_dag.py took 0.380 seconds
[2025-08-03T12:35:38.767+0000] {processor.py:157} INFO - Started process (PID=69) to work on /opt/airflow/dags/cdc_processing_dag.py
[2025-08-03T12:35:38.768+0000] {processor.py:829} INFO - Processing file /opt/airflow/dags/cdc_processing_dag.py for tasks to queue
[2025-08-03T12:35:38.769+0000] {logging_mixin.py:151} INFO - [2025-08-03T12:35:38.769+0000] {dagbag.py:539} INFO - Filling up the DagBag from /opt/airflow/dags/cdc_processing_dag.py
[2025-08-03T12:35:39.029+0000] {processor.py:839} INFO - DAG(s) dict_keys(['cdc_processing_pipeline']) retrieved from /opt/airflow/dags/cdc_processing_dag.py
[2025-08-03T12:35:39.044+0000] {logging_mixin.py:151} INFO - [2025-08-03T12:35:39.044+0000] {dag.py:2915} INFO - Sync 1 DAGs
[2025-08-03T12:35:39.057+0000] {logging_mixin.py:151} INFO - [2025-08-03T12:35:39.057+0000] {dag.py:3696} INFO - Setting next_dagrun for cdc_processing_pipeline to 2025-08-03T12:30:39.056938+00:00, run_after=2025-08-03T12:35:39.056938+00:00
[2025-08-03T12:35:39.066+0000] {processor.py:179} INFO - Processing /opt/airflow/dags/cdc_processing_dag.py took 0.301 seconds
[2025-08-03T12:36:09.224+0000] {processor.py:157} INFO - Started process (PID=79) to work on /opt/airflow/dags/cdc_processing_dag.py
[2025-08-03T12:36:09.225+0000] {processor.py:829} INFO - Processing file /opt/airflow/dags/cdc_processing_dag.py for tasks to queue
[2025-08-03T12:36:09.228+0000] {logging_mixin.py:151} INFO - [2025-08-03T12:36:09.227+0000] {dagbag.py:539} INFO - Filling up the DagBag from /opt/airflow/dags/cdc_processing_dag.py
[2025-08-03T12:36:09.495+0000] {processor.py:839} INFO - DAG(s) dict_keys(['cdc_processing_pipeline']) retrieved from /opt/airflow/dags/cdc_processing_dag.py
[2025-08-03T12:36:09.511+0000] {logging_mixin.py:151} INFO - [2025-08-03T12:36:09.511+0000] {dag.py:2915} INFO - Sync 1 DAGs
[2025-08-03T12:36:09.522+0000] {logging_mixin.py:151} INFO - [2025-08-03T12:36:09.522+0000] {dag.py:3696} INFO - Setting next_dagrun for cdc_processing_pipeline to 2025-08-03T12:31:09.522663+00:00, run_after=2025-08-03T12:36:09.522663+00:00
[2025-08-03T12:36:09.533+0000] {processor.py:179} INFO - Processing /opt/airflow/dags/cdc_processing_dag.py took 0.311 seconds
[2025-08-03T12:36:39.740+0000] {processor.py:157} INFO - Started process (PID=89) to work on /opt/airflow/dags/cdc_processing_dag.py
[2025-08-03T12:36:39.740+0000] {processor.py:829} INFO - Processing file /opt/airflow/dags/cdc_processing_dag.py for tasks to queue
[2025-08-03T12:36:39.743+0000] {logging_mixin.py:151} INFO - [2025-08-03T12:36:39.742+0000] {dagbag.py:539} INFO - Filling up the DagBag from /opt/airflow/dags/cdc_processing_dag.py
[2025-08-03T12:36:40.035+0000] {processor.py:839} INFO - DAG(s) dict_keys(['cdc_processing_pipeline']) retrieved from /opt/airflow/dags/cdc_processing_dag.py
[2025-08-03T12:36:40.050+0000] {logging_mixin.py:151} INFO - [2025-08-03T12:36:40.050+0000] {dag.py:2915} INFO - Sync 1 DAGs
[2025-08-03T12:36:40.169+0000] {processor.py:179} INFO - Processing /opt/airflow/dags/cdc_processing_dag.py took 0.432 seconds
