[2025-08-03T11:53:47.227+0000] {processor.py:157} INFO - Started process (PID=30) to work on /opt/airflow/dags/initial_load_dag.py
[2025-08-03T11:53:47.228+0000] {processor.py:829} INFO - Processing file /opt/airflow/dags/initial_load_dag.py for tasks to queue
[2025-08-03T11:53:47.230+0000] {logging_mixin.py:151} INFO - [2025-08-03T11:53:47.230+0000] {dagbag.py:539} INFO - Filling up the DagBag from /opt/airflow/dags/initial_load_dag.py
[2025-08-03T11:53:48.460+0000] {processor.py:839} INFO - DAG(s) dict_keys(['initial_load_pipeline']) retrieved from /opt/airflow/dags/initial_load_dag.py
[2025-08-03T11:53:48.598+0000] {logging_mixin.py:151} INFO - [2025-08-03T11:53:48.598+0000] {manager.py:499} INFO - Created Permission View: %s
[2025-08-03T11:53:48.604+0000] {logging_mixin.py:151} INFO - [2025-08-03T11:53:48.604+0000] {manager.py:499} INFO - Created Permission View: %s
[2025-08-03T11:53:48.609+0000] {logging_mixin.py:151} INFO - [2025-08-03T11:53:48.609+0000] {manager.py:499} INFO - Created Permission View: %s
[2025-08-03T11:53:48.610+0000] {logging_mixin.py:151} INFO - [2025-08-03T11:53:48.609+0000] {security.py:708} INFO - Not syncing DAG-level permissions for DAG 'DAG:initial_load_pipeline' as access control is unset.
[2025-08-03T11:53:48.610+0000] {logging_mixin.py:151} INFO - [2025-08-03T11:53:48.610+0000] {dag.py:2915} INFO - Sync 1 DAGs
[2025-08-03T11:53:48.618+0000] {logging_mixin.py:151} INFO - [2025-08-03T11:53:48.618+0000] {dag.py:2937} INFO - Creating ORM DAG for initial_load_pipeline
[2025-08-03T11:53:48.618+0000] {logging_mixin.py:151} INFO - [2025-08-03T11:53:48.618+0000] {dag.py:3696} INFO - Setting next_dagrun for initial_load_pipeline to None, run_after=None
[2025-08-03T11:53:48.633+0000] {processor.py:179} INFO - Processing /opt/airflow/dags/initial_load_dag.py took 1.408 seconds
[2025-08-03T11:54:18.926+0000] {processor.py:157} INFO - Started process (PID=40) to work on /opt/airflow/dags/initial_load_dag.py
[2025-08-03T11:54:18.927+0000] {processor.py:829} INFO - Processing file /opt/airflow/dags/initial_load_dag.py for tasks to queue
[2025-08-03T11:54:18.928+0000] {logging_mixin.py:151} INFO - [2025-08-03T11:54:18.928+0000] {dagbag.py:539} INFO - Filling up the DagBag from /opt/airflow/dags/initial_load_dag.py
[2025-08-03T11:54:19.239+0000] {processor.py:839} INFO - DAG(s) dict_keys(['initial_load_pipeline']) retrieved from /opt/airflow/dags/initial_load_dag.py
[2025-08-03T11:54:19.254+0000] {logging_mixin.py:151} INFO - [2025-08-03T11:54:19.254+0000] {dag.py:2915} INFO - Sync 1 DAGs
[2025-08-03T11:54:19.259+0000] {logging_mixin.py:151} INFO - [2025-08-03T11:54:19.259+0000] {dag.py:3696} INFO - Setting next_dagrun for initial_load_pipeline to None, run_after=None
[2025-08-03T11:54:19.266+0000] {processor.py:179} INFO - Processing /opt/airflow/dags/initial_load_dag.py took 0.343 seconds
[2025-08-03T11:54:49.556+0000] {processor.py:157} INFO - Started process (PID=50) to work on /opt/airflow/dags/initial_load_dag.py
[2025-08-03T11:54:49.557+0000] {processor.py:829} INFO - Processing file /opt/airflow/dags/initial_load_dag.py for tasks to queue
[2025-08-03T11:54:49.559+0000] {logging_mixin.py:151} INFO - [2025-08-03T11:54:49.559+0000] {dagbag.py:539} INFO - Filling up the DagBag from /opt/airflow/dags/initial_load_dag.py
[2025-08-03T11:54:49.858+0000] {processor.py:839} INFO - DAG(s) dict_keys(['initial_load_pipeline']) retrieved from /opt/airflow/dags/initial_load_dag.py
[2025-08-03T11:54:49.872+0000] {logging_mixin.py:151} INFO - [2025-08-03T11:54:49.872+0000] {dag.py:2915} INFO - Sync 1 DAGs
[2025-08-03T11:54:49.877+0000] {logging_mixin.py:151} INFO - [2025-08-03T11:54:49.877+0000] {dag.py:3696} INFO - Setting next_dagrun for initial_load_pipeline to None, run_after=None
[2025-08-03T11:54:49.885+0000] {processor.py:179} INFO - Processing /opt/airflow/dags/initial_load_dag.py took 0.333 seconds
[2025-08-03T11:55:20.150+0000] {processor.py:157} INFO - Started process (PID=60) to work on /opt/airflow/dags/initial_load_dag.py
[2025-08-03T11:55:20.151+0000] {processor.py:829} INFO - Processing file /opt/airflow/dags/initial_load_dag.py for tasks to queue
[2025-08-03T11:55:20.153+0000] {logging_mixin.py:151} INFO - [2025-08-03T11:55:20.153+0000] {dagbag.py:539} INFO - Filling up the DagBag from /opt/airflow/dags/initial_load_dag.py
[2025-08-03T11:55:20.430+0000] {processor.py:839} INFO - DAG(s) dict_keys(['initial_load_pipeline']) retrieved from /opt/airflow/dags/initial_load_dag.py
[2025-08-03T11:55:20.444+0000] {logging_mixin.py:151} INFO - [2025-08-03T11:55:20.444+0000] {dag.py:2915} INFO - Sync 1 DAGs
[2025-08-03T11:55:20.449+0000] {logging_mixin.py:151} INFO - [2025-08-03T11:55:20.449+0000] {dag.py:3696} INFO - Setting next_dagrun for initial_load_pipeline to None, run_after=None
[2025-08-03T11:55:20.457+0000] {processor.py:179} INFO - Processing /opt/airflow/dags/initial_load_dag.py took 0.309 seconds
[2025-08-03T11:55:50.886+0000] {processor.py:157} INFO - Started process (PID=70) to work on /opt/airflow/dags/initial_load_dag.py
[2025-08-03T11:55:50.887+0000] {processor.py:829} INFO - Processing file /opt/airflow/dags/initial_load_dag.py for tasks to queue
[2025-08-03T11:55:50.889+0000] {logging_mixin.py:151} INFO - [2025-08-03T11:55:50.889+0000] {dagbag.py:539} INFO - Filling up the DagBag from /opt/airflow/dags/initial_load_dag.py
[2025-08-03T11:55:51.082+0000] {processor.py:839} INFO - DAG(s) dict_keys(['initial_load_pipeline']) retrieved from /opt/airflow/dags/initial_load_dag.py
[2025-08-03T11:55:51.103+0000] {logging_mixin.py:151} INFO - [2025-08-03T11:55:51.103+0000] {dag.py:2915} INFO - Sync 1 DAGs
[2025-08-03T11:55:51.109+0000] {logging_mixin.py:151} INFO - [2025-08-03T11:55:51.109+0000] {dag.py:3696} INFO - Setting next_dagrun for initial_load_pipeline to None, run_after=None
[2025-08-03T11:55:51.117+0000] {processor.py:179} INFO - Processing /opt/airflow/dags/initial_load_dag.py took 0.233 seconds
[2025-08-03T11:56:21.389+0000] {processor.py:157} INFO - Started process (PID=80) to work on /opt/airflow/dags/initial_load_dag.py
[2025-08-03T11:56:21.391+0000] {processor.py:829} INFO - Processing file /opt/airflow/dags/initial_load_dag.py for tasks to queue
[2025-08-03T11:56:21.393+0000] {logging_mixin.py:151} INFO - [2025-08-03T11:56:21.393+0000] {dagbag.py:539} INFO - Filling up the DagBag from /opt/airflow/dags/initial_load_dag.py
[2025-08-03T11:56:21.584+0000] {processor.py:839} INFO - DAG(s) dict_keys(['initial_load_pipeline']) retrieved from /opt/airflow/dags/initial_load_dag.py
[2025-08-03T11:56:21.599+0000] {logging_mixin.py:151} INFO - [2025-08-03T11:56:21.599+0000] {dag.py:2915} INFO - Sync 1 DAGs
[2025-08-03T11:56:21.605+0000] {logging_mixin.py:151} INFO - [2025-08-03T11:56:21.604+0000] {dag.py:3696} INFO - Setting next_dagrun for initial_load_pipeline to None, run_after=None
[2025-08-03T11:56:21.613+0000] {processor.py:179} INFO - Processing /opt/airflow/dags/initial_load_dag.py took 0.227 seconds
[2025-08-03T11:56:51.911+0000] {processor.py:157} INFO - Started process (PID=90) to work on /opt/airflow/dags/initial_load_dag.py
[2025-08-03T11:56:51.912+0000] {processor.py:829} INFO - Processing file /opt/airflow/dags/initial_load_dag.py for tasks to queue
[2025-08-03T11:56:51.917+0000] {logging_mixin.py:151} INFO - [2025-08-03T11:56:51.917+0000] {dagbag.py:539} INFO - Filling up the DagBag from /opt/airflow/dags/initial_load_dag.py
[2025-08-03T11:56:52.097+0000] {processor.py:839} INFO - DAG(s) dict_keys(['initial_load_pipeline']) retrieved from /opt/airflow/dags/initial_load_dag.py
[2025-08-03T11:56:52.112+0000] {logging_mixin.py:151} INFO - [2025-08-03T11:56:52.112+0000] {dag.py:2915} INFO - Sync 1 DAGs
[2025-08-03T11:56:52.118+0000] {logging_mixin.py:151} INFO - [2025-08-03T11:56:52.118+0000] {dag.py:3696} INFO - Setting next_dagrun for initial_load_pipeline to None, run_after=None
[2025-08-03T11:56:52.127+0000] {processor.py:179} INFO - Processing /opt/airflow/dags/initial_load_dag.py took 0.218 seconds
[2025-08-03T11:57:22.454+0000] {processor.py:157} INFO - Started process (PID=100) to work on /opt/airflow/dags/initial_load_dag.py
[2025-08-03T11:57:22.456+0000] {processor.py:829} INFO - Processing file /opt/airflow/dags/initial_load_dag.py for tasks to queue
[2025-08-03T11:57:22.459+0000] {logging_mixin.py:151} INFO - [2025-08-03T11:57:22.458+0000] {dagbag.py:539} INFO - Filling up the DagBag from /opt/airflow/dags/initial_load_dag.py
[2025-08-03T11:57:22.654+0000] {processor.py:839} INFO - DAG(s) dict_keys(['initial_load_pipeline']) retrieved from /opt/airflow/dags/initial_load_dag.py
[2025-08-03T11:57:22.669+0000] {logging_mixin.py:151} INFO - [2025-08-03T11:57:22.669+0000] {dag.py:2915} INFO - Sync 1 DAGs
[2025-08-03T11:57:22.674+0000] {logging_mixin.py:151} INFO - [2025-08-03T11:57:22.674+0000] {dag.py:3696} INFO - Setting next_dagrun for initial_load_pipeline to None, run_after=None
[2025-08-03T11:57:22.682+0000] {processor.py:179} INFO - Processing /opt/airflow/dags/initial_load_dag.py took 0.232 seconds
[2025-08-03T11:57:53.011+0000] {processor.py:157} INFO - Started process (PID=110) to work on /opt/airflow/dags/initial_load_dag.py
[2025-08-03T11:57:53.013+0000] {processor.py:829} INFO - Processing file /opt/airflow/dags/initial_load_dag.py for tasks to queue
[2025-08-03T11:57:53.015+0000] {logging_mixin.py:151} INFO - [2025-08-03T11:57:53.015+0000] {dagbag.py:539} INFO - Filling up the DagBag from /opt/airflow/dags/initial_load_dag.py
[2025-08-03T11:57:53.220+0000] {processor.py:839} INFO - DAG(s) dict_keys(['initial_load_pipeline']) retrieved from /opt/airflow/dags/initial_load_dag.py
[2025-08-03T11:57:53.240+0000] {logging_mixin.py:151} INFO - [2025-08-03T11:57:53.240+0000] {dag.py:2915} INFO - Sync 1 DAGs
[2025-08-03T11:57:53.246+0000] {logging_mixin.py:151} INFO - [2025-08-03T11:57:53.246+0000] {dag.py:3696} INFO - Setting next_dagrun for initial_load_pipeline to None, run_after=None
[2025-08-03T11:57:53.313+0000] {processor.py:179} INFO - Processing /opt/airflow/dags/initial_load_dag.py took 0.306 seconds
[2025-08-03T11:58:23.695+0000] {processor.py:157} INFO - Started process (PID=120) to work on /opt/airflow/dags/initial_load_dag.py
[2025-08-03T11:58:23.698+0000] {processor.py:829} INFO - Processing file /opt/airflow/dags/initial_load_dag.py for tasks to queue
[2025-08-03T11:58:23.701+0000] {logging_mixin.py:151} INFO - [2025-08-03T11:58:23.700+0000] {dagbag.py:539} INFO - Filling up the DagBag from /opt/airflow/dags/initial_load_dag.py
[2025-08-03T11:58:23.905+0000] {processor.py:839} INFO - DAG(s) dict_keys(['initial_load_pipeline']) retrieved from /opt/airflow/dags/initial_load_dag.py
[2025-08-03T11:58:23.919+0000] {logging_mixin.py:151} INFO - [2025-08-03T11:58:23.918+0000] {dag.py:2915} INFO - Sync 1 DAGs
[2025-08-03T11:58:23.924+0000] {logging_mixin.py:151} INFO - [2025-08-03T11:58:23.924+0000] {dag.py:3696} INFO - Setting next_dagrun for initial_load_pipeline to None, run_after=None
[2025-08-03T11:58:23.933+0000] {processor.py:179} INFO - Processing /opt/airflow/dags/initial_load_dag.py took 0.241 seconds
[2025-08-03T11:58:54.263+0000] {processor.py:157} INFO - Started process (PID=130) to work on /opt/airflow/dags/initial_load_dag.py
[2025-08-03T11:58:54.267+0000] {processor.py:829} INFO - Processing file /opt/airflow/dags/initial_load_dag.py for tasks to queue
[2025-08-03T11:58:54.270+0000] {logging_mixin.py:151} INFO - [2025-08-03T11:58:54.270+0000] {dagbag.py:539} INFO - Filling up the DagBag from /opt/airflow/dags/initial_load_dag.py
[2025-08-03T11:58:54.462+0000] {processor.py:839} INFO - DAG(s) dict_keys(['initial_load_pipeline']) retrieved from /opt/airflow/dags/initial_load_dag.py
[2025-08-03T11:58:54.476+0000] {logging_mixin.py:151} INFO - [2025-08-03T11:58:54.476+0000] {dag.py:2915} INFO - Sync 1 DAGs
[2025-08-03T11:58:54.482+0000] {logging_mixin.py:151} INFO - [2025-08-03T11:58:54.482+0000] {dag.py:3696} INFO - Setting next_dagrun for initial_load_pipeline to None, run_after=None
[2025-08-03T11:58:54.491+0000] {processor.py:179} INFO - Processing /opt/airflow/dags/initial_load_dag.py took 0.232 seconds
[2025-08-03T11:59:24.821+0000] {processor.py:157} INFO - Started process (PID=141) to work on /opt/airflow/dags/initial_load_dag.py
[2025-08-03T11:59:24.823+0000] {processor.py:829} INFO - Processing file /opt/airflow/dags/initial_load_dag.py for tasks to queue
[2025-08-03T11:59:24.825+0000] {logging_mixin.py:151} INFO - [2025-08-03T11:59:24.825+0000] {dagbag.py:539} INFO - Filling up the DagBag from /opt/airflow/dags/initial_load_dag.py
[2025-08-03T11:59:25.029+0000] {processor.py:839} INFO - DAG(s) dict_keys(['initial_load_pipeline']) retrieved from /opt/airflow/dags/initial_load_dag.py
[2025-08-03T11:59:25.045+0000] {logging_mixin.py:151} INFO - [2025-08-03T11:59:25.045+0000] {dag.py:2915} INFO - Sync 1 DAGs
[2025-08-03T11:59:25.050+0000] {logging_mixin.py:151} INFO - [2025-08-03T11:59:25.050+0000] {dag.py:3696} INFO - Setting next_dagrun for initial_load_pipeline to None, run_after=None
[2025-08-03T11:59:25.059+0000] {processor.py:179} INFO - Processing /opt/airflow/dags/initial_load_dag.py took 0.239 seconds
[2025-08-03T11:59:55.303+0000] {processor.py:157} INFO - Started process (PID=151) to work on /opt/airflow/dags/initial_load_dag.py
[2025-08-03T11:59:55.304+0000] {processor.py:829} INFO - Processing file /opt/airflow/dags/initial_load_dag.py for tasks to queue
[2025-08-03T11:59:55.309+0000] {logging_mixin.py:151} INFO - [2025-08-03T11:59:55.307+0000] {dagbag.py:539} INFO - Filling up the DagBag from /opt/airflow/dags/initial_load_dag.py
[2025-08-03T11:59:55.496+0000] {processor.py:839} INFO - DAG(s) dict_keys(['initial_load_pipeline']) retrieved from /opt/airflow/dags/initial_load_dag.py
[2025-08-03T11:59:55.509+0000] {logging_mixin.py:151} INFO - [2025-08-03T11:59:55.509+0000] {dag.py:2915} INFO - Sync 1 DAGs
[2025-08-03T11:59:55.515+0000] {logging_mixin.py:151} INFO - [2025-08-03T11:59:55.515+0000] {dag.py:3696} INFO - Setting next_dagrun for initial_load_pipeline to None, run_after=None
[2025-08-03T11:59:55.523+0000] {processor.py:179} INFO - Processing /opt/airflow/dags/initial_load_dag.py took 0.224 seconds
[2025-08-03T12:00:25.864+0000] {processor.py:157} INFO - Started process (PID=161) to work on /opt/airflow/dags/initial_load_dag.py
[2025-08-03T12:00:25.865+0000] {processor.py:829} INFO - Processing file /opt/airflow/dags/initial_load_dag.py for tasks to queue
[2025-08-03T12:00:25.868+0000] {logging_mixin.py:151} INFO - [2025-08-03T12:00:25.867+0000] {dagbag.py:539} INFO - Filling up the DagBag from /opt/airflow/dags/initial_load_dag.py
[2025-08-03T12:00:26.070+0000] {processor.py:839} INFO - DAG(s) dict_keys(['initial_load_pipeline']) retrieved from /opt/airflow/dags/initial_load_dag.py
[2025-08-03T12:00:26.084+0000] {logging_mixin.py:151} INFO - [2025-08-03T12:00:26.084+0000] {dag.py:2915} INFO - Sync 1 DAGs
[2025-08-03T12:00:26.089+0000] {logging_mixin.py:151} INFO - [2025-08-03T12:00:26.089+0000] {dag.py:3696} INFO - Setting next_dagrun for initial_load_pipeline to None, run_after=None
[2025-08-03T12:00:26.097+0000] {processor.py:179} INFO - Processing /opt/airflow/dags/initial_load_dag.py took 0.236 seconds
[2025-08-03T12:00:56.402+0000] {processor.py:157} INFO - Started process (PID=171) to work on /opt/airflow/dags/initial_load_dag.py
[2025-08-03T12:00:56.404+0000] {processor.py:829} INFO - Processing file /opt/airflow/dags/initial_load_dag.py for tasks to queue
[2025-08-03T12:00:56.406+0000] {logging_mixin.py:151} INFO - [2025-08-03T12:00:56.406+0000] {dagbag.py:539} INFO - Filling up the DagBag from /opt/airflow/dags/initial_load_dag.py
[2025-08-03T12:00:56.598+0000] {processor.py:839} INFO - DAG(s) dict_keys(['initial_load_pipeline']) retrieved from /opt/airflow/dags/initial_load_dag.py
[2025-08-03T12:00:56.612+0000] {logging_mixin.py:151} INFO - [2025-08-03T12:00:56.612+0000] {dag.py:2915} INFO - Sync 1 DAGs
[2025-08-03T12:00:56.618+0000] {logging_mixin.py:151} INFO - [2025-08-03T12:00:56.618+0000] {dag.py:3696} INFO - Setting next_dagrun for initial_load_pipeline to None, run_after=None
[2025-08-03T12:00:56.626+0000] {processor.py:179} INFO - Processing /opt/airflow/dags/initial_load_dag.py took 0.229 seconds
[2025-08-03T12:01:26.964+0000] {processor.py:157} INFO - Started process (PID=181) to work on /opt/airflow/dags/initial_load_dag.py
[2025-08-03T12:01:26.966+0000] {processor.py:829} INFO - Processing file /opt/airflow/dags/initial_load_dag.py for tasks to queue
[2025-08-03T12:01:26.968+0000] {logging_mixin.py:151} INFO - [2025-08-03T12:01:26.967+0000] {dagbag.py:539} INFO - Filling up the DagBag from /opt/airflow/dags/initial_load_dag.py
[2025-08-03T12:01:27.162+0000] {processor.py:839} INFO - DAG(s) dict_keys(['initial_load_pipeline']) retrieved from /opt/airflow/dags/initial_load_dag.py
[2025-08-03T12:01:27.176+0000] {logging_mixin.py:151} INFO - [2025-08-03T12:01:27.176+0000] {dag.py:2915} INFO - Sync 1 DAGs
[2025-08-03T12:01:27.181+0000] {logging_mixin.py:151} INFO - [2025-08-03T12:01:27.181+0000] {dag.py:3696} INFO - Setting next_dagrun for initial_load_pipeline to None, run_after=None
[2025-08-03T12:01:27.189+0000] {processor.py:179} INFO - Processing /opt/airflow/dags/initial_load_dag.py took 0.228 seconds
[2025-08-03T12:01:57.533+0000] {processor.py:157} INFO - Started process (PID=191) to work on /opt/airflow/dags/initial_load_dag.py
[2025-08-03T12:01:57.540+0000] {processor.py:829} INFO - Processing file /opt/airflow/dags/initial_load_dag.py for tasks to queue
[2025-08-03T12:01:57.543+0000] {logging_mixin.py:151} INFO - [2025-08-03T12:01:57.543+0000] {dagbag.py:539} INFO - Filling up the DagBag from /opt/airflow/dags/initial_load_dag.py
[2025-08-03T12:01:57.726+0000] {processor.py:839} INFO - DAG(s) dict_keys(['initial_load_pipeline']) retrieved from /opt/airflow/dags/initial_load_dag.py
[2025-08-03T12:01:57.740+0000] {logging_mixin.py:151} INFO - [2025-08-03T12:01:57.740+0000] {dag.py:2915} INFO - Sync 1 DAGs
[2025-08-03T12:01:57.745+0000] {logging_mixin.py:151} INFO - [2025-08-03T12:01:57.745+0000] {dag.py:3696} INFO - Setting next_dagrun for initial_load_pipeline to None, run_after=None
[2025-08-03T12:01:57.754+0000] {processor.py:179} INFO - Processing /opt/airflow/dags/initial_load_dag.py took 0.225 seconds
[2025-08-03T12:02:28.084+0000] {processor.py:157} INFO - Started process (PID=201) to work on /opt/airflow/dags/initial_load_dag.py
[2025-08-03T12:02:28.085+0000] {processor.py:829} INFO - Processing file /opt/airflow/dags/initial_load_dag.py for tasks to queue
[2025-08-03T12:02:28.086+0000] {logging_mixin.py:151} INFO - [2025-08-03T12:02:28.086+0000] {dagbag.py:539} INFO - Filling up the DagBag from /opt/airflow/dags/initial_load_dag.py
[2025-08-03T12:02:28.298+0000] {processor.py:839} INFO - DAG(s) dict_keys(['initial_load_pipeline']) retrieved from /opt/airflow/dags/initial_load_dag.py
[2025-08-03T12:02:28.313+0000] {logging_mixin.py:151} INFO - [2025-08-03T12:02:28.313+0000] {dag.py:2915} INFO - Sync 1 DAGs
[2025-08-03T12:02:28.318+0000] {logging_mixin.py:151} INFO - [2025-08-03T12:02:28.318+0000] {dag.py:3696} INFO - Setting next_dagrun for initial_load_pipeline to None, run_after=None
[2025-08-03T12:02:28.327+0000] {processor.py:179} INFO - Processing /opt/airflow/dags/initial_load_dag.py took 0.245 seconds
[2025-08-03T12:02:58.597+0000] {processor.py:157} INFO - Started process (PID=211) to work on /opt/airflow/dags/initial_load_dag.py
[2025-08-03T12:02:58.597+0000] {processor.py:829} INFO - Processing file /opt/airflow/dags/initial_load_dag.py for tasks to queue
[2025-08-03T12:02:58.599+0000] {logging_mixin.py:151} INFO - [2025-08-03T12:02:58.599+0000] {dagbag.py:539} INFO - Filling up the DagBag from /opt/airflow/dags/initial_load_dag.py
[2025-08-03T12:02:58.805+0000] {processor.py:839} INFO - DAG(s) dict_keys(['initial_load_pipeline']) retrieved from /opt/airflow/dags/initial_load_dag.py
[2025-08-03T12:02:58.819+0000] {logging_mixin.py:151} INFO - [2025-08-03T12:02:58.819+0000] {dag.py:2915} INFO - Sync 1 DAGs
[2025-08-03T12:02:58.826+0000] {logging_mixin.py:151} INFO - [2025-08-03T12:02:58.826+0000] {dag.py:3696} INFO - Setting next_dagrun for initial_load_pipeline to None, run_after=None
[2025-08-03T12:02:58.836+0000] {processor.py:179} INFO - Processing /opt/airflow/dags/initial_load_dag.py took 0.241 seconds
[2025-08-03T12:03:29.122+0000] {processor.py:157} INFO - Started process (PID=215) to work on /opt/airflow/dags/initial_load_dag.py
[2025-08-03T12:03:29.124+0000] {processor.py:829} INFO - Processing file /opt/airflow/dags/initial_load_dag.py for tasks to queue
[2025-08-03T12:03:29.126+0000] {logging_mixin.py:151} INFO - [2025-08-03T12:03:29.126+0000] {dagbag.py:539} INFO - Filling up the DagBag from /opt/airflow/dags/initial_load_dag.py
[2025-08-03T12:03:29.330+0000] {processor.py:839} INFO - DAG(s) dict_keys(['initial_load_pipeline']) retrieved from /opt/airflow/dags/initial_load_dag.py
[2025-08-03T12:03:29.345+0000] {logging_mixin.py:151} INFO - [2025-08-03T12:03:29.345+0000] {dag.py:2915} INFO - Sync 1 DAGs
[2025-08-03T12:03:29.350+0000] {logging_mixin.py:151} INFO - [2025-08-03T12:03:29.350+0000] {dag.py:3696} INFO - Setting next_dagrun for initial_load_pipeline to None, run_after=None
[2025-08-03T12:03:29.358+0000] {processor.py:179} INFO - Processing /opt/airflow/dags/initial_load_dag.py took 0.239 seconds
[2025-08-03T12:03:59.653+0000] {processor.py:157} INFO - Started process (PID=225) to work on /opt/airflow/dags/initial_load_dag.py
[2025-08-03T12:03:59.657+0000] {processor.py:829} INFO - Processing file /opt/airflow/dags/initial_load_dag.py for tasks to queue
[2025-08-03T12:03:59.662+0000] {logging_mixin.py:151} INFO - [2025-08-03T12:03:59.662+0000] {dagbag.py:539} INFO - Filling up the DagBag from /opt/airflow/dags/initial_load_dag.py
[2025-08-03T12:03:59.851+0000] {processor.py:839} INFO - DAG(s) dict_keys(['initial_load_pipeline']) retrieved from /opt/airflow/dags/initial_load_dag.py
[2025-08-03T12:03:59.864+0000] {logging_mixin.py:151} INFO - [2025-08-03T12:03:59.864+0000] {dag.py:2915} INFO - Sync 1 DAGs
[2025-08-03T12:03:59.870+0000] {logging_mixin.py:151} INFO - [2025-08-03T12:03:59.870+0000] {dag.py:3696} INFO - Setting next_dagrun for initial_load_pipeline to None, run_after=None
[2025-08-03T12:03:59.878+0000] {processor.py:179} INFO - Processing /opt/airflow/dags/initial_load_dag.py took 0.229 seconds
[2025-08-03T12:04:30.243+0000] {processor.py:157} INFO - Started process (PID=235) to work on /opt/airflow/dags/initial_load_dag.py
[2025-08-03T12:04:30.244+0000] {processor.py:829} INFO - Processing file /opt/airflow/dags/initial_load_dag.py for tasks to queue
[2025-08-03T12:04:30.248+0000] {logging_mixin.py:151} INFO - [2025-08-03T12:04:30.248+0000] {dagbag.py:539} INFO - Filling up the DagBag from /opt/airflow/dags/initial_load_dag.py
[2025-08-03T12:04:30.450+0000] {processor.py:839} INFO - DAG(s) dict_keys(['initial_load_pipeline']) retrieved from /opt/airflow/dags/initial_load_dag.py
[2025-08-03T12:04:30.464+0000] {logging_mixin.py:151} INFO - [2025-08-03T12:04:30.464+0000] {dag.py:2915} INFO - Sync 1 DAGs
[2025-08-03T12:04:30.470+0000] {logging_mixin.py:151} INFO - [2025-08-03T12:04:30.469+0000] {dag.py:3696} INFO - Setting next_dagrun for initial_load_pipeline to None, run_after=None
[2025-08-03T12:04:30.479+0000] {processor.py:179} INFO - Processing /opt/airflow/dags/initial_load_dag.py took 0.240 seconds
[2025-08-03T12:05:00.811+0000] {processor.py:157} INFO - Started process (PID=245) to work on /opt/airflow/dags/initial_load_dag.py
[2025-08-03T12:05:00.812+0000] {processor.py:829} INFO - Processing file /opt/airflow/dags/initial_load_dag.py for tasks to queue
[2025-08-03T12:05:00.819+0000] {logging_mixin.py:151} INFO - [2025-08-03T12:05:00.819+0000] {dagbag.py:539} INFO - Filling up the DagBag from /opt/airflow/dags/initial_load_dag.py
[2025-08-03T12:05:01.017+0000] {processor.py:839} INFO - DAG(s) dict_keys(['initial_load_pipeline']) retrieved from /opt/airflow/dags/initial_load_dag.py
[2025-08-03T12:05:01.030+0000] {logging_mixin.py:151} INFO - [2025-08-03T12:05:01.030+0000] {dag.py:2915} INFO - Sync 1 DAGs
[2025-08-03T12:05:01.036+0000] {logging_mixin.py:151} INFO - [2025-08-03T12:05:01.036+0000] {dag.py:3696} INFO - Setting next_dagrun for initial_load_pipeline to None, run_after=None
[2025-08-03T12:05:01.044+0000] {processor.py:179} INFO - Processing /opt/airflow/dags/initial_load_dag.py took 0.235 seconds
[2025-08-03T12:05:31.332+0000] {processor.py:157} INFO - Started process (PID=255) to work on /opt/airflow/dags/initial_load_dag.py
[2025-08-03T12:05:31.334+0000] {processor.py:829} INFO - Processing file /opt/airflow/dags/initial_load_dag.py for tasks to queue
[2025-08-03T12:05:31.335+0000] {logging_mixin.py:151} INFO - [2025-08-03T12:05:31.335+0000] {dagbag.py:539} INFO - Filling up the DagBag from /opt/airflow/dags/initial_load_dag.py
[2025-08-03T12:05:31.519+0000] {processor.py:839} INFO - DAG(s) dict_keys(['initial_load_pipeline']) retrieved from /opt/airflow/dags/initial_load_dag.py
[2025-08-03T12:05:31.534+0000] {logging_mixin.py:151} INFO - [2025-08-03T12:05:31.534+0000] {dag.py:2915} INFO - Sync 1 DAGs
[2025-08-03T12:05:31.539+0000] {logging_mixin.py:151} INFO - [2025-08-03T12:05:31.539+0000] {dag.py:3696} INFO - Setting next_dagrun for initial_load_pipeline to None, run_after=None
[2025-08-03T12:05:31.547+0000] {processor.py:179} INFO - Processing /opt/airflow/dags/initial_load_dag.py took 0.217 seconds
[2025-08-03T12:06:01.869+0000] {processor.py:157} INFO - Started process (PID=265) to work on /opt/airflow/dags/initial_load_dag.py
[2025-08-03T12:06:01.871+0000] {processor.py:829} INFO - Processing file /opt/airflow/dags/initial_load_dag.py for tasks to queue
[2025-08-03T12:06:01.874+0000] {logging_mixin.py:151} INFO - [2025-08-03T12:06:01.874+0000] {dagbag.py:539} INFO - Filling up the DagBag from /opt/airflow/dags/initial_load_dag.py
[2025-08-03T12:06:02.062+0000] {processor.py:839} INFO - DAG(s) dict_keys(['initial_load_pipeline']) retrieved from /opt/airflow/dags/initial_load_dag.py
[2025-08-03T12:06:02.076+0000] {logging_mixin.py:151} INFO - [2025-08-03T12:06:02.076+0000] {dag.py:2915} INFO - Sync 1 DAGs
[2025-08-03T12:06:02.081+0000] {logging_mixin.py:151} INFO - [2025-08-03T12:06:02.081+0000] {dag.py:3696} INFO - Setting next_dagrun for initial_load_pipeline to None, run_after=None
[2025-08-03T12:06:02.089+0000] {processor.py:179} INFO - Processing /opt/airflow/dags/initial_load_dag.py took 0.224 seconds
[2025-08-03T12:06:32.418+0000] {processor.py:157} INFO - Started process (PID=275) to work on /opt/airflow/dags/initial_load_dag.py
[2025-08-03T12:06:32.418+0000] {processor.py:829} INFO - Processing file /opt/airflow/dags/initial_load_dag.py for tasks to queue
[2025-08-03T12:06:32.421+0000] {logging_mixin.py:151} INFO - [2025-08-03T12:06:32.420+0000] {dagbag.py:539} INFO - Filling up the DagBag from /opt/airflow/dags/initial_load_dag.py
[2025-08-03T12:06:32.616+0000] {processor.py:839} INFO - DAG(s) dict_keys(['initial_load_pipeline']) retrieved from /opt/airflow/dags/initial_load_dag.py
[2025-08-03T12:06:32.631+0000] {logging_mixin.py:151} INFO - [2025-08-03T12:06:32.631+0000] {dag.py:2915} INFO - Sync 1 DAGs
[2025-08-03T12:06:32.637+0000] {logging_mixin.py:151} INFO - [2025-08-03T12:06:32.637+0000] {dag.py:3696} INFO - Setting next_dagrun for initial_load_pipeline to None, run_after=None
[2025-08-03T12:06:32.646+0000] {processor.py:179} INFO - Processing /opt/airflow/dags/initial_load_dag.py took 0.232 seconds
[2025-08-03T12:07:02.927+0000] {processor.py:157} INFO - Started process (PID=285) to work on /opt/airflow/dags/initial_load_dag.py
[2025-08-03T12:07:02.933+0000] {processor.py:829} INFO - Processing file /opt/airflow/dags/initial_load_dag.py for tasks to queue
[2025-08-03T12:07:02.935+0000] {logging_mixin.py:151} INFO - [2025-08-03T12:07:02.935+0000] {dagbag.py:539} INFO - Filling up the DagBag from /opt/airflow/dags/initial_load_dag.py
[2025-08-03T12:07:03.121+0000] {processor.py:839} INFO - DAG(s) dict_keys(['initial_load_pipeline']) retrieved from /opt/airflow/dags/initial_load_dag.py
[2025-08-03T12:07:03.135+0000] {logging_mixin.py:151} INFO - [2025-08-03T12:07:03.135+0000] {dag.py:2915} INFO - Sync 1 DAGs
[2025-08-03T12:07:03.141+0000] {logging_mixin.py:151} INFO - [2025-08-03T12:07:03.141+0000] {dag.py:3696} INFO - Setting next_dagrun for initial_load_pipeline to None, run_after=None
[2025-08-03T12:07:03.149+0000] {processor.py:179} INFO - Processing /opt/airflow/dags/initial_load_dag.py took 0.226 seconds
[2025-08-03T12:07:33.465+0000] {processor.py:157} INFO - Started process (PID=295) to work on /opt/airflow/dags/initial_load_dag.py
[2025-08-03T12:07:33.467+0000] {processor.py:829} INFO - Processing file /opt/airflow/dags/initial_load_dag.py for tasks to queue
[2025-08-03T12:07:33.471+0000] {logging_mixin.py:151} INFO - [2025-08-03T12:07:33.471+0000] {dagbag.py:539} INFO - Filling up the DagBag from /opt/airflow/dags/initial_load_dag.py
[2025-08-03T12:07:33.670+0000] {processor.py:839} INFO - DAG(s) dict_keys(['initial_load_pipeline']) retrieved from /opt/airflow/dags/initial_load_dag.py
[2025-08-03T12:07:33.684+0000] {logging_mixin.py:151} INFO - [2025-08-03T12:07:33.684+0000] {dag.py:2915} INFO - Sync 1 DAGs
[2025-08-03T12:07:33.690+0000] {logging_mixin.py:151} INFO - [2025-08-03T12:07:33.690+0000] {dag.py:3696} INFO - Setting next_dagrun for initial_load_pipeline to None, run_after=None
[2025-08-03T12:07:33.699+0000] {processor.py:179} INFO - Processing /opt/airflow/dags/initial_load_dag.py took 0.238 seconds
[2025-08-03T12:08:04.022+0000] {processor.py:157} INFO - Started process (PID=305) to work on /opt/airflow/dags/initial_load_dag.py
[2025-08-03T12:08:04.023+0000] {processor.py:829} INFO - Processing file /opt/airflow/dags/initial_load_dag.py for tasks to queue
[2025-08-03T12:08:04.026+0000] {logging_mixin.py:151} INFO - [2025-08-03T12:08:04.025+0000] {dagbag.py:539} INFO - Filling up the DagBag from /opt/airflow/dags/initial_load_dag.py
[2025-08-03T12:08:04.315+0000] {processor.py:839} INFO - DAG(s) dict_keys(['initial_load_pipeline']) retrieved from /opt/airflow/dags/initial_load_dag.py
[2025-08-03T12:08:04.329+0000] {logging_mixin.py:151} INFO - [2025-08-03T12:08:04.329+0000] {dag.py:2915} INFO - Sync 1 DAGs
[2025-08-03T12:08:04.335+0000] {logging_mixin.py:151} INFO - [2025-08-03T12:08:04.335+0000] {dag.py:3696} INFO - Setting next_dagrun for initial_load_pipeline to None, run_after=None
[2025-08-03T12:08:04.342+0000] {processor.py:179} INFO - Processing /opt/airflow/dags/initial_load_dag.py took 0.322 seconds
[2025-08-03T12:08:34.630+0000] {processor.py:157} INFO - Started process (PID=315) to work on /opt/airflow/dags/initial_load_dag.py
[2025-08-03T12:08:34.630+0000] {processor.py:829} INFO - Processing file /opt/airflow/dags/initial_load_dag.py for tasks to queue
[2025-08-03T12:08:34.632+0000] {logging_mixin.py:151} INFO - [2025-08-03T12:08:34.632+0000] {dagbag.py:539} INFO - Filling up the DagBag from /opt/airflow/dags/initial_load_dag.py
[2025-08-03T12:08:34.835+0000] {processor.py:839} INFO - DAG(s) dict_keys(['initial_load_pipeline']) retrieved from /opt/airflow/dags/initial_load_dag.py
[2025-08-03T12:08:34.849+0000] {logging_mixin.py:151} INFO - [2025-08-03T12:08:34.849+0000] {dag.py:2915} INFO - Sync 1 DAGs
[2025-08-03T12:08:34.855+0000] {logging_mixin.py:151} INFO - [2025-08-03T12:08:34.855+0000] {dag.py:3696} INFO - Setting next_dagrun for initial_load_pipeline to None, run_after=None
[2025-08-03T12:08:34.863+0000] {processor.py:179} INFO - Processing /opt/airflow/dags/initial_load_dag.py took 0.236 seconds
[2025-08-03T12:09:05.217+0000] {processor.py:157} INFO - Started process (PID=325) to work on /opt/airflow/dags/initial_load_dag.py
[2025-08-03T12:09:05.218+0000] {processor.py:829} INFO - Processing file /opt/airflow/dags/initial_load_dag.py for tasks to queue
[2025-08-03T12:09:05.223+0000] {logging_mixin.py:151} INFO - [2025-08-03T12:09:05.222+0000] {dagbag.py:539} INFO - Filling up the DagBag from /opt/airflow/dags/initial_load_dag.py
[2025-08-03T12:09:05.412+0000] {processor.py:839} INFO - DAG(s) dict_keys(['initial_load_pipeline']) retrieved from /opt/airflow/dags/initial_load_dag.py
[2025-08-03T12:09:05.425+0000] {logging_mixin.py:151} INFO - [2025-08-03T12:09:05.425+0000] {dag.py:2915} INFO - Sync 1 DAGs
[2025-08-03T12:09:05.431+0000] {logging_mixin.py:151} INFO - [2025-08-03T12:09:05.431+0000] {dag.py:3696} INFO - Setting next_dagrun for initial_load_pipeline to None, run_after=None
[2025-08-03T12:09:05.440+0000] {processor.py:179} INFO - Processing /opt/airflow/dags/initial_load_dag.py took 0.226 seconds
[2025-08-03T12:09:35.806+0000] {processor.py:157} INFO - Started process (PID=335) to work on /opt/airflow/dags/initial_load_dag.py
[2025-08-03T12:09:35.807+0000] {processor.py:829} INFO - Processing file /opt/airflow/dags/initial_load_dag.py for tasks to queue
[2025-08-03T12:09:35.810+0000] {logging_mixin.py:151} INFO - [2025-08-03T12:09:35.809+0000] {dagbag.py:539} INFO - Filling up the DagBag from /opt/airflow/dags/initial_load_dag.py
[2025-08-03T12:09:36.007+0000] {processor.py:839} INFO - DAG(s) dict_keys(['initial_load_pipeline']) retrieved from /opt/airflow/dags/initial_load_dag.py
[2025-08-03T12:09:36.022+0000] {logging_mixin.py:151} INFO - [2025-08-03T12:09:36.022+0000] {dag.py:2915} INFO - Sync 1 DAGs
[2025-08-03T12:09:36.027+0000] {logging_mixin.py:151} INFO - [2025-08-03T12:09:36.027+0000] {dag.py:3696} INFO - Setting next_dagrun for initial_load_pipeline to None, run_after=None
[2025-08-03T12:09:36.036+0000] {processor.py:179} INFO - Processing /opt/airflow/dags/initial_load_dag.py took 0.233 seconds
[2025-08-03T12:10:06.358+0000] {processor.py:157} INFO - Started process (PID=345) to work on /opt/airflow/dags/initial_load_dag.py
[2025-08-03T12:10:06.359+0000] {processor.py:829} INFO - Processing file /opt/airflow/dags/initial_load_dag.py for tasks to queue
[2025-08-03T12:10:06.361+0000] {logging_mixin.py:151} INFO - [2025-08-03T12:10:06.361+0000] {dagbag.py:539} INFO - Filling up the DagBag from /opt/airflow/dags/initial_load_dag.py
[2025-08-03T12:10:06.565+0000] {processor.py:839} INFO - DAG(s) dict_keys(['initial_load_pipeline']) retrieved from /opt/airflow/dags/initial_load_dag.py
[2025-08-03T12:10:06.580+0000] {logging_mixin.py:151} INFO - [2025-08-03T12:10:06.580+0000] {dag.py:2915} INFO - Sync 1 DAGs
[2025-08-03T12:10:06.585+0000] {logging_mixin.py:151} INFO - [2025-08-03T12:10:06.585+0000] {dag.py:3696} INFO - Setting next_dagrun for initial_load_pipeline to None, run_after=None
[2025-08-03T12:10:06.593+0000] {processor.py:179} INFO - Processing /opt/airflow/dags/initial_load_dag.py took 0.239 seconds
[2025-08-03T12:10:36.866+0000] {processor.py:157} INFO - Started process (PID=355) to work on /opt/airflow/dags/initial_load_dag.py
[2025-08-03T12:10:36.867+0000] {processor.py:829} INFO - Processing file /opt/airflow/dags/initial_load_dag.py for tasks to queue
[2025-08-03T12:10:36.869+0000] {logging_mixin.py:151} INFO - [2025-08-03T12:10:36.869+0000] {dagbag.py:539} INFO - Filling up the DagBag from /opt/airflow/dags/initial_load_dag.py
[2025-08-03T12:10:37.066+0000] {processor.py:839} INFO - DAG(s) dict_keys(['initial_load_pipeline']) retrieved from /opt/airflow/dags/initial_load_dag.py
[2025-08-03T12:10:37.079+0000] {logging_mixin.py:151} INFO - [2025-08-03T12:10:37.079+0000] {dag.py:2915} INFO - Sync 1 DAGs
[2025-08-03T12:10:37.085+0000] {logging_mixin.py:151} INFO - [2025-08-03T12:10:37.085+0000] {dag.py:3696} INFO - Setting next_dagrun for initial_load_pipeline to None, run_after=None
[2025-08-03T12:10:37.093+0000] {processor.py:179} INFO - Processing /opt/airflow/dags/initial_load_dag.py took 0.230 seconds
[2025-08-03T12:11:07.392+0000] {processor.py:157} INFO - Started process (PID=365) to work on /opt/airflow/dags/initial_load_dag.py
[2025-08-03T12:11:07.394+0000] {processor.py:829} INFO - Processing file /opt/airflow/dags/initial_load_dag.py for tasks to queue
[2025-08-03T12:11:07.399+0000] {logging_mixin.py:151} INFO - [2025-08-03T12:11:07.396+0000] {dagbag.py:539} INFO - Filling up the DagBag from /opt/airflow/dags/initial_load_dag.py
[2025-08-03T12:11:07.589+0000] {processor.py:839} INFO - DAG(s) dict_keys(['initial_load_pipeline']) retrieved from /opt/airflow/dags/initial_load_dag.py
[2025-08-03T12:11:07.602+0000] {logging_mixin.py:151} INFO - [2025-08-03T12:11:07.602+0000] {dag.py:2915} INFO - Sync 1 DAGs
[2025-08-03T12:11:07.607+0000] {logging_mixin.py:151} INFO - [2025-08-03T12:11:07.607+0000] {dag.py:3696} INFO - Setting next_dagrun for initial_load_pipeline to None, run_after=None
[2025-08-03T12:11:07.615+0000] {processor.py:179} INFO - Processing /opt/airflow/dags/initial_load_dag.py took 0.227 seconds
[2025-08-03T12:11:37.928+0000] {processor.py:157} INFO - Started process (PID=375) to work on /opt/airflow/dags/initial_load_dag.py
[2025-08-03T12:11:37.929+0000] {processor.py:829} INFO - Processing file /opt/airflow/dags/initial_load_dag.py for tasks to queue
[2025-08-03T12:11:37.931+0000] {logging_mixin.py:151} INFO - [2025-08-03T12:11:37.931+0000] {dagbag.py:539} INFO - Filling up the DagBag from /opt/airflow/dags/initial_load_dag.py
[2025-08-03T12:11:38.122+0000] {processor.py:839} INFO - DAG(s) dict_keys(['initial_load_pipeline']) retrieved from /opt/airflow/dags/initial_load_dag.py
[2025-08-03T12:11:38.135+0000] {logging_mixin.py:151} INFO - [2025-08-03T12:11:38.135+0000] {dag.py:2915} INFO - Sync 1 DAGs
[2025-08-03T12:11:38.141+0000] {logging_mixin.py:151} INFO - [2025-08-03T12:11:38.141+0000] {dag.py:3696} INFO - Setting next_dagrun for initial_load_pipeline to None, run_after=None
[2025-08-03T12:11:38.150+0000] {processor.py:179} INFO - Processing /opt/airflow/dags/initial_load_dag.py took 0.224 seconds
[2025-08-03T12:12:08.407+0000] {processor.py:157} INFO - Started process (PID=385) to work on /opt/airflow/dags/initial_load_dag.py
[2025-08-03T12:12:08.407+0000] {processor.py:829} INFO - Processing file /opt/airflow/dags/initial_load_dag.py for tasks to queue
[2025-08-03T12:12:08.410+0000] {logging_mixin.py:151} INFO - [2025-08-03T12:12:08.410+0000] {dagbag.py:539} INFO - Filling up the DagBag from /opt/airflow/dags/initial_load_dag.py
[2025-08-03T12:12:08.591+0000] {processor.py:839} INFO - DAG(s) dict_keys(['initial_load_pipeline']) retrieved from /opt/airflow/dags/initial_load_dag.py
[2025-08-03T12:12:08.605+0000] {logging_mixin.py:151} INFO - [2025-08-03T12:12:08.605+0000] {dag.py:2915} INFO - Sync 1 DAGs
[2025-08-03T12:12:08.610+0000] {logging_mixin.py:151} INFO - [2025-08-03T12:12:08.610+0000] {dag.py:3696} INFO - Setting next_dagrun for initial_load_pipeline to None, run_after=None
[2025-08-03T12:12:08.618+0000] {processor.py:179} INFO - Processing /opt/airflow/dags/initial_load_dag.py took 0.213 seconds
[2025-08-03T12:12:38.895+0000] {processor.py:157} INFO - Started process (PID=395) to work on /opt/airflow/dags/initial_load_dag.py
[2025-08-03T12:12:38.896+0000] {processor.py:829} INFO - Processing file /opt/airflow/dags/initial_load_dag.py for tasks to queue
[2025-08-03T12:12:38.898+0000] {logging_mixin.py:151} INFO - [2025-08-03T12:12:38.898+0000] {dagbag.py:539} INFO - Filling up the DagBag from /opt/airflow/dags/initial_load_dag.py
[2025-08-03T12:12:39.096+0000] {processor.py:839} INFO - DAG(s) dict_keys(['initial_load_pipeline']) retrieved from /opt/airflow/dags/initial_load_dag.py
[2025-08-03T12:12:39.110+0000] {logging_mixin.py:151} INFO - [2025-08-03T12:12:39.110+0000] {dag.py:2915} INFO - Sync 1 DAGs
[2025-08-03T12:12:39.116+0000] {logging_mixin.py:151} INFO - [2025-08-03T12:12:39.116+0000] {dag.py:3696} INFO - Setting next_dagrun for initial_load_pipeline to None, run_after=None
[2025-08-03T12:12:39.127+0000] {processor.py:179} INFO - Processing /opt/airflow/dags/initial_load_dag.py took 0.234 seconds
[2025-08-03T12:13:09.471+0000] {processor.py:157} INFO - Started process (PID=405) to work on /opt/airflow/dags/initial_load_dag.py
[2025-08-03T12:13:09.472+0000] {processor.py:829} INFO - Processing file /opt/airflow/dags/initial_load_dag.py for tasks to queue
[2025-08-03T12:13:09.478+0000] {logging_mixin.py:151} INFO - [2025-08-03T12:13:09.478+0000] {dagbag.py:539} INFO - Filling up the DagBag from /opt/airflow/dags/initial_load_dag.py
[2025-08-03T12:13:09.669+0000] {processor.py:839} INFO - DAG(s) dict_keys(['initial_load_pipeline']) retrieved from /opt/airflow/dags/initial_load_dag.py
[2025-08-03T12:13:09.683+0000] {logging_mixin.py:151} INFO - [2025-08-03T12:13:09.683+0000] {dag.py:2915} INFO - Sync 1 DAGs
[2025-08-03T12:13:09.688+0000] {logging_mixin.py:151} INFO - [2025-08-03T12:13:09.688+0000] {dag.py:3696} INFO - Setting next_dagrun for initial_load_pipeline to None, run_after=None
[2025-08-03T12:13:09.696+0000] {processor.py:179} INFO - Processing /opt/airflow/dags/initial_load_dag.py took 0.229 seconds
[2025-08-03T12:13:40.052+0000] {processor.py:157} INFO - Started process (PID=415) to work on /opt/airflow/dags/initial_load_dag.py
[2025-08-03T12:13:40.055+0000] {processor.py:829} INFO - Processing file /opt/airflow/dags/initial_load_dag.py for tasks to queue
[2025-08-03T12:13:40.059+0000] {logging_mixin.py:151} INFO - [2025-08-03T12:13:40.059+0000] {dagbag.py:539} INFO - Filling up the DagBag from /opt/airflow/dags/initial_load_dag.py
[2025-08-03T12:13:40.261+0000] {processor.py:839} INFO - DAG(s) dict_keys(['initial_load_pipeline']) retrieved from /opt/airflow/dags/initial_load_dag.py
[2025-08-03T12:13:40.279+0000] {logging_mixin.py:151} INFO - [2025-08-03T12:13:40.279+0000] {dag.py:2915} INFO - Sync 1 DAGs
[2025-08-03T12:13:40.286+0000] {logging_mixin.py:151} INFO - [2025-08-03T12:13:40.286+0000] {dag.py:3696} INFO - Setting next_dagrun for initial_load_pipeline to None, run_after=None
[2025-08-03T12:13:40.304+0000] {processor.py:179} INFO - Processing /opt/airflow/dags/initial_load_dag.py took 0.256 seconds
[2025-08-03T12:14:10.622+0000] {processor.py:157} INFO - Started process (PID=425) to work on /opt/airflow/dags/initial_load_dag.py
[2025-08-03T12:14:10.624+0000] {processor.py:829} INFO - Processing file /opt/airflow/dags/initial_load_dag.py for tasks to queue
[2025-08-03T12:14:10.627+0000] {logging_mixin.py:151} INFO - [2025-08-03T12:14:10.626+0000] {dagbag.py:539} INFO - Filling up the DagBag from /opt/airflow/dags/initial_load_dag.py
[2025-08-03T12:14:10.823+0000] {processor.py:839} INFO - DAG(s) dict_keys(['initial_load_pipeline']) retrieved from /opt/airflow/dags/initial_load_dag.py
[2025-08-03T12:14:10.837+0000] {logging_mixin.py:151} INFO - [2025-08-03T12:14:10.837+0000] {dag.py:2915} INFO - Sync 1 DAGs
[2025-08-03T12:14:10.843+0000] {logging_mixin.py:151} INFO - [2025-08-03T12:14:10.842+0000] {dag.py:3696} INFO - Setting next_dagrun for initial_load_pipeline to None, run_after=None
[2025-08-03T12:14:10.851+0000] {processor.py:179} INFO - Processing /opt/airflow/dags/initial_load_dag.py took 0.232 seconds
[2025-08-03T12:14:41.145+0000] {processor.py:157} INFO - Started process (PID=435) to work on /opt/airflow/dags/initial_load_dag.py
[2025-08-03T12:14:41.146+0000] {processor.py:829} INFO - Processing file /opt/airflow/dags/initial_load_dag.py for tasks to queue
[2025-08-03T12:14:41.148+0000] {logging_mixin.py:151} INFO - [2025-08-03T12:14:41.147+0000] {dagbag.py:539} INFO - Filling up the DagBag from /opt/airflow/dags/initial_load_dag.py
[2025-08-03T12:14:41.349+0000] {processor.py:839} INFO - DAG(s) dict_keys(['initial_load_pipeline']) retrieved from /opt/airflow/dags/initial_load_dag.py
[2025-08-03T12:14:41.363+0000] {logging_mixin.py:151} INFO - [2025-08-03T12:14:41.363+0000] {dag.py:2915} INFO - Sync 1 DAGs
[2025-08-03T12:14:41.370+0000] {logging_mixin.py:151} INFO - [2025-08-03T12:14:41.370+0000] {dag.py:3696} INFO - Setting next_dagrun for initial_load_pipeline to None, run_after=None
[2025-08-03T12:14:41.378+0000] {processor.py:179} INFO - Processing /opt/airflow/dags/initial_load_dag.py took 0.236 seconds
[2025-08-03T12:15:11.695+0000] {processor.py:157} INFO - Started process (PID=445) to work on /opt/airflow/dags/initial_load_dag.py
[2025-08-03T12:15:11.696+0000] {processor.py:829} INFO - Processing file /opt/airflow/dags/initial_load_dag.py for tasks to queue
[2025-08-03T12:15:11.698+0000] {logging_mixin.py:151} INFO - [2025-08-03T12:15:11.698+0000] {dagbag.py:539} INFO - Filling up the DagBag from /opt/airflow/dags/initial_load_dag.py
[2025-08-03T12:15:11.898+0000] {processor.py:839} INFO - DAG(s) dict_keys(['initial_load_pipeline']) retrieved from /opt/airflow/dags/initial_load_dag.py
[2025-08-03T12:15:11.914+0000] {logging_mixin.py:151} INFO - [2025-08-03T12:15:11.914+0000] {dag.py:2915} INFO - Sync 1 DAGs
[2025-08-03T12:15:11.920+0000] {logging_mixin.py:151} INFO - [2025-08-03T12:15:11.920+0000] {dag.py:3696} INFO - Setting next_dagrun for initial_load_pipeline to None, run_after=None
[2025-08-03T12:15:11.930+0000] {processor.py:179} INFO - Processing /opt/airflow/dags/initial_load_dag.py took 0.237 seconds
[2025-08-03T12:15:42.243+0000] {processor.py:157} INFO - Started process (PID=455) to work on /opt/airflow/dags/initial_load_dag.py
[2025-08-03T12:15:42.245+0000] {processor.py:829} INFO - Processing file /opt/airflow/dags/initial_load_dag.py for tasks to queue
[2025-08-03T12:15:42.248+0000] {logging_mixin.py:151} INFO - [2025-08-03T12:15:42.247+0000] {dagbag.py:539} INFO - Filling up the DagBag from /opt/airflow/dags/initial_load_dag.py
[2025-08-03T12:15:42.448+0000] {processor.py:839} INFO - DAG(s) dict_keys(['initial_load_pipeline']) retrieved from /opt/airflow/dags/initial_load_dag.py
[2025-08-03T12:15:42.462+0000] {logging_mixin.py:151} INFO - [2025-08-03T12:15:42.462+0000] {dag.py:2915} INFO - Sync 1 DAGs
[2025-08-03T12:15:42.468+0000] {logging_mixin.py:151} INFO - [2025-08-03T12:15:42.468+0000] {dag.py:3696} INFO - Setting next_dagrun for initial_load_pipeline to None, run_after=None
[2025-08-03T12:15:42.476+0000] {processor.py:179} INFO - Processing /opt/airflow/dags/initial_load_dag.py took 0.235 seconds
[2025-08-03T12:16:12.852+0000] {processor.py:157} INFO - Started process (PID=465) to work on /opt/airflow/dags/initial_load_dag.py
[2025-08-03T12:16:12.853+0000] {processor.py:829} INFO - Processing file /opt/airflow/dags/initial_load_dag.py for tasks to queue
[2025-08-03T12:16:12.856+0000] {logging_mixin.py:151} INFO - [2025-08-03T12:16:12.856+0000] {dagbag.py:539} INFO - Filling up the DagBag from /opt/airflow/dags/initial_load_dag.py
[2025-08-03T12:16:13.056+0000] {processor.py:839} INFO - DAG(s) dict_keys(['initial_load_pipeline']) retrieved from /opt/airflow/dags/initial_load_dag.py
[2025-08-03T12:16:13.070+0000] {logging_mixin.py:151} INFO - [2025-08-03T12:16:13.070+0000] {dag.py:2915} INFO - Sync 1 DAGs
[2025-08-03T12:16:13.075+0000] {logging_mixin.py:151} INFO - [2025-08-03T12:16:13.075+0000] {dag.py:3696} INFO - Setting next_dagrun for initial_load_pipeline to None, run_after=None
[2025-08-03T12:16:13.083+0000] {processor.py:179} INFO - Processing /opt/airflow/dags/initial_load_dag.py took 0.236 seconds
[2025-08-03T12:16:43.383+0000] {processor.py:157} INFO - Started process (PID=475) to work on /opt/airflow/dags/initial_load_dag.py
[2025-08-03T12:16:43.384+0000] {processor.py:829} INFO - Processing file /opt/airflow/dags/initial_load_dag.py for tasks to queue
[2025-08-03T12:16:43.386+0000] {logging_mixin.py:151} INFO - [2025-08-03T12:16:43.386+0000] {dagbag.py:539} INFO - Filling up the DagBag from /opt/airflow/dags/initial_load_dag.py
[2025-08-03T12:16:43.580+0000] {processor.py:839} INFO - DAG(s) dict_keys(['initial_load_pipeline']) retrieved from /opt/airflow/dags/initial_load_dag.py
[2025-08-03T12:16:43.595+0000] {logging_mixin.py:151} INFO - [2025-08-03T12:16:43.595+0000] {dag.py:2915} INFO - Sync 1 DAGs
[2025-08-03T12:16:43.601+0000] {logging_mixin.py:151} INFO - [2025-08-03T12:16:43.601+0000] {dag.py:3696} INFO - Setting next_dagrun for initial_load_pipeline to None, run_after=None
[2025-08-03T12:16:43.610+0000] {processor.py:179} INFO - Processing /opt/airflow/dags/initial_load_dag.py took 0.228 seconds
[2025-08-03T12:17:13.947+0000] {processor.py:157} INFO - Started process (PID=485) to work on /opt/airflow/dags/initial_load_dag.py
[2025-08-03T12:17:13.948+0000] {processor.py:829} INFO - Processing file /opt/airflow/dags/initial_load_dag.py for tasks to queue
[2025-08-03T12:17:13.950+0000] {logging_mixin.py:151} INFO - [2025-08-03T12:17:13.950+0000] {dagbag.py:539} INFO - Filling up the DagBag from /opt/airflow/dags/initial_load_dag.py
[2025-08-03T12:17:14.154+0000] {processor.py:839} INFO - DAG(s) dict_keys(['initial_load_pipeline']) retrieved from /opt/airflow/dags/initial_load_dag.py
[2025-08-03T12:17:14.169+0000] {logging_mixin.py:151} INFO - [2025-08-03T12:17:14.169+0000] {dag.py:2915} INFO - Sync 1 DAGs
[2025-08-03T12:17:14.175+0000] {logging_mixin.py:151} INFO - [2025-08-03T12:17:14.175+0000] {dag.py:3696} INFO - Setting next_dagrun for initial_load_pipeline to None, run_after=None
[2025-08-03T12:17:14.184+0000] {processor.py:179} INFO - Processing /opt/airflow/dags/initial_load_dag.py took 0.239 seconds
[2025-08-03T12:17:44.542+0000] {processor.py:157} INFO - Started process (PID=495) to work on /opt/airflow/dags/initial_load_dag.py
[2025-08-03T12:17:44.542+0000] {processor.py:829} INFO - Processing file /opt/airflow/dags/initial_load_dag.py for tasks to queue
[2025-08-03T12:17:44.544+0000] {logging_mixin.py:151} INFO - [2025-08-03T12:17:44.544+0000] {dagbag.py:539} INFO - Filling up the DagBag from /opt/airflow/dags/initial_load_dag.py
[2025-08-03T12:17:44.735+0000] {processor.py:839} INFO - DAG(s) dict_keys(['initial_load_pipeline']) retrieved from /opt/airflow/dags/initial_load_dag.py
[2025-08-03T12:17:44.749+0000] {logging_mixin.py:151} INFO - [2025-08-03T12:17:44.749+0000] {dag.py:2915} INFO - Sync 1 DAGs
[2025-08-03T12:17:44.755+0000] {logging_mixin.py:151} INFO - [2025-08-03T12:17:44.755+0000] {dag.py:3696} INFO - Setting next_dagrun for initial_load_pipeline to None, run_after=None
[2025-08-03T12:17:44.764+0000] {processor.py:179} INFO - Processing /opt/airflow/dags/initial_load_dag.py took 0.226 seconds
[2025-08-03T12:18:15.083+0000] {processor.py:157} INFO - Started process (PID=505) to work on /opt/airflow/dags/initial_load_dag.py
[2025-08-03T12:18:15.088+0000] {processor.py:829} INFO - Processing file /opt/airflow/dags/initial_load_dag.py for tasks to queue
[2025-08-03T12:18:15.093+0000] {logging_mixin.py:151} INFO - [2025-08-03T12:18:15.092+0000] {dagbag.py:539} INFO - Filling up the DagBag from /opt/airflow/dags/initial_load_dag.py
[2025-08-03T12:18:15.299+0000] {processor.py:839} INFO - DAG(s) dict_keys(['initial_load_pipeline']) retrieved from /opt/airflow/dags/initial_load_dag.py
[2025-08-03T12:18:15.323+0000] {logging_mixin.py:151} INFO - [2025-08-03T12:18:15.323+0000] {dag.py:2915} INFO - Sync 1 DAGs
[2025-08-03T12:18:15.332+0000] {logging_mixin.py:151} INFO - [2025-08-03T12:18:15.332+0000] {dag.py:3696} INFO - Setting next_dagrun for initial_load_pipeline to None, run_after=None
[2025-08-03T12:18:15.349+0000] {processor.py:179} INFO - Processing /opt/airflow/dags/initial_load_dag.py took 0.270 seconds
[2025-08-03T12:18:45.659+0000] {processor.py:157} INFO - Started process (PID=515) to work on /opt/airflow/dags/initial_load_dag.py
[2025-08-03T12:18:45.661+0000] {processor.py:829} INFO - Processing file /opt/airflow/dags/initial_load_dag.py for tasks to queue
[2025-08-03T12:18:45.662+0000] {logging_mixin.py:151} INFO - [2025-08-03T12:18:45.661+0000] {dagbag.py:539} INFO - Filling up the DagBag from /opt/airflow/dags/initial_load_dag.py
[2025-08-03T12:18:45.856+0000] {processor.py:839} INFO - DAG(s) dict_keys(['initial_load_pipeline']) retrieved from /opt/airflow/dags/initial_load_dag.py
[2025-08-03T12:18:45.870+0000] {logging_mixin.py:151} INFO - [2025-08-03T12:18:45.870+0000] {dag.py:2915} INFO - Sync 1 DAGs
[2025-08-03T12:18:45.876+0000] {logging_mixin.py:151} INFO - [2025-08-03T12:18:45.876+0000] {dag.py:3696} INFO - Setting next_dagrun for initial_load_pipeline to None, run_after=None
[2025-08-03T12:18:45.884+0000] {processor.py:179} INFO - Processing /opt/airflow/dags/initial_load_dag.py took 0.226 seconds
[2025-08-03T12:19:16.198+0000] {processor.py:157} INFO - Started process (PID=525) to work on /opt/airflow/dags/initial_load_dag.py
[2025-08-03T12:19:16.199+0000] {processor.py:829} INFO - Processing file /opt/airflow/dags/initial_load_dag.py for tasks to queue
[2025-08-03T12:19:16.203+0000] {logging_mixin.py:151} INFO - [2025-08-03T12:19:16.203+0000] {dagbag.py:539} INFO - Filling up the DagBag from /opt/airflow/dags/initial_load_dag.py
[2025-08-03T12:19:16.413+0000] {processor.py:839} INFO - DAG(s) dict_keys(['initial_load_pipeline']) retrieved from /opt/airflow/dags/initial_load_dag.py
[2025-08-03T12:19:16.427+0000] {logging_mixin.py:151} INFO - [2025-08-03T12:19:16.427+0000] {dag.py:2915} INFO - Sync 1 DAGs
[2025-08-03T12:19:16.433+0000] {logging_mixin.py:151} INFO - [2025-08-03T12:19:16.433+0000] {dag.py:3696} INFO - Setting next_dagrun for initial_load_pipeline to None, run_after=None
[2025-08-03T12:19:16.442+0000] {processor.py:179} INFO - Processing /opt/airflow/dags/initial_load_dag.py took 0.248 seconds
[2025-08-03T12:19:46.801+0000] {processor.py:157} INFO - Started process (PID=535) to work on /opt/airflow/dags/initial_load_dag.py
[2025-08-03T12:19:46.806+0000] {processor.py:829} INFO - Processing file /opt/airflow/dags/initial_load_dag.py for tasks to queue
[2025-08-03T12:19:46.810+0000] {logging_mixin.py:151} INFO - [2025-08-03T12:19:46.810+0000] {dagbag.py:539} INFO - Filling up the DagBag from /opt/airflow/dags/initial_load_dag.py
[2025-08-03T12:19:47.008+0000] {processor.py:839} INFO - DAG(s) dict_keys(['initial_load_pipeline']) retrieved from /opt/airflow/dags/initial_load_dag.py
[2025-08-03T12:19:47.030+0000] {logging_mixin.py:151} INFO - [2025-08-03T12:19:47.029+0000] {dag.py:2915} INFO - Sync 1 DAGs
[2025-08-03T12:19:47.036+0000] {logging_mixin.py:151} INFO - [2025-08-03T12:19:47.036+0000] {dag.py:3696} INFO - Setting next_dagrun for initial_load_pipeline to None, run_after=None
[2025-08-03T12:19:47.044+0000] {processor.py:179} INFO - Processing /opt/airflow/dags/initial_load_dag.py took 0.247 seconds
[2025-08-03T12:20:17.429+0000] {processor.py:157} INFO - Started process (PID=545) to work on /opt/airflow/dags/initial_load_dag.py
[2025-08-03T12:20:17.433+0000] {processor.py:829} INFO - Processing file /opt/airflow/dags/initial_load_dag.py for tasks to queue
[2025-08-03T12:20:17.436+0000] {logging_mixin.py:151} INFO - [2025-08-03T12:20:17.436+0000] {dagbag.py:539} INFO - Filling up the DagBag from /opt/airflow/dags/initial_load_dag.py
[2025-08-03T12:20:17.627+0000] {processor.py:839} INFO - DAG(s) dict_keys(['initial_load_pipeline']) retrieved from /opt/airflow/dags/initial_load_dag.py
[2025-08-03T12:20:17.643+0000] {logging_mixin.py:151} INFO - [2025-08-03T12:20:17.643+0000] {dag.py:2915} INFO - Sync 1 DAGs
[2025-08-03T12:20:17.649+0000] {logging_mixin.py:151} INFO - [2025-08-03T12:20:17.648+0000] {dag.py:3696} INFO - Setting next_dagrun for initial_load_pipeline to None, run_after=None
[2025-08-03T12:20:17.657+0000] {processor.py:179} INFO - Processing /opt/airflow/dags/initial_load_dag.py took 0.231 seconds
[2025-08-03T12:20:48.005+0000] {processor.py:157} INFO - Started process (PID=555) to work on /opt/airflow/dags/initial_load_dag.py
[2025-08-03T12:20:48.006+0000] {processor.py:829} INFO - Processing file /opt/airflow/dags/initial_load_dag.py for tasks to queue
[2025-08-03T12:20:48.013+0000] {logging_mixin.py:151} INFO - [2025-08-03T12:20:48.012+0000] {dagbag.py:539} INFO - Filling up the DagBag from /opt/airflow/dags/initial_load_dag.py
[2025-08-03T12:20:48.200+0000] {processor.py:839} INFO - DAG(s) dict_keys(['initial_load_pipeline']) retrieved from /opt/airflow/dags/initial_load_dag.py
[2025-08-03T12:20:48.215+0000] {logging_mixin.py:151} INFO - [2025-08-03T12:20:48.214+0000] {dag.py:2915} INFO - Sync 1 DAGs
[2025-08-03T12:20:48.221+0000] {logging_mixin.py:151} INFO - [2025-08-03T12:20:48.221+0000] {dag.py:3696} INFO - Setting next_dagrun for initial_load_pipeline to None, run_after=None
[2025-08-03T12:20:48.229+0000] {processor.py:179} INFO - Processing /opt/airflow/dags/initial_load_dag.py took 0.226 seconds
[2025-08-03T12:21:18.563+0000] {processor.py:157} INFO - Started process (PID=565) to work on /opt/airflow/dags/initial_load_dag.py
[2025-08-03T12:21:18.564+0000] {processor.py:829} INFO - Processing file /opt/airflow/dags/initial_load_dag.py for tasks to queue
[2025-08-03T12:21:18.565+0000] {logging_mixin.py:151} INFO - [2025-08-03T12:21:18.565+0000] {dagbag.py:539} INFO - Filling up the DagBag from /opt/airflow/dags/initial_load_dag.py
[2025-08-03T12:21:18.770+0000] {processor.py:839} INFO - DAG(s) dict_keys(['initial_load_pipeline']) retrieved from /opt/airflow/dags/initial_load_dag.py
[2025-08-03T12:21:18.785+0000] {logging_mixin.py:151} INFO - [2025-08-03T12:21:18.785+0000] {dag.py:2915} INFO - Sync 1 DAGs
[2025-08-03T12:21:18.790+0000] {logging_mixin.py:151} INFO - [2025-08-03T12:21:18.790+0000] {dag.py:3696} INFO - Setting next_dagrun for initial_load_pipeline to None, run_after=None
[2025-08-03T12:21:18.799+0000] {processor.py:179} INFO - Processing /opt/airflow/dags/initial_load_dag.py took 0.238 seconds
[2025-08-03T12:21:49.161+0000] {processor.py:157} INFO - Started process (PID=575) to work on /opt/airflow/dags/initial_load_dag.py
[2025-08-03T12:21:49.168+0000] {processor.py:829} INFO - Processing file /opt/airflow/dags/initial_load_dag.py for tasks to queue
[2025-08-03T12:21:49.175+0000] {logging_mixin.py:151} INFO - [2025-08-03T12:21:49.173+0000] {dagbag.py:539} INFO - Filling up the DagBag from /opt/airflow/dags/initial_load_dag.py
[2025-08-03T12:21:49.476+0000] {processor.py:839} INFO - DAG(s) dict_keys(['initial_load_pipeline']) retrieved from /opt/airflow/dags/initial_load_dag.py
[2025-08-03T12:21:49.490+0000] {logging_mixin.py:151} INFO - [2025-08-03T12:21:49.490+0000] {dag.py:2915} INFO - Sync 1 DAGs
[2025-08-03T12:21:49.496+0000] {logging_mixin.py:151} INFO - [2025-08-03T12:21:49.496+0000] {dag.py:3696} INFO - Setting next_dagrun for initial_load_pipeline to None, run_after=None
[2025-08-03T12:21:49.504+0000] {processor.py:179} INFO - Processing /opt/airflow/dags/initial_load_dag.py took 0.347 seconds
[2025-08-03T12:22:19.907+0000] {processor.py:157} INFO - Started process (PID=585) to work on /opt/airflow/dags/initial_load_dag.py
[2025-08-03T12:22:19.913+0000] {processor.py:829} INFO - Processing file /opt/airflow/dags/initial_load_dag.py for tasks to queue
[2025-08-03T12:22:19.915+0000] {logging_mixin.py:151} INFO - [2025-08-03T12:22:19.915+0000] {dagbag.py:539} INFO - Filling up the DagBag from /opt/airflow/dags/initial_load_dag.py
[2025-08-03T12:22:20.111+0000] {processor.py:839} INFO - DAG(s) dict_keys(['initial_load_pipeline']) retrieved from /opt/airflow/dags/initial_load_dag.py
[2025-08-03T12:22:20.125+0000] {logging_mixin.py:151} INFO - [2025-08-03T12:22:20.124+0000] {dag.py:2915} INFO - Sync 1 DAGs
[2025-08-03T12:22:20.130+0000] {logging_mixin.py:151} INFO - [2025-08-03T12:22:20.130+0000] {dag.py:3696} INFO - Setting next_dagrun for initial_load_pipeline to None, run_after=None
[2025-08-03T12:22:20.138+0000] {processor.py:179} INFO - Processing /opt/airflow/dags/initial_load_dag.py took 0.234 seconds
[2025-08-03T12:22:50.496+0000] {processor.py:157} INFO - Started process (PID=595) to work on /opt/airflow/dags/initial_load_dag.py
[2025-08-03T12:22:50.497+0000] {processor.py:829} INFO - Processing file /opt/airflow/dags/initial_load_dag.py for tasks to queue
[2025-08-03T12:22:50.500+0000] {logging_mixin.py:151} INFO - [2025-08-03T12:22:50.499+0000] {dagbag.py:539} INFO - Filling up the DagBag from /opt/airflow/dags/initial_load_dag.py
[2025-08-03T12:22:50.702+0000] {processor.py:839} INFO - DAG(s) dict_keys(['initial_load_pipeline']) retrieved from /opt/airflow/dags/initial_load_dag.py
[2025-08-03T12:22:50.716+0000] {logging_mixin.py:151} INFO - [2025-08-03T12:22:50.716+0000] {dag.py:2915} INFO - Sync 1 DAGs
[2025-08-03T12:22:50.723+0000] {logging_mixin.py:151} INFO - [2025-08-03T12:22:50.722+0000] {dag.py:3696} INFO - Setting next_dagrun for initial_load_pipeline to None, run_after=None
[2025-08-03T12:22:50.731+0000] {processor.py:179} INFO - Processing /opt/airflow/dags/initial_load_dag.py took 0.239 seconds
[2025-08-03T12:23:21.138+0000] {processor.py:157} INFO - Started process (PID=605) to work on /opt/airflow/dags/initial_load_dag.py
[2025-08-03T12:23:21.140+0000] {processor.py:829} INFO - Processing file /opt/airflow/dags/initial_load_dag.py for tasks to queue
[2025-08-03T12:23:21.144+0000] {logging_mixin.py:151} INFO - [2025-08-03T12:23:21.143+0000] {dagbag.py:539} INFO - Filling up the DagBag from /opt/airflow/dags/initial_load_dag.py
[2025-08-03T12:23:21.338+0000] {processor.py:839} INFO - DAG(s) dict_keys(['initial_load_pipeline']) retrieved from /opt/airflow/dags/initial_load_dag.py
[2025-08-03T12:23:21.351+0000] {logging_mixin.py:151} INFO - [2025-08-03T12:23:21.351+0000] {dag.py:2915} INFO - Sync 1 DAGs
[2025-08-03T12:23:21.357+0000] {logging_mixin.py:151} INFO - [2025-08-03T12:23:21.357+0000] {dag.py:3696} INFO - Setting next_dagrun for initial_load_pipeline to None, run_after=None
[2025-08-03T12:23:21.365+0000] {processor.py:179} INFO - Processing /opt/airflow/dags/initial_load_dag.py took 0.230 seconds
[2025-08-03T12:23:51.795+0000] {processor.py:157} INFO - Started process (PID=615) to work on /opt/airflow/dags/initial_load_dag.py
[2025-08-03T12:23:51.796+0000] {processor.py:829} INFO - Processing file /opt/airflow/dags/initial_load_dag.py for tasks to queue
[2025-08-03T12:23:51.803+0000] {logging_mixin.py:151} INFO - [2025-08-03T12:23:51.803+0000] {dagbag.py:539} INFO - Filling up the DagBag from /opt/airflow/dags/initial_load_dag.py
[2025-08-03T12:23:51.996+0000] {processor.py:839} INFO - DAG(s) dict_keys(['initial_load_pipeline']) retrieved from /opt/airflow/dags/initial_load_dag.py
[2025-08-03T12:23:52.010+0000] {logging_mixin.py:151} INFO - [2025-08-03T12:23:52.010+0000] {dag.py:2915} INFO - Sync 1 DAGs
[2025-08-03T12:23:52.017+0000] {logging_mixin.py:151} INFO - [2025-08-03T12:23:52.017+0000] {dag.py:3696} INFO - Setting next_dagrun for initial_load_pipeline to None, run_after=None
[2025-08-03T12:23:52.026+0000] {processor.py:179} INFO - Processing /opt/airflow/dags/initial_load_dag.py took 0.235 seconds
[2025-08-03T12:24:22.369+0000] {processor.py:157} INFO - Started process (PID=625) to work on /opt/airflow/dags/initial_load_dag.py
[2025-08-03T12:24:22.370+0000] {processor.py:829} INFO - Processing file /opt/airflow/dags/initial_load_dag.py for tasks to queue
[2025-08-03T12:24:22.373+0000] {logging_mixin.py:151} INFO - [2025-08-03T12:24:22.372+0000] {dagbag.py:539} INFO - Filling up the DagBag from /opt/airflow/dags/initial_load_dag.py
[2025-08-03T12:24:22.567+0000] {processor.py:839} INFO - DAG(s) dict_keys(['initial_load_pipeline']) retrieved from /opt/airflow/dags/initial_load_dag.py
[2025-08-03T12:24:22.582+0000] {logging_mixin.py:151} INFO - [2025-08-03T12:24:22.582+0000] {dag.py:2915} INFO - Sync 1 DAGs
[2025-08-03T12:24:22.588+0000] {logging_mixin.py:151} INFO - [2025-08-03T12:24:22.588+0000] {dag.py:3696} INFO - Setting next_dagrun for initial_load_pipeline to None, run_after=None
[2025-08-03T12:24:22.597+0000] {processor.py:179} INFO - Processing /opt/airflow/dags/initial_load_dag.py took 0.231 seconds
[2025-08-03T12:24:52.991+0000] {processor.py:157} INFO - Started process (PID=635) to work on /opt/airflow/dags/initial_load_dag.py
[2025-08-03T12:24:52.993+0000] {processor.py:829} INFO - Processing file /opt/airflow/dags/initial_load_dag.py for tasks to queue
[2025-08-03T12:24:52.994+0000] {logging_mixin.py:151} INFO - [2025-08-03T12:24:52.994+0000] {dagbag.py:539} INFO - Filling up the DagBag from /opt/airflow/dags/initial_load_dag.py
[2025-08-03T12:24:53.187+0000] {processor.py:839} INFO - DAG(s) dict_keys(['initial_load_pipeline']) retrieved from /opt/airflow/dags/initial_load_dag.py
[2025-08-03T12:24:53.201+0000] {logging_mixin.py:151} INFO - [2025-08-03T12:24:53.201+0000] {dag.py:2915} INFO - Sync 1 DAGs
[2025-08-03T12:24:53.207+0000] {logging_mixin.py:151} INFO - [2025-08-03T12:24:53.207+0000] {dag.py:3696} INFO - Setting next_dagrun for initial_load_pipeline to None, run_after=None
[2025-08-03T12:24:53.216+0000] {processor.py:179} INFO - Processing /opt/airflow/dags/initial_load_dag.py took 0.228 seconds
[2025-08-03T12:25:23.586+0000] {processor.py:157} INFO - Started process (PID=645) to work on /opt/airflow/dags/initial_load_dag.py
[2025-08-03T12:25:23.589+0000] {processor.py:829} INFO - Processing file /opt/airflow/dags/initial_load_dag.py for tasks to queue
[2025-08-03T12:25:23.592+0000] {logging_mixin.py:151} INFO - [2025-08-03T12:25:23.592+0000] {dagbag.py:539} INFO - Filling up the DagBag from /opt/airflow/dags/initial_load_dag.py
[2025-08-03T12:25:23.793+0000] {processor.py:839} INFO - DAG(s) dict_keys(['initial_load_pipeline']) retrieved from /opt/airflow/dags/initial_load_dag.py
[2025-08-03T12:25:23.807+0000] {logging_mixin.py:151} INFO - [2025-08-03T12:25:23.807+0000] {dag.py:2915} INFO - Sync 1 DAGs
[2025-08-03T12:25:23.813+0000] {logging_mixin.py:151} INFO - [2025-08-03T12:25:23.813+0000] {dag.py:3696} INFO - Setting next_dagrun for initial_load_pipeline to None, run_after=None
[2025-08-03T12:25:23.823+0000] {processor.py:179} INFO - Processing /opt/airflow/dags/initial_load_dag.py took 0.241 seconds
[2025-08-03T12:25:54.210+0000] {processor.py:157} INFO - Started process (PID=655) to work on /opt/airflow/dags/initial_load_dag.py
[2025-08-03T12:25:54.210+0000] {processor.py:829} INFO - Processing file /opt/airflow/dags/initial_load_dag.py for tasks to queue
[2025-08-03T12:25:54.214+0000] {logging_mixin.py:151} INFO - [2025-08-03T12:25:54.213+0000] {dagbag.py:539} INFO - Filling up the DagBag from /opt/airflow/dags/initial_load_dag.py
[2025-08-03T12:25:54.409+0000] {processor.py:839} INFO - DAG(s) dict_keys(['initial_load_pipeline']) retrieved from /opt/airflow/dags/initial_load_dag.py
[2025-08-03T12:25:54.422+0000] {logging_mixin.py:151} INFO - [2025-08-03T12:25:54.422+0000] {dag.py:2915} INFO - Sync 1 DAGs
[2025-08-03T12:25:54.428+0000] {logging_mixin.py:151} INFO - [2025-08-03T12:25:54.428+0000] {dag.py:3696} INFO - Setting next_dagrun for initial_load_pipeline to None, run_after=None
[2025-08-03T12:25:54.436+0000] {processor.py:179} INFO - Processing /opt/airflow/dags/initial_load_dag.py took 0.229 seconds
[2025-08-03T12:26:24.818+0000] {processor.py:157} INFO - Started process (PID=665) to work on /opt/airflow/dags/initial_load_dag.py
[2025-08-03T12:26:24.820+0000] {processor.py:829} INFO - Processing file /opt/airflow/dags/initial_load_dag.py for tasks to queue
[2025-08-03T12:26:24.824+0000] {logging_mixin.py:151} INFO - [2025-08-03T12:26:24.824+0000] {dagbag.py:539} INFO - Filling up the DagBag from /opt/airflow/dags/initial_load_dag.py
[2025-08-03T12:26:25.225+0000] {processor.py:839} INFO - DAG(s) dict_keys(['initial_load_pipeline']) retrieved from /opt/airflow/dags/initial_load_dag.py
[2025-08-03T12:26:25.302+0000] {logging_mixin.py:151} INFO - [2025-08-03T12:26:25.302+0000] {dag.py:2915} INFO - Sync 1 DAGs
[2025-08-03T12:26:25.324+0000] {logging_mixin.py:151} INFO - [2025-08-03T12:26:25.324+0000] {dag.py:3696} INFO - Setting next_dagrun for initial_load_pipeline to None, run_after=None
[2025-08-03T12:26:25.383+0000] {processor.py:179} INFO - Processing /opt/airflow/dags/initial_load_dag.py took 0.569 seconds
[2025-08-03T12:26:55.754+0000] {processor.py:157} INFO - Started process (PID=675) to work on /opt/airflow/dags/initial_load_dag.py
[2025-08-03T12:26:55.757+0000] {processor.py:829} INFO - Processing file /opt/airflow/dags/initial_load_dag.py for tasks to queue
[2025-08-03T12:26:55.761+0000] {logging_mixin.py:151} INFO - [2025-08-03T12:26:55.760+0000] {dagbag.py:539} INFO - Filling up the DagBag from /opt/airflow/dags/initial_load_dag.py
[2025-08-03T12:26:55.953+0000] {processor.py:839} INFO - DAG(s) dict_keys(['initial_load_pipeline']) retrieved from /opt/airflow/dags/initial_load_dag.py
[2025-08-03T12:26:55.967+0000] {logging_mixin.py:151} INFO - [2025-08-03T12:26:55.967+0000] {dag.py:2915} INFO - Sync 1 DAGs
[2025-08-03T12:26:55.973+0000] {logging_mixin.py:151} INFO - [2025-08-03T12:26:55.973+0000] {dag.py:3696} INFO - Setting next_dagrun for initial_load_pipeline to None, run_after=None
[2025-08-03T12:26:55.982+0000] {processor.py:179} INFO - Processing /opt/airflow/dags/initial_load_dag.py took 0.230 seconds
[2025-08-03T12:27:26.327+0000] {processor.py:157} INFO - Started process (PID=684) to work on /opt/airflow/dags/initial_load_dag.py
[2025-08-03T12:27:26.330+0000] {processor.py:829} INFO - Processing file /opt/airflow/dags/initial_load_dag.py for tasks to queue
[2025-08-03T12:27:26.333+0000] {logging_mixin.py:151} INFO - [2025-08-03T12:27:26.333+0000] {dagbag.py:539} INFO - Filling up the DagBag from /opt/airflow/dags/initial_load_dag.py
[2025-08-03T12:27:26.528+0000] {processor.py:839} INFO - DAG(s) dict_keys(['initial_load_pipeline']) retrieved from /opt/airflow/dags/initial_load_dag.py
[2025-08-03T12:27:26.542+0000] {logging_mixin.py:151} INFO - [2025-08-03T12:27:26.542+0000] {dag.py:2915} INFO - Sync 1 DAGs
[2025-08-03T12:27:26.548+0000] {logging_mixin.py:151} INFO - [2025-08-03T12:27:26.547+0000] {dag.py:3696} INFO - Setting next_dagrun for initial_load_pipeline to None, run_after=None
[2025-08-03T12:27:26.556+0000] {processor.py:179} INFO - Processing /opt/airflow/dags/initial_load_dag.py took 0.232 seconds
[2025-08-03T12:27:56.944+0000] {processor.py:157} INFO - Started process (PID=694) to work on /opt/airflow/dags/initial_load_dag.py
[2025-08-03T12:27:56.946+0000] {processor.py:829} INFO - Processing file /opt/airflow/dags/initial_load_dag.py for tasks to queue
[2025-08-03T12:27:56.949+0000] {logging_mixin.py:151} INFO - [2025-08-03T12:27:56.949+0000] {dagbag.py:539} INFO - Filling up the DagBag from /opt/airflow/dags/initial_load_dag.py
[2025-08-03T12:27:57.142+0000] {processor.py:839} INFO - DAG(s) dict_keys(['initial_load_pipeline']) retrieved from /opt/airflow/dags/initial_load_dag.py
[2025-08-03T12:27:57.157+0000] {logging_mixin.py:151} INFO - [2025-08-03T12:27:57.156+0000] {dag.py:2915} INFO - Sync 1 DAGs
[2025-08-03T12:27:57.163+0000] {logging_mixin.py:151} INFO - [2025-08-03T12:27:57.163+0000] {dag.py:3696} INFO - Setting next_dagrun for initial_load_pipeline to None, run_after=None
[2025-08-03T12:27:57.172+0000] {processor.py:179} INFO - Processing /opt/airflow/dags/initial_load_dag.py took 0.232 seconds
[2025-08-03T12:28:27.553+0000] {processor.py:157} INFO - Started process (PID=704) to work on /opt/airflow/dags/initial_load_dag.py
[2025-08-03T12:28:27.555+0000] {processor.py:829} INFO - Processing file /opt/airflow/dags/initial_load_dag.py for tasks to queue
[2025-08-03T12:28:27.557+0000] {logging_mixin.py:151} INFO - [2025-08-03T12:28:27.557+0000] {dagbag.py:539} INFO - Filling up the DagBag from /opt/airflow/dags/initial_load_dag.py
[2025-08-03T12:28:27.753+0000] {processor.py:839} INFO - DAG(s) dict_keys(['initial_load_pipeline']) retrieved from /opt/airflow/dags/initial_load_dag.py
[2025-08-03T12:28:27.766+0000] {logging_mixin.py:151} INFO - [2025-08-03T12:28:27.766+0000] {dag.py:2915} INFO - Sync 1 DAGs
[2025-08-03T12:28:27.772+0000] {logging_mixin.py:151} INFO - [2025-08-03T12:28:27.772+0000] {dag.py:3696} INFO - Setting next_dagrun for initial_load_pipeline to None, run_after=None
[2025-08-03T12:28:27.780+0000] {processor.py:179} INFO - Processing /opt/airflow/dags/initial_load_dag.py took 0.231 seconds
[2025-08-03T12:28:58.149+0000] {processor.py:157} INFO - Started process (PID=714) to work on /opt/airflow/dags/initial_load_dag.py
[2025-08-03T12:28:58.151+0000] {processor.py:829} INFO - Processing file /opt/airflow/dags/initial_load_dag.py for tasks to queue
[2025-08-03T12:28:58.153+0000] {logging_mixin.py:151} INFO - [2025-08-03T12:28:58.153+0000] {dagbag.py:539} INFO - Filling up the DagBag from /opt/airflow/dags/initial_load_dag.py
[2025-08-03T12:28:58.349+0000] {processor.py:839} INFO - DAG(s) dict_keys(['initial_load_pipeline']) retrieved from /opt/airflow/dags/initial_load_dag.py
[2025-08-03T12:28:58.369+0000] {logging_mixin.py:151} INFO - [2025-08-03T12:28:58.369+0000] {dag.py:2915} INFO - Sync 1 DAGs
[2025-08-03T12:28:58.375+0000] {logging_mixin.py:151} INFO - [2025-08-03T12:28:58.375+0000] {dag.py:3696} INFO - Setting next_dagrun for initial_load_pipeline to None, run_after=None
[2025-08-03T12:28:58.384+0000] {processor.py:179} INFO - Processing /opt/airflow/dags/initial_load_dag.py took 0.240 seconds
[2025-08-03T12:29:28.758+0000] {processor.py:157} INFO - Started process (PID=724) to work on /opt/airflow/dags/initial_load_dag.py
[2025-08-03T12:29:28.762+0000] {processor.py:829} INFO - Processing file /opt/airflow/dags/initial_load_dag.py for tasks to queue
[2025-08-03T12:29:28.764+0000] {logging_mixin.py:151} INFO - [2025-08-03T12:29:28.764+0000] {dagbag.py:539} INFO - Filling up the DagBag from /opt/airflow/dags/initial_load_dag.py
[2025-08-03T12:29:28.960+0000] {processor.py:839} INFO - DAG(s) dict_keys(['initial_load_pipeline']) retrieved from /opt/airflow/dags/initial_load_dag.py
[2025-08-03T12:29:28.973+0000] {logging_mixin.py:151} INFO - [2025-08-03T12:29:28.973+0000] {dag.py:2915} INFO - Sync 1 DAGs
[2025-08-03T12:29:28.978+0000] {logging_mixin.py:151} INFO - [2025-08-03T12:29:28.978+0000] {dag.py:3696} INFO - Setting next_dagrun for initial_load_pipeline to None, run_after=None
[2025-08-03T12:29:28.987+0000] {processor.py:179} INFO - Processing /opt/airflow/dags/initial_load_dag.py took 0.231 seconds
[2025-08-03T12:29:59.287+0000] {processor.py:157} INFO - Started process (PID=734) to work on /opt/airflow/dags/initial_load_dag.py
[2025-08-03T12:29:59.290+0000] {processor.py:829} INFO - Processing file /opt/airflow/dags/initial_load_dag.py for tasks to queue
[2025-08-03T12:29:59.293+0000] {logging_mixin.py:151} INFO - [2025-08-03T12:29:59.293+0000] {dagbag.py:539} INFO - Filling up the DagBag from /opt/airflow/dags/initial_load_dag.py
[2025-08-03T12:29:59.489+0000] {processor.py:839} INFO - DAG(s) dict_keys(['initial_load_pipeline']) retrieved from /opt/airflow/dags/initial_load_dag.py
[2025-08-03T12:29:59.503+0000] {logging_mixin.py:151} INFO - [2025-08-03T12:29:59.502+0000] {dag.py:2915} INFO - Sync 1 DAGs
[2025-08-03T12:29:59.509+0000] {logging_mixin.py:151} INFO - [2025-08-03T12:29:59.509+0000] {dag.py:3696} INFO - Setting next_dagrun for initial_load_pipeline to None, run_after=None
[2025-08-03T12:29:59.517+0000] {processor.py:179} INFO - Processing /opt/airflow/dags/initial_load_dag.py took 0.232 seconds
[2025-08-03T12:30:29.898+0000] {processor.py:157} INFO - Started process (PID=744) to work on /opt/airflow/dags/initial_load_dag.py
[2025-08-03T12:30:29.902+0000] {processor.py:829} INFO - Processing file /opt/airflow/dags/initial_load_dag.py for tasks to queue
[2025-08-03T12:30:29.906+0000] {logging_mixin.py:151} INFO - [2025-08-03T12:30:29.906+0000] {dagbag.py:539} INFO - Filling up the DagBag from /opt/airflow/dags/initial_load_dag.py
[2025-08-03T12:30:30.099+0000] {processor.py:839} INFO - DAG(s) dict_keys(['initial_load_pipeline']) retrieved from /opt/airflow/dags/initial_load_dag.py
[2025-08-03T12:30:30.113+0000] {logging_mixin.py:151} INFO - [2025-08-03T12:30:30.113+0000] {dag.py:2915} INFO - Sync 1 DAGs
[2025-08-03T12:30:30.119+0000] {logging_mixin.py:151} INFO - [2025-08-03T12:30:30.118+0000] {dag.py:3696} INFO - Setting next_dagrun for initial_load_pipeline to None, run_after=None
[2025-08-03T12:30:30.127+0000] {processor.py:179} INFO - Processing /opt/airflow/dags/initial_load_dag.py took 0.233 seconds
[2025-08-03T12:31:00.432+0000] {processor.py:157} INFO - Started process (PID=754) to work on /opt/airflow/dags/initial_load_dag.py
[2025-08-03T12:31:00.432+0000] {processor.py:829} INFO - Processing file /opt/airflow/dags/initial_load_dag.py for tasks to queue
[2025-08-03T12:31:00.434+0000] {logging_mixin.py:151} INFO - [2025-08-03T12:31:00.434+0000] {dagbag.py:539} INFO - Filling up the DagBag from /opt/airflow/dags/initial_load_dag.py
[2025-08-03T12:31:00.633+0000] {processor.py:839} INFO - DAG(s) dict_keys(['initial_load_pipeline']) retrieved from /opt/airflow/dags/initial_load_dag.py
[2025-08-03T12:31:00.648+0000] {logging_mixin.py:151} INFO - [2025-08-03T12:31:00.648+0000] {dag.py:2915} INFO - Sync 1 DAGs
[2025-08-03T12:31:00.654+0000] {logging_mixin.py:151} INFO - [2025-08-03T12:31:00.654+0000] {dag.py:3696} INFO - Setting next_dagrun for initial_load_pipeline to None, run_after=None
[2025-08-03T12:31:00.664+0000] {processor.py:179} INFO - Processing /opt/airflow/dags/initial_load_dag.py took 0.234 seconds
[2025-08-03T12:31:30.946+0000] {processor.py:157} INFO - Started process (PID=764) to work on /opt/airflow/dags/initial_load_dag.py
[2025-08-03T12:31:30.946+0000] {processor.py:829} INFO - Processing file /opt/airflow/dags/initial_load_dag.py for tasks to queue
[2025-08-03T12:31:30.949+0000] {logging_mixin.py:151} INFO - [2025-08-03T12:31:30.949+0000] {dagbag.py:539} INFO - Filling up the DagBag from /opt/airflow/dags/initial_load_dag.py
[2025-08-03T12:31:31.172+0000] {processor.py:839} INFO - DAG(s) dict_keys(['initial_load_pipeline']) retrieved from /opt/airflow/dags/initial_load_dag.py
[2025-08-03T12:31:31.189+0000] {logging_mixin.py:151} INFO - [2025-08-03T12:31:31.189+0000] {dag.py:2915} INFO - Sync 1 DAGs
[2025-08-03T12:31:31.197+0000] {logging_mixin.py:151} INFO - [2025-08-03T12:31:31.197+0000] {dag.py:3696} INFO - Setting next_dagrun for initial_load_pipeline to None, run_after=None
[2025-08-03T12:31:31.207+0000] {processor.py:179} INFO - Processing /opt/airflow/dags/initial_load_dag.py took 0.264 seconds
[2025-08-03T12:32:01.508+0000] {processor.py:157} INFO - Started process (PID=774) to work on /opt/airflow/dags/initial_load_dag.py
[2025-08-03T12:32:01.509+0000] {processor.py:829} INFO - Processing file /opt/airflow/dags/initial_load_dag.py for tasks to queue
[2025-08-03T12:32:01.510+0000] {logging_mixin.py:151} INFO - [2025-08-03T12:32:01.510+0000] {dagbag.py:539} INFO - Filling up the DagBag from /opt/airflow/dags/initial_load_dag.py
[2025-08-03T12:32:01.716+0000] {processor.py:839} INFO - DAG(s) dict_keys(['initial_load_pipeline']) retrieved from /opt/airflow/dags/initial_load_dag.py
[2025-08-03T12:32:01.731+0000] {logging_mixin.py:151} INFO - [2025-08-03T12:32:01.731+0000] {dag.py:2915} INFO - Sync 1 DAGs
[2025-08-03T12:32:01.737+0000] {logging_mixin.py:151} INFO - [2025-08-03T12:32:01.737+0000] {dag.py:3696} INFO - Setting next_dagrun for initial_load_pipeline to None, run_after=None
[2025-08-03T12:32:01.746+0000] {processor.py:179} INFO - Processing /opt/airflow/dags/initial_load_dag.py took 0.240 seconds
[2025-08-03T12:33:35.467+0000] {processor.py:157} INFO - Started process (PID=30) to work on /opt/airflow/dags/initial_load_dag.py
[2025-08-03T12:33:35.468+0000] {processor.py:829} INFO - Processing file /opt/airflow/dags/initial_load_dag.py for tasks to queue
[2025-08-03T12:33:35.473+0000] {logging_mixin.py:151} INFO - [2025-08-03T12:33:35.472+0000] {dagbag.py:539} INFO - Filling up the DagBag from /opt/airflow/dags/initial_load_dag.py
[2025-08-03T12:33:36.338+0000] {processor.py:839} INFO - DAG(s) dict_keys(['initial_load_pipeline']) retrieved from /opt/airflow/dags/initial_load_dag.py
[2025-08-03T12:33:36.462+0000] {logging_mixin.py:151} INFO - [2025-08-03T12:33:36.462+0000] {manager.py:499} INFO - Created Permission View: %s
[2025-08-03T12:33:36.468+0000] {logging_mixin.py:151} INFO - [2025-08-03T12:33:36.468+0000] {manager.py:499} INFO - Created Permission View: %s
[2025-08-03T12:33:36.471+0000] {logging_mixin.py:151} INFO - [2025-08-03T12:33:36.471+0000] {manager.py:499} INFO - Created Permission View: %s
[2025-08-03T12:33:36.471+0000] {logging_mixin.py:151} INFO - [2025-08-03T12:33:36.471+0000] {security.py:708} INFO - Not syncing DAG-level permissions for DAG 'DAG:initial_load_pipeline' as access control is unset.
[2025-08-03T12:33:36.472+0000] {logging_mixin.py:151} INFO - [2025-08-03T12:33:36.472+0000] {dag.py:2915} INFO - Sync 1 DAGs
[2025-08-03T12:33:36.477+0000] {logging_mixin.py:151} INFO - [2025-08-03T12:33:36.477+0000] {dag.py:2937} INFO - Creating ORM DAG for initial_load_pipeline
[2025-08-03T12:33:36.477+0000] {logging_mixin.py:151} INFO - [2025-08-03T12:33:36.477+0000] {dag.py:3696} INFO - Setting next_dagrun for initial_load_pipeline to None, run_after=None
[2025-08-03T12:33:36.491+0000] {processor.py:179} INFO - Processing /opt/airflow/dags/initial_load_dag.py took 1.026 seconds
[2025-08-03T12:34:06.728+0000] {processor.py:157} INFO - Started process (PID=40) to work on /opt/airflow/dags/initial_load_dag.py
[2025-08-03T12:34:06.729+0000] {processor.py:829} INFO - Processing file /opt/airflow/dags/initial_load_dag.py for tasks to queue
[2025-08-03T12:34:06.730+0000] {logging_mixin.py:151} INFO - [2025-08-03T12:34:06.730+0000] {dagbag.py:539} INFO - Filling up the DagBag from /opt/airflow/dags/initial_load_dag.py
[2025-08-03T12:34:07.036+0000] {processor.py:839} INFO - DAG(s) dict_keys(['initial_load_pipeline']) retrieved from /opt/airflow/dags/initial_load_dag.py
[2025-08-03T12:34:07.050+0000] {logging_mixin.py:151} INFO - [2025-08-03T12:34:07.050+0000] {dag.py:2915} INFO - Sync 1 DAGs
[2025-08-03T12:34:07.115+0000] {logging_mixin.py:151} INFO - [2025-08-03T12:34:07.115+0000] {dag.py:3696} INFO - Setting next_dagrun for initial_load_pipeline to None, run_after=None
[2025-08-03T12:34:07.142+0000] {processor.py:179} INFO - Processing /opt/airflow/dags/initial_load_dag.py took 0.417 seconds
[2025-08-03T12:34:37.502+0000] {processor.py:157} INFO - Started process (PID=50) to work on /opt/airflow/dags/initial_load_dag.py
[2025-08-03T12:34:37.508+0000] {processor.py:829} INFO - Processing file /opt/airflow/dags/initial_load_dag.py for tasks to queue
[2025-08-03T12:34:37.511+0000] {logging_mixin.py:151} INFO - [2025-08-03T12:34:37.511+0000] {dagbag.py:539} INFO - Filling up the DagBag from /opt/airflow/dags/initial_load_dag.py
[2025-08-03T12:34:37.805+0000] {processor.py:839} INFO - DAG(s) dict_keys(['initial_load_pipeline']) retrieved from /opt/airflow/dags/initial_load_dag.py
[2025-08-03T12:34:37.818+0000] {logging_mixin.py:151} INFO - [2025-08-03T12:34:37.817+0000] {dag.py:2915} INFO - Sync 1 DAGs
[2025-08-03T12:34:37.822+0000] {logging_mixin.py:151} INFO - [2025-08-03T12:34:37.822+0000] {dag.py:3696} INFO - Setting next_dagrun for initial_load_pipeline to None, run_after=None
[2025-08-03T12:34:37.831+0000] {processor.py:179} INFO - Processing /opt/airflow/dags/initial_load_dag.py took 0.331 seconds
[2025-08-03T12:35:08.099+0000] {processor.py:157} INFO - Started process (PID=60) to work on /opt/airflow/dags/initial_load_dag.py
[2025-08-03T12:35:08.100+0000] {processor.py:829} INFO - Processing file /opt/airflow/dags/initial_load_dag.py for tasks to queue
[2025-08-03T12:35:08.103+0000] {logging_mixin.py:151} INFO - [2025-08-03T12:35:08.102+0000] {dagbag.py:539} INFO - Filling up the DagBag from /opt/airflow/dags/initial_load_dag.py
[2025-08-03T12:35:08.383+0000] {processor.py:839} INFO - DAG(s) dict_keys(['initial_load_pipeline']) retrieved from /opt/airflow/dags/initial_load_dag.py
[2025-08-03T12:35:08.396+0000] {logging_mixin.py:151} INFO - [2025-08-03T12:35:08.396+0000] {dag.py:2915} INFO - Sync 1 DAGs
[2025-08-03T12:35:08.401+0000] {logging_mixin.py:151} INFO - [2025-08-03T12:35:08.401+0000] {dag.py:3696} INFO - Setting next_dagrun for initial_load_pipeline to None, run_after=None
[2025-08-03T12:35:08.409+0000] {processor.py:179} INFO - Processing /opt/airflow/dags/initial_load_dag.py took 0.312 seconds
[2025-08-03T12:35:38.769+0000] {processor.py:157} INFO - Started process (PID=70) to work on /opt/airflow/dags/initial_load_dag.py
[2025-08-03T12:35:38.770+0000] {processor.py:829} INFO - Processing file /opt/airflow/dags/initial_load_dag.py for tasks to queue
[2025-08-03T12:35:38.771+0000] {logging_mixin.py:151} INFO - [2025-08-03T12:35:38.771+0000] {dagbag.py:539} INFO - Filling up the DagBag from /opt/airflow/dags/initial_load_dag.py
[2025-08-03T12:35:38.975+0000] {processor.py:839} INFO - DAG(s) dict_keys(['initial_load_pipeline']) retrieved from /opt/airflow/dags/initial_load_dag.py
[2025-08-03T12:35:38.990+0000] {logging_mixin.py:151} INFO - [2025-08-03T12:35:38.990+0000] {dag.py:2915} INFO - Sync 1 DAGs
[2025-08-03T12:35:38.997+0000] {logging_mixin.py:151} INFO - [2025-08-03T12:35:38.997+0000] {dag.py:3696} INFO - Setting next_dagrun for initial_load_pipeline to None, run_after=None
[2025-08-03T12:35:39.006+0000] {processor.py:179} INFO - Processing /opt/airflow/dags/initial_load_dag.py took 0.239 seconds
[2025-08-03T12:36:09.231+0000] {processor.py:157} INFO - Started process (PID=80) to work on /opt/airflow/dags/initial_load_dag.py
[2025-08-03T12:36:09.231+0000] {processor.py:829} INFO - Processing file /opt/airflow/dags/initial_load_dag.py for tasks to queue
[2025-08-03T12:36:09.233+0000] {logging_mixin.py:151} INFO - [2025-08-03T12:36:09.232+0000] {dagbag.py:539} INFO - Filling up the DagBag from /opt/airflow/dags/initial_load_dag.py
[2025-08-03T12:36:09.437+0000] {processor.py:839} INFO - DAG(s) dict_keys(['initial_load_pipeline']) retrieved from /opt/airflow/dags/initial_load_dag.py
[2025-08-03T12:36:09.454+0000] {logging_mixin.py:151} INFO - [2025-08-03T12:36:09.454+0000] {dag.py:2915} INFO - Sync 1 DAGs
[2025-08-03T12:36:09.461+0000] {logging_mixin.py:151} INFO - [2025-08-03T12:36:09.461+0000] {dag.py:3696} INFO - Setting next_dagrun for initial_load_pipeline to None, run_after=None
[2025-08-03T12:36:09.471+0000] {processor.py:179} INFO - Processing /opt/airflow/dags/initial_load_dag.py took 0.243 seconds
[2025-08-03T12:36:39.740+0000] {processor.py:157} INFO - Started process (PID=90) to work on /opt/airflow/dags/initial_load_dag.py
[2025-08-03T12:36:39.743+0000] {processor.py:829} INFO - Processing file /opt/airflow/dags/initial_load_dag.py for tasks to queue
[2025-08-03T12:36:39.744+0000] {logging_mixin.py:151} INFO - [2025-08-03T12:36:39.744+0000] {dagbag.py:539} INFO - Filling up the DagBag from /opt/airflow/dags/initial_load_dag.py
[2025-08-03T12:36:39.983+0000] {processor.py:839} INFO - DAG(s) dict_keys(['initial_load_pipeline']) retrieved from /opt/airflow/dags/initial_load_dag.py
[2025-08-03T12:36:40.001+0000] {logging_mixin.py:151} INFO - [2025-08-03T12:36:40.001+0000] {dag.py:2915} INFO - Sync 1 DAGs
[2025-08-03T12:36:40.008+0000] {logging_mixin.py:151} INFO - [2025-08-03T12:36:40.007+0000] {dag.py:3696} INFO - Setting next_dagrun for initial_load_pipeline to None, run_after=None
[2025-08-03T12:36:40.019+0000] {processor.py:179} INFO - Processing /opt/airflow/dags/initial_load_dag.py took 0.281 seconds
